2023-03-21 11:08:11 - App - INFO - Launching...
2023-03-21 11:08:11 - PIL.PngImagePlugin - DEBUG - STREAM b'IHDR' 16 13
2023-03-21 11:08:11 - PIL.PngImagePlugin - DEBUG - STREAM b'IDAT' 41 32768
2023-03-21 11:08:13 - google.auth.transport.requests - DEBUG - Making request: POST https://oauth2.googleapis.com/token
2023-03-21 11:08:13 - urllib3.connectionpool - DEBUG - Starting new HTTPS connection (1): oauth2.googleapis.com:443
2023-03-21 11:08:13 - urllib3.connectionpool - DEBUG - https://oauth2.googleapis.com:443 "POST /token HTTP/1.1" 200 None
2023-03-21 11:08:13 - googleapiclient.discovery_cache - INFO - file_cache is only supported with oauth2client<4.0.0
2023-03-21 11:08:13 - googleapiclient.discovery - DEBUG - URL being requested: GET https://www.googleapis.com/drive/v3/files?spaces=appDataFolder&fields=nextPageToken%2C+files%28id%2C+name%29&pageSize=10&alt=json
2023-03-21 11:08:13 - googleapiclient.discovery - DEBUG - URL being requested: GET https://www.googleapis.com/drive/v3/files/1A7jERsQWFuthP96y0f9hTHwVzAAVrqBtw7ikNzcWpHJON7XB6w?alt=media
2023-03-21 11:08:14 - App - INFO - (Main menu)
2023-03-21 11:08:14 - App - INFO - (Credits menu)
2023-03-21 11:08:14 - App - INFO - Switched to settings menu
2023-03-21 11:08:14 - App - INFO - Switched to cards menu
2023-03-21 11:08:14 - App - INFO - (Cards description window)
2023-03-21 11:08:31 - App - INFO - End of the program
--------------------------------------------------------------
2023-03-21 11:10:48 - App - INFO - Launching...
2023-03-21 11:10:48 - PIL.PngImagePlugin - DEBUG - STREAM b'IHDR' 16 13
2023-03-21 11:10:48 - PIL.PngImagePlugin - DEBUG - STREAM b'IDAT' 41 32768
2023-03-21 11:10:49 - googleapiclient.discovery_cache - INFO - file_cache is only supported with oauth2client<4.0.0
2023-03-21 11:10:49 - googleapiclient.discovery - DEBUG - URL being requested: GET https://www.googleapis.com/drive/v3/files?spaces=appDataFolder&fields=nextPageToken%2C+files%28id%2C+name%29&pageSize=10&alt=json
2023-03-21 11:10:50 - googleapiclient.discovery - DEBUG - URL being requested: GET https://www.googleapis.com/drive/v3/files/1A7jERsQWFuthP96y0f9hTHwVzAAVrqBtw7ikNzcWpHJON7XB6w?alt=media
2023-03-21 11:10:51 - App - INFO - (Main menu)
2023-03-21 11:10:51 - App - INFO - (Credits menu)
2023-03-21 11:10:51 - App - INFO - Switched to settings menu
2023-03-21 11:10:51 - App - INFO - Switched to cards menu
2023-03-21 11:10:51 - PIL.Image - DEBUG - Importing BlpImagePlugin
2023-03-21 11:10:51 - PIL.Image - DEBUG - Importing BmpImagePlugin
2023-03-21 11:10:51 - PIL.Image - DEBUG - Importing BufrStubImagePlugin
2023-03-21 11:10:51 - PIL.Image - DEBUG - Importing CurImagePlugin
2023-03-21 11:10:51 - PIL.Image - DEBUG - Importing DcxImagePlugin
2023-03-21 11:10:51 - PIL.Image - DEBUG - Importing DdsImagePlugin
2023-03-21 11:10:51 - PIL.Image - DEBUG - Importing EpsImagePlugin
2023-03-21 11:10:51 - PIL.Image - DEBUG - Importing FitsImagePlugin
2023-03-21 11:10:51 - PIL.Image - DEBUG - Importing FitsStubImagePlugin
2023-03-21 11:10:51 - PIL.Image - DEBUG - Importing FliImagePlugin
2023-03-21 11:10:51 - PIL.Image - DEBUG - Importing FpxImagePlugin
2023-03-21 11:10:51 - PIL.Image - DEBUG - Image: failed to import FpxImagePlugin: No module named 'olefile'
2023-03-21 11:10:51 - PIL.Image - DEBUG - Importing FtexImagePlugin
2023-03-21 11:10:51 - PIL.Image - DEBUG - Importing GbrImagePlugin
2023-03-21 11:10:51 - PIL.Image - DEBUG - Importing GifImagePlugin
2023-03-21 11:10:51 - PIL.Image - DEBUG - Importing GribStubImagePlugin
2023-03-21 11:10:51 - PIL.Image - DEBUG - Importing Hdf5StubImagePlugin
2023-03-21 11:10:51 - PIL.Image - DEBUG - Importing IcnsImagePlugin
2023-03-21 11:10:51 - PIL.Image - DEBUG - Importing IcoImagePlugin
2023-03-21 11:10:51 - PIL.Image - DEBUG - Importing ImImagePlugin
2023-03-21 11:10:51 - PIL.Image - DEBUG - Importing ImtImagePlugin
2023-03-21 11:10:51 - PIL.Image - DEBUG - Importing IptcImagePlugin
2023-03-21 11:10:51 - PIL.Image - DEBUG - Importing JpegImagePlugin
2023-03-21 11:10:51 - PIL.Image - DEBUG - Importing Jpeg2KImagePlugin
2023-03-21 11:10:51 - PIL.Image - DEBUG - Importing McIdasImagePlugin
2023-03-21 11:10:51 - PIL.Image - DEBUG - Importing MicImagePlugin
2023-03-21 11:10:51 - PIL.Image - DEBUG - Image: failed to import MicImagePlugin: No module named 'olefile'
2023-03-21 11:10:51 - PIL.Image - DEBUG - Importing MpegImagePlugin
2023-03-21 11:10:51 - PIL.Image - DEBUG - Importing MpoImagePlugin
2023-03-21 11:10:51 - PIL.Image - DEBUG - Importing MspImagePlugin
2023-03-21 11:10:51 - PIL.Image - DEBUG - Importing PalmImagePlugin
2023-03-21 11:10:51 - PIL.Image - DEBUG - Importing PcdImagePlugin
2023-03-21 11:10:51 - PIL.Image - DEBUG - Importing PcxImagePlugin
2023-03-21 11:10:51 - PIL.Image - DEBUG - Importing PdfImagePlugin
2023-03-21 11:10:51 - PIL.Image - DEBUG - Importing PixarImagePlugin
2023-03-21 11:10:51 - PIL.Image - DEBUG - Importing PngImagePlugin
2023-03-21 11:10:51 - PIL.Image - DEBUG - Importing PpmImagePlugin
2023-03-21 11:10:51 - PIL.Image - DEBUG - Importing PsdImagePlugin
2023-03-21 11:10:51 - PIL.Image - DEBUG - Importing SgiImagePlugin
2023-03-21 11:10:51 - PIL.Image - DEBUG - Importing SpiderImagePlugin
2023-03-21 11:10:51 - PIL.Image - DEBUG - Importing SunImagePlugin
2023-03-21 11:10:51 - PIL.Image - DEBUG - Importing TgaImagePlugin
2023-03-21 11:10:51 - PIL.Image - DEBUG - Importing TiffImagePlugin
2023-03-21 11:10:51 - PIL.Image - DEBUG - Importing WebPImagePlugin
2023-03-21 11:10:51 - PIL.Image - DEBUG - Importing WmfImagePlugin
2023-03-21 11:10:51 - PIL.Image - DEBUG - Importing XbmImagePlugin
2023-03-21 11:10:51 - PIL.Image - DEBUG - Importing XpmImagePlugin
2023-03-21 11:10:51 - PIL.Image - DEBUG - Importing XVThumbImagePlugin
2023-03-21 11:10:56 - App - INFO - End of the program
--------------------------------------------------------------
