2023-03-19 11:23:17 - App - INFO - Launching...
2023-03-19 11:23:18 - PIL.PngImagePlugin - DEBUG - STREAM b'IHDR' 16 13
2023-03-19 11:23:18 - PIL.PngImagePlugin - DEBUG - STREAM b'IDAT' 41 32768
2023-03-19 11:23:21 - App - INFO - (Main menu)
2023-03-19 11:23:21 - App - INFO - (Credits menu)
2023-03-19 11:23:21 - App - INFO - Switched to settings menu
2023-03-19 11:23:21 - App - INFO - Switched to cards menu
2023-03-19 11:23:30 - App - INFO - End of the program
--------------------------------------------------------------
2023-03-19 12:50:12 - App - INFO - Launching...
2023-03-19 12:50:12 - PIL.PngImagePlugin - DEBUG - STREAM b'IHDR' 16 13
2023-03-19 12:50:12 - PIL.PngImagePlugin - DEBUG - STREAM b'IDAT' 41 32768
2023-03-19 12:50:15 - App - INFO - (Main menu)
2023-03-19 12:50:15 - App - INFO - (Credits menu)
2023-03-19 12:50:15 - App - INFO - Switched to settings menu
2023-03-19 12:50:15 - App - INFO - Switched to cards menu
2023-03-19 12:50:18 - App - INFO - End of the program
--------------------------------------------------------------
2023-03-19 12:50:48 - App - INFO - Launching...
2023-03-19 12:50:48 - PIL.PngImagePlugin - DEBUG - STREAM b'IHDR' 16 13
2023-03-19 12:50:48 - PIL.PngImagePlugin - DEBUG - STREAM b'IDAT' 41 32768
2023-03-19 12:50:52 - App - INFO - (Main menu)
2023-03-19 12:50:52 - App - INFO - (Credits menu)
2023-03-19 12:50:52 - App - INFO - Switched to settings menu
2023-03-19 12:50:52 - App - INFO - Switched to cards menu
2023-03-19 12:50:54 - App - INFO - End of the program
--------------------------------------------------------------
2023-03-19 12:51:19 - App - INFO - Launching...
2023-03-19 12:51:19 - PIL.PngImagePlugin - DEBUG - STREAM b'IHDR' 16 13
2023-03-19 12:51:19 - PIL.PngImagePlugin - DEBUG - STREAM b'IDAT' 41 32768
2023-03-19 12:51:23 - App - INFO - (Main menu)
2023-03-19 12:51:23 - App - INFO - (Credits menu)
2023-03-19 12:51:23 - App - INFO - Switched to settings menu
2023-03-19 12:51:23 - App - INFO - Switched to cards menu
2023-03-19 12:51:36 - App - INFO - End of the program
--------------------------------------------------------------
2023-03-19 01:27:14 - App - INFO - Launching...
2023-03-19 01:27:14 - PIL.PngImagePlugin - DEBUG - STREAM b'IHDR' 16 13
2023-03-19 01:27:14 - PIL.PngImagePlugin - DEBUG - STREAM b'IDAT' 41 32768
2023-03-19 01:27:18 - App - INFO - (Main menu)
2023-03-19 01:27:18 - App - INFO - (Credits menu)
2023-03-19 01:27:18 - App - INFO - Switched to settings menu
2023-03-19 01:27:18 - App - INFO - Switched to cards menu
2023-03-19 01:29:00 - App - INFO - End of the program
--------------------------------------------------------------
2023-03-19 01:32:24 - App - INFO - Launching...
2023-03-19 01:32:25 - PIL.PngImagePlugin - DEBUG - STREAM b'IHDR' 16 13
2023-03-19 01:32:25 - PIL.PngImagePlugin - DEBUG - STREAM b'IDAT' 41 32768
2023-03-19 01:32:28 - App - INFO - (Main menu)
2023-03-19 01:32:28 - App - INFO - (Credits menu)
2023-03-19 01:32:28 - App - INFO - Switched to settings menu
2023-03-19 01:32:28 - App - INFO - Switched to cards menu
2023-03-19 01:32:35 - App - INFO - End of the program
--------------------------------------------------------------
2023-03-19 01:32:57 - App - INFO - Launching...
2023-03-19 01:32:57 - PIL.PngImagePlugin - DEBUG - STREAM b'IHDR' 16 13
2023-03-19 01:32:57 - PIL.PngImagePlugin - DEBUG - STREAM b'IDAT' 41 32768
2023-03-19 01:33:01 - App - INFO - (Main menu)
2023-03-19 01:33:01 - App - INFO - (Credits menu)
2023-03-19 01:33:01 - App - INFO - Switched to settings menu
2023-03-19 01:33:01 - App - INFO - Switched to cards menu
2023-03-19 01:33:19 - App - INFO - End of the program
--------------------------------------------------------------
2023-03-19 01:37:28 - App - INFO - Launching...
2023-03-19 01:37:28 - PIL.PngImagePlugin - DEBUG - STREAM b'IHDR' 16 13
2023-03-19 01:37:28 - PIL.PngImagePlugin - DEBUG - STREAM b'IDAT' 41 32768
2023-03-19 01:37:31 - App - INFO - (Main menu)
2023-03-19 01:37:31 - App - INFO - (Credits menu)
2023-03-19 01:37:31 - App - INFO - Switched to settings menu
2023-03-19 01:37:31 - App - INFO - Switched to cards menu
2023-03-19 01:37:37 - App - INFO - End of the program
--------------------------------------------------------------
2023-03-19 01:37:48 - App - INFO - Launching...
2023-03-19 01:37:48 - PIL.PngImagePlugin - DEBUG - STREAM b'IHDR' 16 13
2023-03-19 01:37:48 - PIL.PngImagePlugin - DEBUG - STREAM b'IDAT' 41 32768
2023-03-19 01:37:51 - App - INFO - (Main menu)
2023-03-19 01:37:52 - App - INFO - (Credits menu)
2023-03-19 01:37:52 - App - INFO - Switched to settings menu
2023-03-19 01:37:52 - App - INFO - Switched to cards menu
2023-03-19 01:37:57 - App - INFO - End of the program
--------------------------------------------------------------
2023-03-19 01:40:25 - App - INFO - Launching...
2023-03-19 01:40:26 - PIL.PngImagePlugin - DEBUG - STREAM b'IHDR' 16 13
2023-03-19 01:40:26 - PIL.PngImagePlugin - DEBUG - STREAM b'IDAT' 41 32768
2023-03-19 01:40:29 - App - INFO - (Main menu)
2023-03-19 01:40:29 - App - INFO - (Credits menu)
2023-03-19 01:40:29 - App - INFO - Switched to settings menu
2023-03-19 01:40:29 - App - INFO - Switched to cards menu
2023-03-19 01:41:30 - App - INFO - End of the program
--------------------------------------------------------------
2023-03-19 01:43:00 - App - INFO - Launching...
2023-03-19 01:43:00 - PIL.PngImagePlugin - DEBUG - STREAM b'IHDR' 16 13
2023-03-19 01:43:00 - PIL.PngImagePlugin - DEBUG - STREAM b'IDAT' 41 32768
2023-03-19 01:43:04 - App - INFO - (Main menu)
2023-03-19 01:43:04 - App - INFO - (Credits menu)
2023-03-19 01:43:04 - App - INFO - Switched to settings menu
2023-03-19 01:43:04 - App - INFO - Switched to cards menu
2023-03-19 01:43:31 - App - INFO - End of the program
--------------------------------------------------------------
2023-03-19 01:43:49 - App - INFO - Launching...
2023-03-19 01:43:50 - PIL.PngImagePlugin - DEBUG - STREAM b'IHDR' 16 13
2023-03-19 01:43:50 - PIL.PngImagePlugin - DEBUG - STREAM b'IDAT' 41 32768
2023-03-19 01:43:54 - App - INFO - (Main menu)
2023-03-19 01:43:54 - App - INFO - (Credits menu)
2023-03-19 01:43:54 - App - INFO - Switched to settings menu
2023-03-19 01:43:54 - App - INFO - Switched to cards menu
2023-03-19 01:44:13 - App - INFO - End of the program
--------------------------------------------------------------
2023-03-19 01:44:35 - App - INFO - Launching...
2023-03-19 01:44:35 - PIL.PngImagePlugin - DEBUG - STREAM b'IHDR' 16 13
2023-03-19 01:44:35 - PIL.PngImagePlugin - DEBUG - STREAM b'IDAT' 41 32768
2023-03-19 01:44:39 - App - INFO - (Main menu)
2023-03-19 01:44:39 - App - INFO - (Credits menu)
2023-03-19 01:44:39 - App - INFO - Switched to settings menu
2023-03-19 01:44:39 - App - INFO - Switched to cards menu
2023-03-19 01:45:40 - App - INFO - End of the program
--------------------------------------------------------------
2023-03-19 01:51:33 - App - INFO - Launching...
2023-03-19 01:51:34 - PIL.PngImagePlugin - DEBUG - STREAM b'IHDR' 16 13
2023-03-19 01:51:34 - PIL.PngImagePlugin - DEBUG - STREAM b'IDAT' 41 32768
2023-03-19 01:51:37 - App - INFO - (Main menu)
2023-03-19 01:51:37 - App - INFO - (Credits menu)
2023-03-19 01:51:37 - App - INFO - Switched to settings menu
2023-03-19 01:51:37 - App - INFO - Switched to cards menu
2023-03-19 01:51:42 - App - INFO - End of the program
--------------------------------------------------------------
2023-03-19 02:28:43 - App - INFO - Launching...
2023-03-19 02:28:43 - PIL.PngImagePlugin - DEBUG - STREAM b'IHDR' 16 13
2023-03-19 02:28:43 - PIL.PngImagePlugin - DEBUG - STREAM b'IDAT' 41 32768
2023-03-19 02:28:47 - App - INFO - (Main menu)
2023-03-19 02:28:47 - App - INFO - (Credits menu)
2023-03-19 02:28:47 - App - INFO - Switched to settings menu
2023-03-19 02:28:47 - App - INFO - Switched to cards menu
2023-03-19 02:28:51 - App - INFO - End of the program
--------------------------------------------------------------
2023-03-19 02:29:13 - App - INFO - Launching...
2023-03-19 02:29:13 - PIL.PngImagePlugin - DEBUG - STREAM b'IHDR' 16 13
2023-03-19 02:29:13 - PIL.PngImagePlugin - DEBUG - STREAM b'IDAT' 41 32768
2023-03-19 02:29:17 - App - INFO - (Main menu)
2023-03-19 02:29:17 - App - INFO - (Credits menu)
2023-03-19 02:29:17 - App - INFO - Switched to settings menu
2023-03-19 02:29:17 - App - INFO - Switched to cards menu
2023-03-19 02:29:20 - App - INFO - End of the program
--------------------------------------------------------------
2023-03-19 02:34:24 - App - INFO - Launching...
2023-03-19 02:34:24 - PIL.PngImagePlugin - DEBUG - STREAM b'IHDR' 16 13
2023-03-19 02:34:24 - PIL.PngImagePlugin - DEBUG - STREAM b'IDAT' 41 32768
2023-03-19 02:34:28 - App - INFO - (Main menu)
2023-03-19 02:34:28 - App - INFO - (Credits menu)
2023-03-19 02:34:28 - App - INFO - Switched to settings menu
2023-03-19 02:34:28 - App - INFO - Switched to cards menu
2023-03-19 02:34:31 - App - INFO - End of the program
--------------------------------------------------------------
2023-03-19 02:43:00 - App - INFO - Launching...
2023-03-19 02:43:00 - PIL.PngImagePlugin - DEBUG - STREAM b'IHDR' 16 13
2023-03-19 02:43:00 - PIL.PngImagePlugin - DEBUG - STREAM b'IDAT' 41 32768
2023-03-19 02:43:03 - App - INFO - (Main menu)
2023-03-19 02:43:03 - App - INFO - (Credits menu)
2023-03-19 02:43:03 - App - INFO - Switched to settings menu
2023-03-19 02:43:03 - App - INFO - Switched to cards menu
2023-03-19 02:43:13 - App - INFO - End of the program
--------------------------------------------------------------
2023-03-19 02:44:00 - App - INFO - Launching...
2023-03-19 02:44:00 - PIL.PngImagePlugin - DEBUG - STREAM b'IHDR' 16 13
2023-03-19 02:44:00 - PIL.PngImagePlugin - DEBUG - STREAM b'IDAT' 41 32768
2023-03-19 02:44:04 - App - INFO - (Main menu)
2023-03-19 02:44:04 - App - INFO - (Credits menu)
2023-03-19 02:44:04 - App - INFO - Switched to settings menu
2023-03-19 02:44:04 - App - INFO - Switched to cards menu
2023-03-19 02:44:15 - App - INFO - End of the program
--------------------------------------------------------------
2023-03-19 02:46:12 - App - INFO - Launching...
2023-03-19 02:46:12 - PIL.PngImagePlugin - DEBUG - STREAM b'IHDR' 16 13
2023-03-19 02:46:12 - PIL.PngImagePlugin - DEBUG - STREAM b'IDAT' 41 32768
2023-03-19 02:46:16 - App - INFO - (Main menu)
2023-03-19 02:46:16 - App - INFO - (Credits menu)
2023-03-19 02:46:16 - App - INFO - Switched to settings menu
2023-03-19 02:46:16 - App - INFO - Switched to cards menu
2023-03-19 02:46:19 - App - INFO - End of the program
--------------------------------------------------------------
2023-03-19 02:46:47 - App - INFO - Launching...
2023-03-19 02:46:47 - PIL.PngImagePlugin - DEBUG - STREAM b'IHDR' 16 13
2023-03-19 02:46:47 - PIL.PngImagePlugin - DEBUG - STREAM b'IDAT' 41 32768
2023-03-19 02:46:51 - App - INFO - (Main menu)
2023-03-19 02:46:51 - App - INFO - (Credits menu)
2023-03-19 02:46:51 - App - INFO - Switched to settings menu
2023-03-19 02:46:51 - App - INFO - Switched to cards menu
2023-03-19 02:46:56 - App - INFO - End of the program
--------------------------------------------------------------
2023-03-19 02:47:35 - App - INFO - Launching...
2023-03-19 02:47:36 - PIL.PngImagePlugin - DEBUG - STREAM b'IHDR' 16 13
2023-03-19 02:47:36 - PIL.PngImagePlugin - DEBUG - STREAM b'IDAT' 41 32768
2023-03-19 02:47:39 - App - INFO - (Main menu)
2023-03-19 02:47:39 - App - INFO - (Credits menu)
2023-03-19 02:47:39 - App - INFO - Switched to settings menu
2023-03-19 02:47:39 - App - INFO - Switched to cards menu
2023-03-19 02:47:42 - App - INFO - End of the program
--------------------------------------------------------------
2023-03-19 02:48:01 - App - INFO - Launching...
2023-03-19 02:48:01 - PIL.PngImagePlugin - DEBUG - STREAM b'IHDR' 16 13
2023-03-19 02:48:01 - PIL.PngImagePlugin - DEBUG - STREAM b'IDAT' 41 32768
2023-03-19 02:48:04 - App - INFO - (Main menu)
2023-03-19 02:48:04 - App - INFO - (Credits menu)
2023-03-19 02:48:04 - App - INFO - Switched to settings menu
2023-03-19 02:48:04 - App - INFO - Switched to cards menu
2023-03-19 02:48:14 - App - INFO - End of the program
--------------------------------------------------------------
2023-03-19 02:51:07 - App - INFO - Launching...
2023-03-19 02:51:07 - PIL.PngImagePlugin - DEBUG - STREAM b'IHDR' 16 13
2023-03-19 02:51:07 - PIL.PngImagePlugin - DEBUG - STREAM b'IDAT' 41 32768
2023-03-19 02:51:10 - App - INFO - (Main menu)
2023-03-19 02:51:10 - App - INFO - (Credits menu)
2023-03-19 02:51:10 - App - INFO - Switched to settings menu
2023-03-19 02:51:10 - App - INFO - Switched to cards menu
2023-03-19 02:51:33 - App - INFO - End of the program
--------------------------------------------------------------
2023-03-19 02:52:18 - App - INFO - Launching...
2023-03-19 02:52:18 - PIL.PngImagePlugin - DEBUG - STREAM b'IHDR' 16 13
2023-03-19 02:52:18 - PIL.PngImagePlugin - DEBUG - STREAM b'IDAT' 41 32768
2023-03-19 02:52:22 - App - INFO - (Main menu)
2023-03-19 02:52:22 - App - INFO - (Credits menu)
2023-03-19 02:52:22 - App - INFO - Switched to settings menu
2023-03-19 02:52:22 - App - INFO - Switched to cards menu
2023-03-19 02:52:25 - App - INFO - End of the program
--------------------------------------------------------------
2023-03-19 02:53:55 - App - INFO - Launching...
2023-03-19 02:53:55 - PIL.PngImagePlugin - DEBUG - STREAM b'IHDR' 16 13
2023-03-19 02:53:55 - PIL.PngImagePlugin - DEBUG - STREAM b'IDAT' 41 32768
2023-03-19 02:53:59 - App - INFO - (Main menu)
2023-03-19 02:53:59 - App - INFO - (Credits menu)
2023-03-19 02:53:59 - App - INFO - Switched to settings menu
2023-03-19 02:53:59 - App - INFO - Switched to cards menu
2023-03-19 02:54:03 - App - INFO - End of the program
--------------------------------------------------------------
2023-03-19 02:55:45 - App - INFO - Launching...
2023-03-19 02:55:45 - PIL.PngImagePlugin - DEBUG - STREAM b'IHDR' 16 13
2023-03-19 02:55:45 - PIL.PngImagePlugin - DEBUG - STREAM b'IDAT' 41 32768
2023-03-19 02:55:48 - App - INFO - (Main menu)
2023-03-19 02:55:48 - App - INFO - (Credits menu)
2023-03-19 02:55:48 - App - INFO - Switched to settings menu
2023-03-19 02:55:48 - App - INFO - Switched to cards menu
2023-03-19 02:55:56 - App - INFO - End of the program
--------------------------------------------------------------
