2023-03-20 12:02:19 - App - INFO - Launching...
2023-03-20 12:02:19 - PIL.PngImagePlugin - DEBUG - STREAM b'IHDR' 16 13
2023-03-20 12:02:19 - PIL.PngImagePlugin - DEBUG - STREAM b'IDAT' 41 32768
2023-03-20 12:02:21 - App - INFO - (Main menu)
2023-03-20 12:02:21 - App - INFO - (Credits menu)
2023-03-20 12:02:21 - App - INFO - Switched to settings menu
2023-03-20 12:02:21 - App - INFO - Switched to cards menu
2023-03-20 12:02:26 - App - INFO - End of the program
--------------------------------------------------------------
2023-03-20 08:28:18 - App - INFO - Launching...
2023-03-20 08:28:18 - PIL.PngImagePlugin - DEBUG - STREAM b'IHDR' 16 13
2023-03-20 08:28:18 - PIL.PngImagePlugin - DEBUG - STREAM b'IDAT' 41 32768
2023-03-20 08:28:20 - App - INFO - (Main menu)
2023-03-20 08:28:20 - App - INFO - (Credits menu)
2023-03-20 08:28:20 - App - INFO - Switched to settings menu
2023-03-20 08:28:20 - App - INFO - Switched to cards menu
2023-03-20 08:28:27 - App - INFO - End of the program
--------------------------------------------------------------
2023-03-20 08:38:39 - App - INFO - Launching...
2023-03-20 08:38:39 - PIL.PngImagePlugin - DEBUG - STREAM b'IHDR' 16 13
2023-03-20 08:38:39 - PIL.PngImagePlugin - DEBUG - STREAM b'IDAT' 41 32768
2023-03-20 08:38:40 - App - INFO - (Main menu)
2023-03-20 08:38:40 - App - INFO - (Credits menu)
2023-03-20 08:38:40 - App - INFO - Switched to settings menu
2023-03-20 08:38:40 - App - INFO - Switched to cards menu
2023-03-20 08:38:42 - App - INFO - End of the program
--------------------------------------------------------------
2023-03-20 08:39:19 - App - INFO - Launching...
2023-03-20 08:39:19 - PIL.PngImagePlugin - DEBUG - STREAM b'IHDR' 16 13
2023-03-20 08:39:19 - PIL.PngImagePlugin - DEBUG - STREAM b'IDAT' 41 32768
2023-03-20 08:39:22 - App - INFO - (Main menu)
2023-03-20 08:39:22 - App - INFO - (Credits menu)
2023-03-20 08:39:22 - App - INFO - Switched to settings menu
2023-03-20 08:39:22 - App - INFO - Switched to cards menu
2023-03-20 08:46:57 - App - INFO - End of the program
--------------------------------------------------------------
2023-03-20 08:47:02 - App - INFO - Launching...
2023-03-20 08:47:02 - PIL.PngImagePlugin - DEBUG - STREAM b'IHDR' 16 13
2023-03-20 08:47:02 - PIL.PngImagePlugin - DEBUG - STREAM b'IDAT' 41 32768
2023-03-20 08:47:05 - App - INFO - (Main menu)
2023-03-20 08:47:05 - App - INFO - (Credits menu)
2023-03-20 08:47:05 - App - INFO - Switched to settings menu
2023-03-20 08:47:05 - App - INFO - Switched to cards menu
2023-03-20 08:47:12 - App - INFO - End of the program
--------------------------------------------------------------
2023-03-20 08:47:46 - App - INFO - Launching...
2023-03-20 08:47:46 - PIL.PngImagePlugin - DEBUG - STREAM b'IHDR' 16 13
2023-03-20 08:47:46 - PIL.PngImagePlugin - DEBUG - STREAM b'IDAT' 41 32768
2023-03-20 08:47:49 - App - INFO - (Main menu)
2023-03-20 08:47:49 - App - INFO - (Credits menu)
2023-03-20 08:47:49 - App - INFO - Switched to settings menu
2023-03-20 08:47:49 - App - INFO - Switched to cards menu
2023-03-20 08:47:52 - App - INFO - End of the program
--------------------------------------------------------------
2023-03-20 10:06:34 - App - INFO - Launching...
2023-03-20 10:06:35 - PIL.PngImagePlugin - DEBUG - STREAM b'IHDR' 16 13
2023-03-20 10:06:35 - PIL.PngImagePlugin - DEBUG - STREAM b'IDAT' 41 32768
2023-03-20 10:06:38 - App - INFO - (Main menu)
2023-03-20 10:06:38 - App - INFO - (Credits menu)
2023-03-20 10:06:38 - App - INFO - Switched to settings menu
2023-03-20 10:06:40 - App - INFO - End of the program
--------------------------------------------------------------
2023-03-20 10:07:26 - App - INFO - Launching...
2023-03-20 10:07:26 - PIL.PngImagePlugin - DEBUG - STREAM b'IHDR' 16 13
2023-03-20 10:07:26 - PIL.PngImagePlugin - DEBUG - STREAM b'IDAT' 41 32768
2023-03-20 10:07:29 - App - INFO - (Main menu)
2023-03-20 10:07:29 - App - INFO - (Credits menu)
2023-03-20 10:07:29 - App - INFO - Switched to settings menu
2023-03-20 10:07:34 - App - INFO - End of the program
--------------------------------------------------------------
2023-03-20 10:08:28 - App - INFO - Launching...
2023-03-20 10:08:28 - PIL.PngImagePlugin - DEBUG - STREAM b'IHDR' 16 13
2023-03-20 10:08:28 - PIL.PngImagePlugin - DEBUG - STREAM b'IDAT' 41 32768
2023-03-20 10:08:30 - App - INFO - (Main menu)
2023-03-20 10:08:30 - App - INFO - (Credits menu)
2023-03-20 10:08:30 - App - INFO - Switched to settings menu
2023-03-20 10:08:32 - App - INFO - End of the program
--------------------------------------------------------------
2023-03-20 10:11:28 - App - INFO - Launching...
2023-03-20 10:11:28 - PIL.PngImagePlugin - DEBUG - STREAM b'IHDR' 16 13
2023-03-20 10:11:28 - PIL.PngImagePlugin - DEBUG - STREAM b'IDAT' 41 32768
2023-03-20 10:11:31 - App - INFO - End of the program
--------------------------------------------------------------
2023-03-20 10:11:51 - App - INFO - Launching...
2023-03-20 10:11:51 - PIL.PngImagePlugin - DEBUG - STREAM b'IHDR' 16 13
2023-03-20 10:11:51 - PIL.PngImagePlugin - DEBUG - STREAM b'IDAT' 41 32768
2023-03-20 10:11:54 - App - INFO - (Main menu)
2023-03-20 10:11:54 - App - INFO - (Credits menu)
2023-03-20 10:11:54 - App - INFO - Switched to settings menu
2023-03-20 10:12:09 - App - INFO - End of the program
--------------------------------------------------------------
2023-03-20 10:24:02 - App - INFO - Launching...
2023-03-20 10:24:02 - PIL.PngImagePlugin - DEBUG - STREAM b'IHDR' 16 13
2023-03-20 10:24:02 - PIL.PngImagePlugin - DEBUG - STREAM b'IDAT' 41 32768
2023-03-20 10:24:03 - App - INFO - (Main menu)
2023-03-20 10:24:03 - App - INFO - (Credits menu)
2023-03-20 10:24:03 - App - INFO - Switched to settings menu
2023-03-20 10:24:03 - App - INFO - Switched to cards menu
2023-03-20 10:24:08 - App - INFO - End of the program
--------------------------------------------------------------
2023-03-20 10:24:21 - App - INFO - Launching...
2023-03-20 10:24:21 - PIL.PngImagePlugin - DEBUG - STREAM b'IHDR' 16 13
2023-03-20 10:24:21 - PIL.PngImagePlugin - DEBUG - STREAM b'IDAT' 41 32768
2023-03-20 10:24:22 - App - INFO - (Main menu)
2023-03-20 10:24:22 - App - INFO - (Credits menu)
2023-03-20 10:24:22 - App - INFO - Switched to settings menu
2023-03-20 10:24:22 - App - INFO - Switched to cards menu
2023-03-20 10:24:27 - App - INFO - End of the program
--------------------------------------------------------------
2023-03-20 10:33:34 - App - INFO - Launching...
2023-03-20 10:33:34 - PIL.PngImagePlugin - DEBUG - STREAM b'IHDR' 16 13
2023-03-20 10:33:34 - PIL.PngImagePlugin - DEBUG - STREAM b'IDAT' 41 32768
2023-03-20 10:33:35 - App - INFO - (Main menu)
2023-03-20 10:33:35 - App - INFO - (Credits menu)
2023-03-20 10:33:35 - App - INFO - Switched to settings menu
2023-03-20 10:33:35 - App - INFO - Switched to cards menu
2023-03-20 10:33:41 - App - INFO - End of the program
--------------------------------------------------------------
2023-03-20 10:34:09 - App - INFO - Launching...
2023-03-20 10:34:09 - PIL.PngImagePlugin - DEBUG - STREAM b'IHDR' 16 13
2023-03-20 10:34:09 - PIL.PngImagePlugin - DEBUG - STREAM b'IDAT' 41 32768
2023-03-20 10:34:11 - App - INFO - (Main menu)
2023-03-20 10:34:11 - App - INFO - (Credits menu)
2023-03-20 10:34:11 - App - INFO - Switched to settings menu
2023-03-20 10:34:11 - App - INFO - Switched to cards menu
2023-03-20 10:34:20 - App - INFO - End of the program
--------------------------------------------------------------
2023-03-20 10:35:07 - App - INFO - Launching...
2023-03-20 10:35:07 - PIL.PngImagePlugin - DEBUG - STREAM b'IHDR' 16 13
2023-03-20 10:35:07 - PIL.PngImagePlugin - DEBUG - STREAM b'IDAT' 41 32768
2023-03-20 10:35:08 - App - INFO - (Main menu)
2023-03-20 10:35:08 - App - INFO - (Credits menu)
2023-03-20 10:35:08 - App - INFO - Switched to settings menu
2023-03-20 10:35:08 - App - INFO - Switched to cards menu
2023-03-20 10:35:13 - App - INFO - End of the program
--------------------------------------------------------------
2023-03-20 10:35:34 - App - INFO - Launching...
2023-03-20 10:35:34 - PIL.PngImagePlugin - DEBUG - STREAM b'IHDR' 16 13
2023-03-20 10:35:34 - PIL.PngImagePlugin - DEBUG - STREAM b'IDAT' 41 32768
2023-03-20 10:35:35 - App - INFO - (Main menu)
2023-03-20 10:35:35 - App - INFO - (Credits menu)
2023-03-20 10:35:35 - App - INFO - Switched to settings menu
2023-03-20 10:35:35 - App - INFO - Switched to cards menu
2023-03-20 10:35:38 - App - INFO - End of the program
--------------------------------------------------------------
2023-03-20 10:36:01 - App - INFO - Launching...
2023-03-20 10:36:01 - PIL.PngImagePlugin - DEBUG - STREAM b'IHDR' 16 13
2023-03-20 10:36:01 - PIL.PngImagePlugin - DEBUG - STREAM b'IDAT' 41 32768
2023-03-20 10:36:03 - App - INFO - (Main menu)
2023-03-20 10:36:03 - App - INFO - (Credits menu)
2023-03-20 10:36:03 - App - INFO - Switched to settings menu
2023-03-20 10:36:03 - App - INFO - Switched to cards menu
2023-03-20 10:36:05 - App - INFO - End of the program
--------------------------------------------------------------
2023-03-20 10:36:40 - App - INFO - Launching...
2023-03-20 10:36:40 - PIL.PngImagePlugin - DEBUG - STREAM b'IHDR' 16 13
2023-03-20 10:36:40 - PIL.PngImagePlugin - DEBUG - STREAM b'IDAT' 41 32768
2023-03-20 10:36:42 - App - INFO - (Main menu)
2023-03-20 10:36:42 - App - INFO - (Credits menu)
2023-03-20 10:36:42 - App - INFO - Switched to settings menu
2023-03-20 10:36:42 - App - INFO - Switched to cards menu
2023-03-20 10:36:53 - App - INFO - End of the program
--------------------------------------------------------------
2023-03-20 10:38:02 - App - INFO - Launching...
2023-03-20 10:38:02 - PIL.PngImagePlugin - DEBUG - STREAM b'IHDR' 16 13
2023-03-20 10:38:02 - PIL.PngImagePlugin - DEBUG - STREAM b'IDAT' 41 32768
2023-03-20 10:38:04 - App - INFO - (Main menu)
2023-03-20 10:38:04 - App - INFO - (Credits menu)
2023-03-20 10:38:04 - App - INFO - Switched to settings menu
2023-03-20 10:38:04 - App - INFO - Switched to cards menu
2023-03-20 10:38:09 - App - INFO - End of the program
--------------------------------------------------------------
2023-03-20 10:38:26 - App - INFO - Launching...
2023-03-20 10:38:27 - PIL.PngImagePlugin - DEBUG - STREAM b'IHDR' 16 13
2023-03-20 10:38:27 - PIL.PngImagePlugin - DEBUG - STREAM b'IDAT' 41 32768
2023-03-20 10:38:28 - App - INFO - (Main menu)
2023-03-20 10:38:28 - App - INFO - (Credits menu)
2023-03-20 10:38:28 - App - INFO - Switched to settings menu
2023-03-20 10:38:28 - App - INFO - Switched to cards menu
2023-03-20 10:38:34 - App - INFO - End of the program
--------------------------------------------------------------
2023-03-20 10:40:00 - App - INFO - Launching...
2023-03-20 10:40:00 - PIL.PngImagePlugin - DEBUG - STREAM b'IHDR' 16 13
2023-03-20 10:40:00 - PIL.PngImagePlugin - DEBUG - STREAM b'IDAT' 41 32768
2023-03-20 10:40:02 - App - INFO - (Main menu)
2023-03-20 10:40:02 - App - INFO - (Credits menu)
2023-03-20 10:40:02 - App - INFO - Switched to settings menu
2023-03-20 10:40:02 - App - INFO - Switched to cards menu
2023-03-20 10:40:21 - App - INFO - End of the program
--------------------------------------------------------------
2023-03-20 10:41:10 - App - INFO - Launching...
2023-03-20 10:41:10 - PIL.PngImagePlugin - DEBUG - STREAM b'IHDR' 16 13
2023-03-20 10:41:10 - PIL.PngImagePlugin - DEBUG - STREAM b'IDAT' 41 32768
2023-03-20 10:41:11 - App - INFO - (Main menu)
2023-03-20 10:41:11 - App - INFO - (Credits menu)
2023-03-20 10:41:11 - App - INFO - Switched to settings menu
2023-03-20 10:41:11 - App - INFO - Switched to cards menu
2023-03-20 10:41:18 - App - INFO - End of the program
--------------------------------------------------------------
2023-03-20 10:42:06 - App - INFO - Launching...
2023-03-20 10:42:06 - PIL.PngImagePlugin - DEBUG - STREAM b'IHDR' 16 13
2023-03-20 10:42:06 - PIL.PngImagePlugin - DEBUG - STREAM b'IDAT' 41 32768
2023-03-20 10:42:08 - App - INFO - (Main menu)
2023-03-20 10:42:08 - App - INFO - (Credits menu)
2023-03-20 10:42:08 - App - INFO - Switched to settings menu
2023-03-20 10:42:08 - App - INFO - Switched to cards menu
2023-03-20 10:42:16 - App - INFO - End of the program
--------------------------------------------------------------
2023-03-20 11:02:37 - App - INFO - Launching...
2023-03-20 11:02:37 - PIL.PngImagePlugin - DEBUG - STREAM b'IHDR' 16 13
2023-03-20 11:02:37 - PIL.PngImagePlugin - DEBUG - STREAM b'IDAT' 41 32768
2023-03-20 11:02:39 - App - INFO - (Main menu)
2023-03-20 11:02:39 - App - INFO - (Credits menu)
2023-03-20 11:02:39 - App - INFO - Switched to settings menu
2023-03-20 11:02:39 - App - INFO - Switched to cards menu
2023-03-20 11:02:43 - App - INFO - End of the program
--------------------------------------------------------------
2023-03-20 11:03:38 - App - INFO - Launching...
2023-03-20 11:03:38 - PIL.PngImagePlugin - DEBUG - STREAM b'IHDR' 16 13
2023-03-20 11:03:38 - PIL.PngImagePlugin - DEBUG - STREAM b'IDAT' 41 32768
2023-03-20 11:03:39 - App - INFO - (Main menu)
2023-03-20 11:03:39 - App - INFO - (Credits menu)
2023-03-20 11:03:39 - App - INFO - Switched to settings menu
2023-03-20 11:03:39 - App - INFO - Switched to cards menu
2023-03-20 11:03:46 - App - INFO - End of the program
--------------------------------------------------------------
2023-03-20 11:11:35 - App - INFO - Launching...
2023-03-20 11:11:35 - PIL.PngImagePlugin - DEBUG - STREAM b'IHDR' 16 13
2023-03-20 11:11:35 - PIL.PngImagePlugin - DEBUG - STREAM b'IDAT' 41 32768
2023-03-20 11:11:36 - App - INFO - (Main menu)
2023-03-20 11:11:36 - App - INFO - (Credits menu)
2023-03-20 11:11:36 - App - INFO - Switched to settings menu
2023-03-20 11:11:36 - App - INFO - Switched to cards menu
2023-03-20 11:11:44 - App - INFO - End of the program
--------------------------------------------------------------
2023-03-20 11:13:04 - App - INFO - Launching...
2023-03-20 11:13:05 - PIL.PngImagePlugin - DEBUG - STREAM b'IHDR' 16 13
2023-03-20 11:13:05 - PIL.PngImagePlugin - DEBUG - STREAM b'IDAT' 41 32768
2023-03-20 11:13:06 - App - INFO - (Main menu)
2023-03-20 11:13:06 - App - INFO - (Credits menu)
2023-03-20 11:13:06 - App - INFO - Switched to settings menu
2023-03-20 11:13:06 - App - INFO - Switched to cards menu
2023-03-20 11:13:16 - App - INFO - End of the program
--------------------------------------------------------------
2023-03-20 11:14:46 - App - INFO - Launching...
2023-03-20 11:14:46 - PIL.PngImagePlugin - DEBUG - STREAM b'IHDR' 16 13
2023-03-20 11:14:46 - PIL.PngImagePlugin - DEBUG - STREAM b'IDAT' 41 32768
2023-03-20 11:14:47 - App - INFO - (Main menu)
2023-03-20 11:14:47 - App - INFO - (Credits menu)
2023-03-20 11:14:47 - App - INFO - Switched to settings menu
2023-03-20 11:14:47 - App - INFO - Switched to cards menu
2023-03-20 11:14:51 - App - INFO - End of the program
--------------------------------------------------------------
2023-03-20 11:17:10 - App - INFO - Launching...
2023-03-20 11:17:10 - PIL.PngImagePlugin - DEBUG - STREAM b'IHDR' 16 13
2023-03-20 11:17:10 - PIL.PngImagePlugin - DEBUG - STREAM b'IDAT' 41 32768
2023-03-20 11:17:12 - App - INFO - (Main menu)
2023-03-20 11:17:12 - App - INFO - (Credits menu)
2023-03-20 11:17:12 - App - INFO - Switched to settings menu
2023-03-20 11:17:12 - App - INFO - Switched to cards menu
2023-03-20 11:17:17 - App - INFO - End of the program
--------------------------------------------------------------
2023-03-20 11:18:46 - App - INFO - Launching...
2023-03-20 11:18:46 - PIL.PngImagePlugin - DEBUG - STREAM b'IHDR' 16 13
2023-03-20 11:18:46 - PIL.PngImagePlugin - DEBUG - STREAM b'IDAT' 41 32768
2023-03-20 11:18:48 - App - INFO - (Main menu)
2023-03-20 11:18:48 - App - INFO - (Credits menu)
2023-03-20 11:18:48 - App - INFO - Switched to settings menu
2023-03-20 11:18:48 - App - INFO - Switched to cards menu
2023-03-20 11:18:53 - App - INFO - End of the program
--------------------------------------------------------------
2023-03-20 11:19:02 - App - INFO - Launching...
2023-03-20 11:19:03 - PIL.PngImagePlugin - DEBUG - STREAM b'IHDR' 16 13
2023-03-20 11:19:03 - PIL.PngImagePlugin - DEBUG - STREAM b'IDAT' 41 32768
2023-03-20 11:19:04 - App - INFO - (Main menu)
2023-03-20 11:19:04 - App - INFO - (Credits menu)
2023-03-20 11:19:04 - App - INFO - Switched to settings menu
2023-03-20 11:19:04 - App - INFO - Switched to cards menu
2023-03-20 11:19:08 - App - INFO - End of the program
--------------------------------------------------------------
2023-03-20 11:19:33 - App - INFO - Launching...
2023-03-20 11:19:33 - PIL.PngImagePlugin - DEBUG - STREAM b'IHDR' 16 13
2023-03-20 11:19:33 - PIL.PngImagePlugin - DEBUG - STREAM b'IDAT' 41 32768
2023-03-20 11:19:34 - App - INFO - (Main menu)
2023-03-20 11:19:34 - App - INFO - (Credits menu)
2023-03-20 11:19:34 - App - INFO - Switched to settings menu
2023-03-20 11:19:34 - App - INFO - Switched to cards menu
2023-03-20 11:19:37 - App - INFO - End of the program
--------------------------------------------------------------
2023-03-20 11:20:12 - App - INFO - Launching...
2023-03-20 11:20:12 - PIL.PngImagePlugin - DEBUG - STREAM b'IHDR' 16 13
2023-03-20 11:20:12 - PIL.PngImagePlugin - DEBUG - STREAM b'IDAT' 41 32768
2023-03-20 11:20:14 - App - INFO - (Main menu)
2023-03-20 11:20:14 - App - INFO - (Credits menu)
2023-03-20 11:20:14 - App - INFO - Switched to settings menu
2023-03-20 11:20:14 - App - INFO - Switched to cards menu
2023-03-20 11:20:19 - App - INFO - End of the program
--------------------------------------------------------------
2023-03-20 11:21:48 - App - INFO - Launching...
2023-03-20 11:21:49 - PIL.PngImagePlugin - DEBUG - STREAM b'IHDR' 16 13
2023-03-20 11:21:49 - PIL.PngImagePlugin - DEBUG - STREAM b'IDAT' 41 32768
2023-03-20 11:21:50 - App - INFO - (Main menu)
2023-03-20 11:21:50 - App - INFO - (Credits menu)
2023-03-20 11:21:50 - App - INFO - Switched to settings menu
2023-03-20 11:21:50 - App - INFO - Switched to cards menu
2023-03-20 11:21:54 - App - INFO - End of the program
--------------------------------------------------------------
2023-03-20 11:23:49 - App - INFO - Launching...
2023-03-20 11:23:50 - PIL.PngImagePlugin - DEBUG - STREAM b'IHDR' 16 13
2023-03-20 11:23:50 - PIL.PngImagePlugin - DEBUG - STREAM b'IDAT' 41 32768
2023-03-20 11:23:51 - App - INFO - (Main menu)
2023-03-20 11:23:51 - App - INFO - (Credits menu)
2023-03-20 11:23:51 - App - INFO - Switched to settings menu
2023-03-20 11:23:51 - App - INFO - Switched to cards menu
2023-03-20 11:23:54 - App - INFO - End of the program
--------------------------------------------------------------
2023-03-20 11:23:57 - App - INFO - Launching...
2023-03-20 11:23:58 - PIL.PngImagePlugin - DEBUG - STREAM b'IHDR' 16 13
2023-03-20 11:23:58 - PIL.PngImagePlugin - DEBUG - STREAM b'IDAT' 41 32768
2023-03-20 11:23:59 - App - INFO - (Main menu)
2023-03-20 11:23:59 - App - INFO - (Credits menu)
2023-03-20 11:23:59 - App - INFO - Switched to settings menu
2023-03-20 11:23:59 - App - INFO - Switched to cards menu
2023-03-20 11:24:02 - App - INFO - End of the program
--------------------------------------------------------------
2023-03-20 11:25:01 - App - INFO - Launching...
2023-03-20 11:25:02 - PIL.PngImagePlugin - DEBUG - STREAM b'IHDR' 16 13
2023-03-20 11:25:02 - PIL.PngImagePlugin - DEBUG - STREAM b'IDAT' 41 32768
2023-03-20 11:25:03 - App - INFO - (Main menu)
2023-03-20 11:25:03 - App - INFO - (Credits menu)
2023-03-20 11:25:03 - App - INFO - Switched to settings menu
2023-03-20 11:25:03 - App - INFO - Switched to cards menu
2023-03-20 11:25:07 - App - INFO - End of the program
--------------------------------------------------------------
2023-03-20 11:28:50 - App - INFO - Launching...
2023-03-20 11:28:50 - PIL.PngImagePlugin - DEBUG - STREAM b'IHDR' 16 13
2023-03-20 11:28:50 - PIL.PngImagePlugin - DEBUG - STREAM b'IDAT' 41 32768
2023-03-20 11:28:51 - App - INFO - (Main menu)
2023-03-20 11:28:51 - App - INFO - (Credits menu)
2023-03-20 11:28:51 - App - INFO - Switched to settings menu
2023-03-20 11:28:51 - App - INFO - Switched to cards menu
2023-03-20 11:28:59 - App - INFO - End of the program
--------------------------------------------------------------
2023-03-20 11:30:29 - App - INFO - Launching...
2023-03-20 11:30:29 - PIL.PngImagePlugin - DEBUG - STREAM b'IHDR' 16 13
2023-03-20 11:30:29 - PIL.PngImagePlugin - DEBUG - STREAM b'IDAT' 41 32768
2023-03-20 11:30:31 - App - INFO - (Main menu)
2023-03-20 11:30:31 - App - INFO - (Credits menu)
2023-03-20 11:30:31 - App - INFO - Switched to settings menu
2023-03-20 11:30:31 - App - INFO - Switched to cards menu
2023-03-20 11:30:35 - App - INFO - End of the program
--------------------------------------------------------------
2023-03-20 12:20:51 - App - INFO - Launching...
2023-03-20 12:20:52 - PIL.PngImagePlugin - DEBUG - STREAM b'IHDR' 16 13
2023-03-20 12:20:52 - PIL.PngImagePlugin - DEBUG - STREAM b'IDAT' 41 32768
2023-03-20 12:20:53 - App - INFO - (Main menu)
2023-03-20 12:20:53 - App - INFO - (Credits menu)
2023-03-20 12:20:53 - App - INFO - Switched to settings menu
2023-03-20 12:20:53 - App - INFO - Switched to cards menu
2023-03-20 12:20:57 - App - INFO - End of the program
--------------------------------------------------------------
2023-03-20 12:21:23 - App - INFO - Launching...
2023-03-20 12:21:23 - PIL.PngImagePlugin - DEBUG - STREAM b'IHDR' 16 13
2023-03-20 12:21:23 - PIL.PngImagePlugin - DEBUG - STREAM b'IDAT' 41 32768
2023-03-20 12:21:25 - App - INFO - (Main menu)
2023-03-20 12:21:25 - App - INFO - (Credits menu)
2023-03-20 12:21:25 - App - INFO - Switched to settings menu
2023-03-20 12:21:25 - App - INFO - Switched to cards menu
2023-03-20 12:21:33 - App - INFO - End of the program
--------------------------------------------------------------
2023-03-20 12:24:22 - App - INFO - Launching...
2023-03-20 12:24:22 - PIL.PngImagePlugin - DEBUG - STREAM b'IHDR' 16 13
2023-03-20 12:24:22 - PIL.PngImagePlugin - DEBUG - STREAM b'IDAT' 41 32768
2023-03-20 12:24:23 - App - INFO - (Main menu)
2023-03-20 12:24:23 - App - INFO - (Credits menu)
2023-03-20 12:24:23 - App - INFO - Switched to settings menu
2023-03-20 12:24:23 - App - INFO - Switched to cards menu
2023-03-20 12:24:31 - App - INFO - End of the program
--------------------------------------------------------------
2023-03-20 12:24:54 - App - INFO - Launching...
2023-03-20 12:24:54 - PIL.PngImagePlugin - DEBUG - STREAM b'IHDR' 16 13
2023-03-20 12:24:54 - PIL.PngImagePlugin - DEBUG - STREAM b'IDAT' 41 32768
2023-03-20 12:24:55 - App - INFO - (Main menu)
2023-03-20 12:24:55 - App - INFO - (Credits menu)
2023-03-20 12:24:55 - App - INFO - Switched to settings menu
2023-03-20 12:24:55 - App - INFO - Switched to cards menu
2023-03-20 12:25:06 - App - INFO - End of the program
--------------------------------------------------------------
2023-03-20 12:25:54 - App - INFO - Launching...
2023-03-20 12:25:54 - PIL.PngImagePlugin - DEBUG - STREAM b'IHDR' 16 13
2023-03-20 12:25:54 - PIL.PngImagePlugin - DEBUG - STREAM b'IDAT' 41 32768
2023-03-20 12:25:56 - App - INFO - (Main menu)
2023-03-20 12:25:56 - App - INFO - (Credits menu)
2023-03-20 12:25:56 - App - INFO - Switched to settings menu
2023-03-20 12:25:56 - App - INFO - Switched to cards menu
2023-03-20 12:26:11 - App - INFO - End of the program
--------------------------------------------------------------
2023-03-20 12:26:28 - App - INFO - Launching...
2023-03-20 12:26:29 - PIL.PngImagePlugin - DEBUG - STREAM b'IHDR' 16 13
2023-03-20 12:26:29 - PIL.PngImagePlugin - DEBUG - STREAM b'IDAT' 41 32768
2023-03-20 12:26:30 - App - INFO - (Main menu)
2023-03-20 12:26:30 - App - INFO - (Credits menu)
2023-03-20 12:26:30 - App - INFO - Switched to settings menu
2023-03-20 12:26:30 - App - INFO - Switched to cards menu
2023-03-20 12:26:39 - App - INFO - End of the program
--------------------------------------------------------------
2023-03-20 12:30:24 - App - INFO - Launching...
2023-03-20 12:30:24 - PIL.PngImagePlugin - DEBUG - STREAM b'IHDR' 16 13
2023-03-20 12:30:24 - PIL.PngImagePlugin - DEBUG - STREAM b'IDAT' 41 32768
2023-03-20 12:30:26 - App - INFO - (Main menu)
2023-03-20 12:30:26 - App - INFO - (Credits menu)
2023-03-20 12:30:26 - App - INFO - Switched to settings menu
2023-03-20 12:30:26 - App - INFO - Switched to cards menu
2023-03-20 12:30:36 - App - INFO - End of the program
--------------------------------------------------------------
2023-03-20 12:31:18 - App - INFO - Launching...
2023-03-20 12:31:19 - PIL.PngImagePlugin - DEBUG - STREAM b'IHDR' 16 13
2023-03-20 12:31:19 - PIL.PngImagePlugin - DEBUG - STREAM b'IDAT' 41 32768
2023-03-20 12:31:20 - App - INFO - (Main menu)
2023-03-20 12:31:20 - App - INFO - (Credits menu)
2023-03-20 12:31:20 - App - INFO - Switched to settings menu
2023-03-20 12:31:20 - App - INFO - Switched to cards menu
2023-03-20 12:31:42 - App - INFO - End of the program
--------------------------------------------------------------
2023-03-20 12:33:01 - App - INFO - Launching...
2023-03-20 12:33:01 - PIL.PngImagePlugin - DEBUG - STREAM b'IHDR' 16 13
2023-03-20 12:33:01 - PIL.PngImagePlugin - DEBUG - STREAM b'IDAT' 41 32768
2023-03-20 12:33:02 - App - INFO - (Main menu)
2023-03-20 12:33:02 - App - INFO - (Credits menu)
2023-03-20 12:33:02 - App - INFO - Switched to settings menu
2023-03-20 12:33:02 - App - INFO - Switched to cards menu
2023-03-20 12:33:08 - App - INFO - End of the program
--------------------------------------------------------------
2023-03-20 12:38:27 - App - INFO - Launching...
2023-03-20 12:38:27 - PIL.PngImagePlugin - DEBUG - STREAM b'IHDR' 16 13
2023-03-20 12:38:27 - PIL.PngImagePlugin - DEBUG - STREAM b'IDAT' 41 32768
2023-03-20 12:38:28 - App - INFO - (Main menu)
2023-03-20 12:38:28 - App - INFO - (Credits menu)
2023-03-20 12:38:28 - App - INFO - Switched to settings menu
2023-03-20 12:38:28 - App - INFO - Switched to cards menu
2023-03-20 12:38:44 - App - INFO - End of the program
--------------------------------------------------------------
2023-03-20 12:47:56 - App - INFO - Launching...
2023-03-20 12:47:56 - PIL.PngImagePlugin - DEBUG - STREAM b'IHDR' 16 13
2023-03-20 12:47:56 - PIL.PngImagePlugin - DEBUG - STREAM b'IDAT' 41 32768
2023-03-20 12:47:58 - App - INFO - (Main menu)
2023-03-20 12:47:58 - App - INFO - (Credits menu)
2023-03-20 12:47:58 - App - INFO - Switched to settings menu
2023-03-20 12:47:58 - App - INFO - Switched to cards menu
2023-03-20 12:48:04 - App - INFO - End of the program
--------------------------------------------------------------
2023-03-20 12:56:28 - App - INFO - Launching...
2023-03-20 12:56:29 - PIL.PngImagePlugin - DEBUG - STREAM b'IHDR' 16 13
2023-03-20 12:56:29 - PIL.PngImagePlugin - DEBUG - STREAM b'IDAT' 41 32768
2023-03-20 12:56:30 - App - INFO - (Main menu)
2023-03-20 12:56:30 - App - INFO - (Credits menu)
2023-03-20 12:56:30 - App - INFO - Switched to settings menu
2023-03-20 12:56:30 - App - INFO - Switched to cards menu
2023-03-20 12:56:40 - App - INFO - End of the program
--------------------------------------------------------------
2023-03-20 12:58:15 - App - INFO - Launching...
2023-03-20 12:58:15 - PIL.PngImagePlugin - DEBUG - STREAM b'IHDR' 16 13
2023-03-20 12:58:15 - PIL.PngImagePlugin - DEBUG - STREAM b'IDAT' 41 32768
2023-03-20 12:58:17 - App - INFO - (Main menu)
2023-03-20 12:58:17 - App - INFO - (Credits menu)
2023-03-20 12:58:17 - App - INFO - Switched to settings menu
2023-03-20 12:58:17 - App - INFO - Switched to cards menu
2023-03-20 12:58:22 - App - INFO - End of the program
--------------------------------------------------------------
2023-03-20 12:58:44 - App - INFO - Launching...
2023-03-20 12:58:44 - PIL.PngImagePlugin - DEBUG - STREAM b'IHDR' 16 13
2023-03-20 12:58:44 - PIL.PngImagePlugin - DEBUG - STREAM b'IDAT' 41 32768
2023-03-20 12:58:45 - App - INFO - (Main menu)
2023-03-20 12:58:45 - App - INFO - (Credits menu)
2023-03-20 12:58:45 - App - INFO - Switched to settings menu
2023-03-20 12:58:45 - App - INFO - Switched to cards menu
2023-03-20 12:58:53 - App - INFO - End of the program
--------------------------------------------------------------
2023-03-20 01:03:21 - App - INFO - Launching...
2023-03-20 01:03:22 - PIL.PngImagePlugin - DEBUG - STREAM b'IHDR' 16 13
2023-03-20 01:03:22 - PIL.PngImagePlugin - DEBUG - STREAM b'IDAT' 41 32768
2023-03-20 01:03:23 - App - INFO - (Main menu)
2023-03-20 01:03:23 - App - INFO - (Credits menu)
2023-03-20 01:03:23 - App - INFO - Switched to settings menu
2023-03-20 01:03:23 - App - INFO - Switched to cards menu
2023-03-20 01:03:40 - App - INFO - End of the program
--------------------------------------------------------------
2023-03-20 01:04:22 - App - INFO - Launching...
2023-03-20 01:04:22 - PIL.PngImagePlugin - DEBUG - STREAM b'IHDR' 16 13
2023-03-20 01:04:22 - PIL.PngImagePlugin - DEBUG - STREAM b'IDAT' 41 32768
2023-03-20 01:04:24 - App - INFO - (Main menu)
2023-03-20 01:04:24 - App - INFO - (Credits menu)
2023-03-20 01:04:24 - App - INFO - Switched to settings menu
2023-03-20 01:04:24 - App - INFO - Switched to cards menu
2023-03-20 01:04:34 - App - INFO - End of the program
--------------------------------------------------------------
2023-03-20 01:05:49 - App - INFO - Launching...
2023-03-20 01:05:50 - PIL.PngImagePlugin - DEBUG - STREAM b'IHDR' 16 13
2023-03-20 01:05:50 - PIL.PngImagePlugin - DEBUG - STREAM b'IDAT' 41 32768
2023-03-20 01:05:51 - App - INFO - (Main menu)
2023-03-20 01:05:51 - App - INFO - (Credits menu)
2023-03-20 01:05:51 - App - INFO - Switched to settings menu
2023-03-20 01:05:51 - App - INFO - Switched to cards menu
2023-03-20 01:05:58 - App - INFO - End of the program
--------------------------------------------------------------
2023-03-20 01:11:42 - App - INFO - Launching...
2023-03-20 01:11:43 - PIL.PngImagePlugin - DEBUG - STREAM b'IHDR' 16 13
2023-03-20 01:11:43 - PIL.PngImagePlugin - DEBUG - STREAM b'IDAT' 41 32768
2023-03-20 01:11:44 - App - INFO - (Main menu)
2023-03-20 01:11:44 - App - INFO - (Credits menu)
2023-03-20 01:11:44 - App - INFO - Switched to settings menu
2023-03-20 01:11:44 - App - INFO - Switched to cards menu
2023-03-20 01:11:55 - App - INFO - End of the program
--------------------------------------------------------------
2023-03-20 01:12:21 - App - INFO - Launching...
2023-03-20 01:12:21 - PIL.PngImagePlugin - DEBUG - STREAM b'IHDR' 16 13
2023-03-20 01:12:21 - PIL.PngImagePlugin - DEBUG - STREAM b'IDAT' 41 32768
2023-03-20 01:12:23 - App - INFO - (Main menu)
2023-03-20 01:12:23 - App - INFO - (Credits menu)
2023-03-20 01:12:23 - App - INFO - Switched to settings menu
2023-03-20 01:12:23 - App - INFO - Switched to cards menu
2023-03-20 01:12:31 - App - INFO - End of the program
--------------------------------------------------------------
2023-03-20 01:12:59 - App - INFO - Launching...
2023-03-20 01:13:00 - PIL.PngImagePlugin - DEBUG - STREAM b'IHDR' 16 13
2023-03-20 01:13:00 - PIL.PngImagePlugin - DEBUG - STREAM b'IDAT' 41 32768
2023-03-20 01:13:01 - App - INFO - (Main menu)
2023-03-20 01:13:01 - App - INFO - (Credits menu)
2023-03-20 01:13:01 - App - INFO - Switched to settings menu
2023-03-20 01:13:01 - App - INFO - Switched to cards menu
2023-03-20 01:13:08 - App - INFO - End of the program
--------------------------------------------------------------
2023-03-20 01:16:53 - App - INFO - Launching...
2023-03-20 01:16:53 - PIL.PngImagePlugin - DEBUG - STREAM b'IHDR' 16 13
2023-03-20 01:16:53 - PIL.PngImagePlugin - DEBUG - STREAM b'IDAT' 41 32768
2023-03-20 01:16:54 - App - INFO - (Main menu)
2023-03-20 01:16:54 - App - INFO - (Credits menu)
2023-03-20 01:16:54 - App - INFO - Switched to settings menu
2023-03-20 01:16:54 - App - INFO - Switched to cards menu
2023-03-20 01:17:01 - App - INFO - End of the program
--------------------------------------------------------------
2023-03-20 01:17:59 - App - INFO - Launching...
2023-03-20 01:17:59 - PIL.PngImagePlugin - DEBUG - STREAM b'IHDR' 16 13
2023-03-20 01:17:59 - PIL.PngImagePlugin - DEBUG - STREAM b'IDAT' 41 32768
2023-03-20 01:18:01 - App - INFO - (Main menu)
2023-03-20 01:18:01 - App - INFO - (Credits menu)
2023-03-20 01:18:01 - App - INFO - Switched to settings menu
2023-03-20 01:18:01 - App - INFO - Switched to cards menu
2023-03-20 01:18:07 - App - INFO - End of the program
--------------------------------------------------------------
2023-03-20 01:20:18 - App - INFO - Launching...
2023-03-20 01:20:19 - PIL.PngImagePlugin - DEBUG - STREAM b'IHDR' 16 13
2023-03-20 01:20:19 - PIL.PngImagePlugin - DEBUG - STREAM b'IDAT' 41 32768
2023-03-20 01:20:20 - App - INFO - (Main menu)
2023-03-20 01:20:20 - App - INFO - (Credits menu)
2023-03-20 01:20:20 - App - INFO - Switched to settings menu
2023-03-20 01:20:20 - App - INFO - Switched to cards menu
2023-03-20 01:20:28 - App - INFO - End of the program
--------------------------------------------------------------
2023-03-20 01:20:51 - App - INFO - Launching...
2023-03-20 01:20:51 - PIL.PngImagePlugin - DEBUG - STREAM b'IHDR' 16 13
2023-03-20 01:20:51 - PIL.PngImagePlugin - DEBUG - STREAM b'IDAT' 41 32768
2023-03-20 01:20:53 - App - INFO - (Main menu)
2023-03-20 01:20:53 - App - INFO - (Credits menu)
2023-03-20 01:20:53 - App - INFO - Switched to settings menu
2023-03-20 01:20:53 - App - INFO - Switched to cards menu
2023-03-20 01:21:07 - App - INFO - End of the program
--------------------------------------------------------------
2023-03-20 01:21:20 - App - INFO - Launching...
2023-03-20 01:21:20 - PIL.PngImagePlugin - DEBUG - STREAM b'IHDR' 16 13
2023-03-20 01:21:20 - PIL.PngImagePlugin - DEBUG - STREAM b'IDAT' 41 32768
2023-03-20 01:21:22 - App - INFO - (Main menu)
2023-03-20 01:21:22 - App - INFO - (Credits menu)
2023-03-20 01:21:22 - App - INFO - Switched to settings menu
2023-03-20 01:21:22 - App - INFO - Switched to cards menu
2023-03-20 01:21:29 - App - INFO - End of the program
--------------------------------------------------------------
2023-03-20 01:22:07 - App - INFO - Launching...
2023-03-20 01:22:07 - PIL.PngImagePlugin - DEBUG - STREAM b'IHDR' 16 13
2023-03-20 01:22:07 - PIL.PngImagePlugin - DEBUG - STREAM b'IDAT' 41 32768
2023-03-20 01:22:09 - App - INFO - (Main menu)
2023-03-20 01:22:09 - App - INFO - (Credits menu)
2023-03-20 01:22:09 - App - INFO - Switched to settings menu
2023-03-20 01:22:09 - App - INFO - Switched to cards menu
2023-03-20 01:22:18 - App - INFO - End of the program
--------------------------------------------------------------
2023-03-20 01:38:44 - App - INFO - Launching...
2023-03-20 01:38:45 - PIL.PngImagePlugin - DEBUG - STREAM b'IHDR' 16 13
2023-03-20 01:38:45 - PIL.PngImagePlugin - DEBUG - STREAM b'IDAT' 41 32768
2023-03-20 01:38:46 - App - INFO - (Main menu)
2023-03-20 01:38:46 - App - INFO - (Credits menu)
2023-03-20 01:38:46 - App - INFO - Switched to settings menu
2023-03-20 01:38:46 - App - INFO - Switched to cards menu
2023-03-20 01:38:56 - App - INFO - End of the program
--------------------------------------------------------------
2023-03-20 01:44:52 - App - INFO - Launching...
2023-03-20 01:44:52 - PIL.PngImagePlugin - DEBUG - STREAM b'IHDR' 16 13
2023-03-20 01:44:52 - PIL.PngImagePlugin - DEBUG - STREAM b'IDAT' 41 32768
2023-03-20 01:44:53 - App - INFO - (Main menu)
2023-03-20 01:44:53 - App - INFO - (Credits menu)
2023-03-20 01:44:53 - App - INFO - Switched to settings menu
2023-03-20 01:44:53 - App - INFO - Switched to cards menu
2023-03-20 01:44:58 - App - INFO - End of the program
--------------------------------------------------------------
2023-03-20 01:47:20 - App - INFO - Launching...
2023-03-20 01:47:20 - PIL.PngImagePlugin - DEBUG - STREAM b'IHDR' 16 13
2023-03-20 01:47:20 - PIL.PngImagePlugin - DEBUG - STREAM b'IDAT' 41 32768
2023-03-20 01:47:21 - App - INFO - (Main menu)
2023-03-20 01:47:21 - App - INFO - (Credits menu)
2023-03-20 01:47:21 - App - INFO - Switched to settings menu
2023-03-20 01:47:21 - App - INFO - Switched to cards menu
2023-03-20 01:47:22 - App - INFO - (Cards description window)
2023-03-20 01:47:30 - App - INFO - End of the program
--------------------------------------------------------------
2023-03-20 02:06:17 - App - INFO - Launching...
2023-03-20 02:06:17 - PIL.PngImagePlugin - DEBUG - STREAM b'IHDR' 16 13
2023-03-20 02:06:17 - PIL.PngImagePlugin - DEBUG - STREAM b'IDAT' 41 32768
2023-03-20 02:06:19 - App - INFO - (Main menu)
2023-03-20 02:06:19 - App - INFO - (Credits menu)
2023-03-20 02:06:19 - App - INFO - Switched to settings menu
2023-03-20 02:06:19 - App - INFO - Switched to cards menu
2023-03-20 02:06:20 - App - INFO - (Cards description window)
2023-03-20 02:06:26 - App - INFO - End of the program
--------------------------------------------------------------
2023-03-20 02:11:51 - App - INFO - Launching...
2023-03-20 02:11:51 - PIL.PngImagePlugin - DEBUG - STREAM b'IHDR' 16 13
2023-03-20 02:11:51 - PIL.PngImagePlugin - DEBUG - STREAM b'IDAT' 41 32768
2023-03-20 02:11:53 - App - INFO - (Main menu)
2023-03-20 02:11:53 - App - INFO - (Credits menu)
2023-03-20 02:11:53 - App - INFO - Switched to settings menu
2023-03-20 02:11:53 - App - INFO - Switched to cards menu
2023-03-20 02:11:59 - App - INFO - End of the program
--------------------------------------------------------------
2023-03-20 02:14:32 - App - INFO - Launching...
2023-03-20 02:14:32 - PIL.PngImagePlugin - DEBUG - STREAM b'IHDR' 16 13
2023-03-20 02:14:32 - PIL.PngImagePlugin - DEBUG - STREAM b'IDAT' 41 32768
2023-03-20 02:14:33 - App - INFO - (Main menu)
2023-03-20 02:14:33 - App - INFO - (Credits menu)
2023-03-20 02:14:33 - App - INFO - Switched to settings menu
2023-03-20 02:14:33 - App - INFO - Switched to cards menu
2023-03-20 02:14:34 - App - INFO - (Cards description window)
2023-03-20 02:14:40 - App - INFO - End of the program
--------------------------------------------------------------
2023-03-20 02:15:18 - App - INFO - Launching...
2023-03-20 02:15:19 - PIL.PngImagePlugin - DEBUG - STREAM b'IHDR' 16 13
2023-03-20 02:15:19 - PIL.PngImagePlugin - DEBUG - STREAM b'IDAT' 41 32768
2023-03-20 02:15:20 - App - INFO - (Main menu)
2023-03-20 02:15:20 - App - INFO - (Credits menu)
2023-03-20 02:15:20 - App - INFO - Switched to settings menu
2023-03-20 02:15:20 - App - INFO - Switched to cards menu
2023-03-20 02:15:21 - App - INFO - (Cards description window)
2023-03-20 02:15:27 - App - INFO - End of the program
--------------------------------------------------------------
2023-03-20 02:16:51 - App - INFO - Launching...
2023-03-20 02:16:51 - PIL.PngImagePlugin - DEBUG - STREAM b'IHDR' 16 13
2023-03-20 02:16:51 - PIL.PngImagePlugin - DEBUG - STREAM b'IDAT' 41 32768
2023-03-20 02:16:53 - App - INFO - (Main menu)
2023-03-20 02:16:53 - App - INFO - (Credits menu)
2023-03-20 02:16:53 - App - INFO - Switched to settings menu
2023-03-20 02:16:53 - App - INFO - Switched to cards menu
2023-03-20 02:16:54 - App - INFO - (Cards description window)
2023-03-20 02:17:03 - App - INFO - End of the program
--------------------------------------------------------------
2023-03-20 02:18:21 - App - INFO - Launching...
2023-03-20 02:18:21 - PIL.PngImagePlugin - DEBUG - STREAM b'IHDR' 16 13
2023-03-20 02:18:21 - PIL.PngImagePlugin - DEBUG - STREAM b'IDAT' 41 32768
2023-03-20 02:18:23 - App - INFO - (Main menu)
2023-03-20 02:18:23 - App - INFO - (Credits menu)
2023-03-20 02:18:23 - App - INFO - Switched to settings menu
2023-03-20 02:18:23 - App - INFO - Switched to cards menu
2023-03-20 02:18:24 - App - INFO - (Cards description window)
2023-03-20 02:18:32 - App - INFO - End of the program
--------------------------------------------------------------
2023-03-20 02:35:58 - App - INFO - Launching...
2023-03-20 02:35:58 - PIL.PngImagePlugin - DEBUG - STREAM b'IHDR' 16 13
2023-03-20 02:35:58 - PIL.PngImagePlugin - DEBUG - STREAM b'IDAT' 41 32768
2023-03-20 02:36:00 - App - INFO - (Main menu)
2023-03-20 02:36:00 - App - INFO - (Credits menu)
2023-03-20 02:36:00 - App - INFO - Switched to settings menu
2023-03-20 02:36:00 - App - INFO - Switched to cards menu
2023-03-20 02:36:01 - App - INFO - (Cards description window)
2023-03-20 02:36:14 - App - INFO - End of the program
--------------------------------------------------------------
2023-03-20 02:38:33 - App - INFO - Launching...
2023-03-20 02:38:33 - PIL.PngImagePlugin - DEBUG - STREAM b'IHDR' 16 13
2023-03-20 02:38:33 - PIL.PngImagePlugin - DEBUG - STREAM b'IDAT' 41 32768
2023-03-20 02:38:34 - App - INFO - (Main menu)
2023-03-20 02:38:34 - App - INFO - (Credits menu)
2023-03-20 02:38:34 - App - INFO - Switched to settings menu
2023-03-20 02:38:34 - App - INFO - Switched to cards menu
2023-03-20 02:38:45 - App - INFO - End of the program
--------------------------------------------------------------
2023-03-20 02:39:39 - App - INFO - Launching...
2023-03-20 02:39:39 - PIL.PngImagePlugin - DEBUG - STREAM b'IHDR' 16 13
2023-03-20 02:39:39 - PIL.PngImagePlugin - DEBUG - STREAM b'IDAT' 41 32768
2023-03-20 02:39:40 - App - INFO - (Main menu)
2023-03-20 02:39:40 - App - INFO - (Credits menu)
2023-03-20 02:39:40 - App - INFO - Switched to settings menu
2023-03-20 02:39:40 - App - INFO - Switched to cards menu
2023-03-20 02:39:41 - App - INFO - (Cards description window)
2023-03-20 02:39:48 - App - INFO - End of the program
--------------------------------------------------------------
2023-03-20 03:09:52 - App - INFO - Launching...
2023-03-20 03:09:52 - PIL.PngImagePlugin - DEBUG - STREAM b'IHDR' 16 13
2023-03-20 03:09:52 - PIL.PngImagePlugin - DEBUG - STREAM b'IDAT' 41 32768
2023-03-20 03:09:53 - App - INFO - (Main menu)
2023-03-20 03:09:53 - App - INFO - (Credits menu)
2023-03-20 03:09:53 - App - INFO - Switched to settings menu
2023-03-20 03:09:53 - App - INFO - Switched to cards menu
2023-03-20 03:09:54 - App - INFO - (Cards description window)
2023-03-20 03:10:00 - App - INFO - End of the program
--------------------------------------------------------------
2023-03-20 03:20:20 - App - INFO - Launching...
2023-03-20 03:20:21 - PIL.PngImagePlugin - DEBUG - STREAM b'IHDR' 16 13
2023-03-20 03:20:21 - PIL.PngImagePlugin - DEBUG - STREAM b'IDAT' 41 32768
2023-03-20 03:20:22 - App - INFO - (Main menu)
2023-03-20 03:20:22 - App - INFO - (Credits menu)
2023-03-20 03:20:22 - App - INFO - Switched to settings menu
2023-03-20 03:20:22 - App - INFO - Switched to cards menu
2023-03-20 03:20:23 - App - INFO - (Cards description window)
2023-03-20 03:20:46 - App - INFO - End of the program
--------------------------------------------------------------
2023-03-20 05:11:25 - App - INFO - Launching...
2023-03-20 05:11:25 - PIL.PngImagePlugin - DEBUG - STREAM b'IHDR' 16 13
2023-03-20 05:11:25 - PIL.PngImagePlugin - DEBUG - STREAM b'IDAT' 41 32768
2023-03-20 05:11:27 - App - INFO - (Main menu)
2023-03-20 05:11:27 - App - INFO - (Credits menu)
2023-03-20 05:11:27 - App - INFO - Switched to settings menu
2023-03-20 05:11:27 - App - INFO - Switched to cards menu
2023-03-20 05:11:34 - App - INFO - End of the program
--------------------------------------------------------------
2023-03-20 05:12:12 - App - INFO - Launching...
2023-03-20 05:12:12 - PIL.PngImagePlugin - DEBUG - STREAM b'IHDR' 16 13
2023-03-20 05:12:12 - PIL.PngImagePlugin - DEBUG - STREAM b'IDAT' 41 32768
2023-03-20 05:12:14 - App - INFO - (Main menu)
2023-03-20 05:12:14 - App - INFO - (Credits menu)
2023-03-20 05:12:14 - App - INFO - Switched to settings menu
2023-03-20 05:12:14 - App - INFO - Switched to cards menu
2023-03-20 05:12:20 - App - INFO - End of the program
--------------------------------------------------------------
2023-03-20 05:20:07 - App - INFO - Launching...
2023-03-20 05:20:07 - PIL.PngImagePlugin - DEBUG - STREAM b'IHDR' 16 13
2023-03-20 05:20:07 - PIL.PngImagePlugin - DEBUG - STREAM b'IDAT' 41 32768
2023-03-20 05:20:09 - App - INFO - (Main menu)
2023-03-20 05:20:09 - App - INFO - (Credits menu)
2023-03-20 05:20:09 - App - INFO - Switched to settings menu
2023-03-20 05:20:09 - App - INFO - Switched to cards menu
2023-03-20 05:20:09 - App - INFO - (Cards description window)
2023-03-20 05:20:27 - App - INFO - End of the program
--------------------------------------------------------------
2023-03-20 05:22:48 - App - INFO - Launching...
2023-03-20 05:22:48 - PIL.PngImagePlugin - DEBUG - STREAM b'IHDR' 16 13
2023-03-20 05:22:48 - PIL.PngImagePlugin - DEBUG - STREAM b'IDAT' 41 32768
2023-03-20 05:22:49 - App - INFO - (Main menu)
2023-03-20 05:22:49 - App - INFO - (Credits menu)
2023-03-20 05:22:49 - App - INFO - Switched to settings menu
2023-03-20 05:22:49 - App - INFO - Switched to cards menu
2023-03-20 05:22:50 - App - INFO - (Cards description window)
2023-03-20 05:22:58 - App - INFO - End of the program
--------------------------------------------------------------
2023-03-20 05:28:22 - App - INFO - Launching...
2023-03-20 05:28:22 - PIL.PngImagePlugin - DEBUG - STREAM b'IHDR' 16 13
2023-03-20 05:28:22 - PIL.PngImagePlugin - DEBUG - STREAM b'IDAT' 41 32768
2023-03-20 05:28:23 - App - INFO - (Main menu)
2023-03-20 05:28:23 - App - INFO - (Credits menu)
2023-03-20 05:28:23 - App - INFO - Switched to settings menu
2023-03-20 05:28:23 - App - INFO - Switched to cards menu
2023-03-20 05:28:24 - App - INFO - (Cards description window)
2023-03-20 05:28:36 - App - INFO - End of the program
--------------------------------------------------------------
2023-03-20 05:29:39 - App - INFO - Launching...
2023-03-20 05:29:39 - PIL.PngImagePlugin - DEBUG - STREAM b'IHDR' 16 13
2023-03-20 05:29:39 - PIL.PngImagePlugin - DEBUG - STREAM b'IDAT' 41 32768
2023-03-20 05:29:41 - App - INFO - (Main menu)
2023-03-20 05:29:41 - App - INFO - (Credits menu)
2023-03-20 05:29:41 - App - INFO - Switched to settings menu
2023-03-20 05:29:41 - App - INFO - Switched to cards menu
2023-03-20 05:29:41 - App - INFO - (Cards description window)
2023-03-20 05:30:00 - App - INFO - End of the program
--------------------------------------------------------------
2023-03-20 05:34:11 - App - INFO - Launching...
2023-03-20 05:34:11 - PIL.PngImagePlugin - DEBUG - STREAM b'IHDR' 16 13
2023-03-20 05:34:11 - PIL.PngImagePlugin - DEBUG - STREAM b'IDAT' 41 32768
2023-03-20 05:34:12 - App - INFO - (Main menu)
2023-03-20 05:34:12 - App - INFO - (Credits menu)
2023-03-20 05:34:12 - App - INFO - Switched to settings menu
2023-03-20 05:34:12 - App - INFO - Switched to cards menu
2023-03-20 05:34:13 - App - INFO - (Cards description window)
2023-03-20 05:34:23 - App - INFO - End of the program
--------------------------------------------------------------
2023-03-20 05:36:26 - App - INFO - Launching...
2023-03-20 05:36:26 - PIL.PngImagePlugin - DEBUG - STREAM b'IHDR' 16 13
2023-03-20 05:36:26 - PIL.PngImagePlugin - DEBUG - STREAM b'IDAT' 41 32768
2023-03-20 05:36:27 - App - INFO - (Main menu)
2023-03-20 05:36:27 - App - INFO - (Credits menu)
2023-03-20 05:36:27 - App - INFO - Switched to settings menu
2023-03-20 05:36:27 - App - INFO - Switched to cards menu
2023-03-20 05:36:38 - App - INFO - End of the program
--------------------------------------------------------------
2023-03-20 05:37:53 - App - INFO - Launching...
2023-03-20 05:37:53 - PIL.PngImagePlugin - DEBUG - STREAM b'IHDR' 16 13
2023-03-20 05:37:53 - PIL.PngImagePlugin - DEBUG - STREAM b'IDAT' 41 32768
2023-03-20 05:37:54 - App - INFO - (Main menu)
2023-03-20 05:37:54 - App - INFO - (Credits menu)
2023-03-20 05:37:54 - App - INFO - Switched to settings menu
2023-03-20 05:37:54 - App - INFO - Switched to cards menu
2023-03-20 05:37:55 - App - INFO - (Cards description window)
2023-03-20 05:38:06 - App - INFO - End of the program
--------------------------------------------------------------
2023-03-20 05:39:17 - App - INFO - Launching...
2023-03-20 05:39:17 - PIL.PngImagePlugin - DEBUG - STREAM b'IHDR' 16 13
2023-03-20 05:39:17 - PIL.PngImagePlugin - DEBUG - STREAM b'IDAT' 41 32768
2023-03-20 05:39:19 - App - INFO - (Main menu)
2023-03-20 05:39:19 - App - INFO - (Credits menu)
2023-03-20 05:39:19 - App - INFO - Switched to settings menu
2023-03-20 05:39:19 - App - INFO - Switched to cards menu
2023-03-20 05:39:25 - App - INFO - End of the program
--------------------------------------------------------------
2023-03-20 05:43:05 - App - INFO - Launching...
2023-03-20 05:43:05 - PIL.PngImagePlugin - DEBUG - STREAM b'IHDR' 16 13
2023-03-20 05:43:05 - PIL.PngImagePlugin - DEBUG - STREAM b'IDAT' 41 32768
2023-03-20 05:43:07 - App - INFO - (Main menu)
2023-03-20 05:43:07 - App - INFO - (Credits menu)
2023-03-20 05:43:07 - App - INFO - Switched to settings menu
2023-03-20 05:43:07 - App - INFO - Switched to cards menu
2023-03-20 05:43:07 - App - INFO - (Cards description window)
2023-03-20 05:43:23 - App - INFO - End of the program
--------------------------------------------------------------
2023-03-20 05:59:50 - App - INFO - Launching...
2023-03-20 05:59:50 - PIL.PngImagePlugin - DEBUG - STREAM b'IHDR' 16 13
2023-03-20 05:59:50 - PIL.PngImagePlugin - DEBUG - STREAM b'IDAT' 41 32768
2023-03-20 05:59:51 - App - INFO - (Main menu)
2023-03-20 05:59:51 - App - INFO - (Credits menu)
2023-03-20 05:59:51 - App - INFO - Switched to settings menu
2023-03-20 05:59:51 - App - INFO - Switched to cards menu
2023-03-20 05:59:52 - App - INFO - (Cards description window)
2023-03-20 06:00:01 - App - INFO - End of the program
--------------------------------------------------------------
2023-03-20 06:20:49 - App - INFO - Launching...
2023-03-20 06:20:50 - PIL.PngImagePlugin - DEBUG - STREAM b'IHDR' 16 13
2023-03-20 06:20:50 - PIL.PngImagePlugin - DEBUG - STREAM b'IDAT' 41 32768
2023-03-20 06:20:51 - App - INFO - (Main menu)
2023-03-20 06:20:51 - App - INFO - (Credits menu)
2023-03-20 06:20:51 - App - INFO - Switched to settings menu
2023-03-20 06:20:51 - App - INFO - Switched to cards menu
2023-03-20 06:20:52 - App - INFO - (Cards description window)
2023-03-20 06:21:05 - App - INFO - End of the program
--------------------------------------------------------------
2023-03-20 06:52:16 - App - INFO - Launching...
2023-03-20 06:52:16 - PIL.PngImagePlugin - DEBUG - STREAM b'IHDR' 16 13
2023-03-20 06:52:16 - PIL.PngImagePlugin - DEBUG - STREAM b'IDAT' 41 32768
2023-03-20 06:52:18 - App - INFO - (Main menu)
2023-03-20 06:52:18 - App - INFO - (Credits menu)
2023-03-20 06:52:18 - App - INFO - Switched to settings menu
2023-03-20 06:52:18 - App - INFO - Switched to cards menu
2023-03-20 06:52:19 - App - INFO - (Cards description window)
2023-03-20 06:52:38 - App - INFO - End of the program
--------------------------------------------------------------
2023-03-20 06:55:53 - App - INFO - Launching...
2023-03-20 06:55:53 - PIL.PngImagePlugin - DEBUG - STREAM b'IHDR' 16 13
2023-03-20 06:55:53 - PIL.PngImagePlugin - DEBUG - STREAM b'IDAT' 41 32768
2023-03-20 06:55:54 - App - INFO - (Main menu)
2023-03-20 06:55:54 - App - INFO - (Credits menu)
2023-03-20 06:55:54 - App - INFO - Switched to settings menu
2023-03-20 06:55:54 - App - INFO - Switched to cards menu
2023-03-20 06:55:56 - App - INFO - (Cards description window)
2023-03-20 06:55:59 - App - INFO - End of the program
--------------------------------------------------------------
2023-03-20 06:56:08 - App - INFO - Launching...
2023-03-20 06:56:08 - PIL.PngImagePlugin - DEBUG - STREAM b'IHDR' 16 13
2023-03-20 06:56:08 - PIL.PngImagePlugin - DEBUG - STREAM b'IDAT' 41 32768
2023-03-20 06:56:10 - App - INFO - (Main menu)
2023-03-20 06:56:10 - App - INFO - (Credits menu)
2023-03-20 06:56:10 - App - INFO - Switched to settings menu
2023-03-20 06:56:10 - App - INFO - Switched to cards menu
2023-03-20 06:56:11 - App - INFO - (Cards description window)
2023-03-20 06:56:20 - App - INFO - End of the program
--------------------------------------------------------------
2023-03-20 07:04:38 - App - INFO - Launching...
2023-03-20 07:04:38 - PIL.PngImagePlugin - DEBUG - STREAM b'IHDR' 16 13
2023-03-20 07:04:38 - PIL.PngImagePlugin - DEBUG - STREAM b'IDAT' 41 32768
2023-03-20 07:04:39 - App - INFO - (Main menu)
2023-03-20 07:04:39 - App - INFO - (Credits menu)
2023-03-20 07:04:39 - App - INFO - Switched to settings menu
2023-03-20 07:04:39 - App - INFO - Switched to cards menu
2023-03-20 07:04:45 - App - INFO - End of the program
--------------------------------------------------------------
2023-03-20 07:09:47 - App - INFO - Launching...
2023-03-20 07:09:47 - PIL.PngImagePlugin - DEBUG - STREAM b'IHDR' 16 13
2023-03-20 07:09:47 - PIL.PngImagePlugin - DEBUG - STREAM b'IDAT' 41 32768
2023-03-20 07:09:48 - App - INFO - (Main menu)
2023-03-20 07:09:48 - App - INFO - (Credits menu)
2023-03-20 07:09:48 - App - INFO - Switched to settings menu
2023-03-20 07:09:48 - App - INFO - Switched to cards menu
2023-03-20 07:09:53 - App - INFO - End of the program
--------------------------------------------------------------
2023-03-20 07:11:24 - App - INFO - Launching...
2023-03-20 07:11:24 - PIL.PngImagePlugin - DEBUG - STREAM b'IHDR' 16 13
2023-03-20 07:11:24 - PIL.PngImagePlugin - DEBUG - STREAM b'IDAT' 41 32768
2023-03-20 07:11:26 - App - INFO - (Main menu)
2023-03-20 07:11:26 - App - INFO - (Credits menu)
2023-03-20 07:11:26 - App - INFO - Switched to settings menu
2023-03-20 07:11:26 - App - INFO - Switched to cards menu
2023-03-20 07:11:31 - App - INFO - End of the program
--------------------------------------------------------------
2023-03-20 07:12:12 - App - INFO - Launching...
2023-03-20 07:12:13 - PIL.PngImagePlugin - DEBUG - STREAM b'IHDR' 16 13
2023-03-20 07:12:13 - PIL.PngImagePlugin - DEBUG - STREAM b'IDAT' 41 32768
2023-03-20 07:12:14 - App - INFO - (Main menu)
2023-03-20 07:12:14 - App - INFO - (Credits menu)
2023-03-20 07:12:14 - App - INFO - Switched to settings menu
2023-03-20 07:12:14 - App - INFO - Switched to cards menu
2023-03-20 07:12:19 - App - INFO - End of the program
--------------------------------------------------------------
2023-03-20 07:13:14 - App - INFO - Launching...
2023-03-20 07:13:15 - PIL.PngImagePlugin - DEBUG - STREAM b'IHDR' 16 13
2023-03-20 07:13:15 - PIL.PngImagePlugin - DEBUG - STREAM b'IDAT' 41 32768
2023-03-20 07:13:16 - App - INFO - (Main menu)
2023-03-20 07:13:16 - App - INFO - (Credits menu)
2023-03-20 07:13:16 - App - INFO - Switched to settings menu
2023-03-20 07:13:16 - App - INFO - Switched to cards menu
2023-03-20 07:13:22 - App - INFO - End of the program
--------------------------------------------------------------
2023-03-20 07:15:55 - App - INFO - Launching...
2023-03-20 07:15:55 - PIL.PngImagePlugin - DEBUG - STREAM b'IHDR' 16 13
2023-03-20 07:15:55 - PIL.PngImagePlugin - DEBUG - STREAM b'IDAT' 41 32768
2023-03-20 07:15:56 - App - INFO - (Main menu)
2023-03-20 07:15:56 - App - INFO - (Credits menu)
2023-03-20 07:15:56 - App - INFO - Switched to settings menu
2023-03-20 07:15:56 - App - INFO - Switched to cards menu
2023-03-20 07:15:57 - App - INFO - (Cards description window)
2023-03-20 07:16:14 - App - INFO - End of the program
--------------------------------------------------------------
2023-03-20 07:24:10 - App - INFO - Launching...
2023-03-20 07:24:10 - PIL.PngImagePlugin - DEBUG - STREAM b'IHDR' 16 13
2023-03-20 07:24:10 - PIL.PngImagePlugin - DEBUG - STREAM b'IDAT' 41 32768
2023-03-20 07:24:11 - App - INFO - (Main menu)
2023-03-20 07:24:11 - App - INFO - (Credits menu)
2023-03-20 07:24:11 - App - INFO - Switched to settings menu
2023-03-20 07:24:11 - App - INFO - Switched to cards menu
2023-03-20 07:24:16 - App - INFO - End of the program
--------------------------------------------------------------
2023-03-20 07:24:36 - App - INFO - Launching...
2023-03-20 07:24:36 - PIL.PngImagePlugin - DEBUG - STREAM b'IHDR' 16 13
2023-03-20 07:24:36 - PIL.PngImagePlugin - DEBUG - STREAM b'IDAT' 41 32768
2023-03-20 07:24:37 - App - INFO - (Main menu)
2023-03-20 07:24:37 - App - INFO - (Credits menu)
2023-03-20 07:24:37 - App - INFO - Switched to settings menu
2023-03-20 07:24:37 - App - INFO - Switched to cards menu
2023-03-20 07:24:38 - App - INFO - (Cards description window)
2023-03-20 07:24:48 - App - INFO - End of the program
--------------------------------------------------------------
2023-03-20 07:25:01 - App - INFO - Launching...
2023-03-20 07:25:01 - PIL.PngImagePlugin - DEBUG - STREAM b'IHDR' 16 13
2023-03-20 07:25:01 - PIL.PngImagePlugin - DEBUG - STREAM b'IDAT' 41 32768
2023-03-20 07:25:03 - App - INFO - (Main menu)
2023-03-20 07:25:03 - App - INFO - (Credits menu)
2023-03-20 07:25:03 - App - INFO - Switched to settings menu
2023-03-20 07:25:03 - App - INFO - Switched to cards menu
2023-03-20 07:25:04 - App - INFO - (Cards description window)
2023-03-20 07:25:19 - App - INFO - End of the program
--------------------------------------------------------------
2023-03-20 07:26:49 - App - INFO - Launching...
2023-03-20 07:26:49 - PIL.PngImagePlugin - DEBUG - STREAM b'IHDR' 16 13
2023-03-20 07:26:49 - PIL.PngImagePlugin - DEBUG - STREAM b'IDAT' 41 32768
2023-03-20 07:26:51 - App - INFO - (Main menu)
2023-03-20 07:26:51 - App - INFO - (Credits menu)
2023-03-20 07:26:51 - App - INFO - Switched to settings menu
2023-03-20 07:26:51 - App - INFO - Switched to cards menu
2023-03-20 07:26:52 - App - INFO - (Cards description window)
2023-03-20 07:27:30 - App - INFO - End of the program
--------------------------------------------------------------
2023-03-20 11:43:40 - App - INFO - Launching...
2023-03-20 11:43:40 - googleapiclient.discovery_cache - INFO - file_cache is only supported with oauth2client<4.0.0
2023-03-20 11:43:40 - googleapiclient.discovery - DEBUG - URL being requested: GET https://www.googleapis.com/drive/v3/files?spaces=appDataFolder&fields=nextPageToken%2C+files%28id%2C+name%29&pageSize=10&alt=json
2023-03-20 11:43:41 - googleapiclient.discovery - DEBUG - URL being requested: GET https://www.googleapis.com/drive/v3/files/1A7jERsQWFuthP96y0f9hTHwVzAAVrqBtw7ikNzcWpHJON7XB6w?alt=media
2023-03-20 11:43:51 - PIL.PngImagePlugin - DEBUG - STREAM b'IHDR' 16 13
2023-03-20 11:43:51 - PIL.PngImagePlugin - DEBUG - STREAM b'IDAT' 41 32768
2023-03-20 11:43:52 - App - INFO - (Main menu)
2023-03-20 11:43:52 - App - INFO - (Credits menu)
2023-03-20 11:43:52 - App - INFO - Switched to settings menu
2023-03-20 11:43:52 - App - INFO - Switched to cards menu
2023-03-20 11:43:53 - App - INFO - (Cards description window)
2023-03-20 11:43:56 - App - INFO - End of the program
--------------------------------------------------------------
2023-03-20 11:44:36 - App - INFO - Launching...
2023-03-20 11:44:36 - requests_oauthlib.oauth2_session - DEBUG - Generated new state fIENTJBsXoPWGQfXJdMWe7yuSTtN0x.
2023-03-20 11:44:50 - google_auth_oauthlib.flow - INFO - "GET /?state=fIENTJBsXoPWGQfXJdMWe7yuSTtN0x&code=4/0AWtgzh58hPs9YFfa38OJf243eGC3KCFV3eVfAECbkN7n5IxAR2s0qQ3mH9l0r412EmPVcg&scope=https://www.googleapis.com/auth/drive.appdata%20https://www.googleapis.com/auth/drive.metadata.readonly HTTP/1.1" 200 65
2023-03-20 11:44:50 - requests_oauthlib.oauth2_session - DEBUG - Encoding `client_id` "936748069792-gmbns0ab4gflsomto2565cpiqj39rk0i.apps.googleusercontent.com" with `client_secret` as Basic auth credentials.
2023-03-20 11:44:50 - requests_oauthlib.oauth2_session - DEBUG - Requesting url https://oauth2.googleapis.com/token using method POST.
2023-03-20 11:44:50 - requests_oauthlib.oauth2_session - DEBUG - Supplying headers {'Accept': 'application/json', 'Content-Type': 'application/x-www-form-urlencoded;charset=UTF-8'} and data {'grant_type': 'authorization_code', 'code': '4/0AWtgzh58hPs9YFfa38OJf243eGC3KCFV3eVfAECbkN7n5IxAR2s0qQ3mH9l0r412EmPVcg', 'redirect_uri': 'http://localhost:55548/'}
2023-03-20 11:44:50 - requests_oauthlib.oauth2_session - DEBUG - Passing through key word arguments {'timeout': None, 'auth': <requests.auth.HTTPBasicAuth object at 0x00000202D98DD480>, 'verify': True, 'proxies': None, 'cert': None}.
2023-03-20 11:44:50 - urllib3.connectionpool - DEBUG - Starting new HTTPS connection (1): oauth2.googleapis.com:443
2023-03-20 11:44:50 - urllib3.connectionpool - DEBUG - https://oauth2.googleapis.com:443 "POST /token HTTP/1.1" 200 None
2023-03-20 11:44:50 - requests_oauthlib.oauth2_session - DEBUG - Request to fetch token completed with status 200.
2023-03-20 11:44:50 - requests_oauthlib.oauth2_session - DEBUG - Request url was https://oauth2.googleapis.com/token
2023-03-20 11:44:50 - requests_oauthlib.oauth2_session - DEBUG - Request headers were {'User-Agent': 'python-requests/2.27.1', 'Accept-Encoding': 'gzip, deflate', 'Accept': 'application/json', 'Connection': 'keep-alive', 'Content-Type': 'application/x-www-form-urlencoded;charset=UTF-8', 'Content-Length': '157', 'Authorization': 'Basic OTM2NzQ4MDY5NzkyLWdtYm5zMGFiNGdmbHNvbXRvMjU2NWNwaXFqMzlyazBpLmFwcHMuZ29vZ2xldXNlcmNvbnRlbnQuY29tOkdPQ1NQWC1Ld2RrNC1EMU53aDNJSW5vRnA0XzBYMkh5azJt'}
2023-03-20 11:44:50 - requests_oauthlib.oauth2_session - DEBUG - Request body was grant_type=authorization_code&code=4%2F0AWtgzh58hPs9YFfa38OJf243eGC3KCFV3eVfAECbkN7n5IxAR2s0qQ3mH9l0r412EmPVcg&redirect_uri=http%3A%2F%2Flocalhost%3A55548%2F
2023-03-20 11:44:50 - requests_oauthlib.oauth2_session - DEBUG - Response headers were {'Pragma': 'no-cache', 'Cache-Control': 'no-cache, no-store, max-age=0, must-revalidate', 'Expires': 'Mon, 01 Jan 1990 00:00:00 GMT', 'Date': 'Mon, 20 Mar 2023 22:44:50 GMT', 'Content-Type': 'application/json; charset=utf-8', 'Vary': 'Origin, X-Origin, Referer', 'Content-Encoding': 'gzip', 'Server': 'scaffolding on HTTPServer2', 'X-XSS-Protection': '0', 'X-Frame-Options': 'SAMEORIGIN', 'X-Content-Type-Options': 'nosniff', 'Alt-Svc': 'h3=":443"; ma=2592000,h3-29=":443"; ma=2592000', 'Transfer-Encoding': 'chunked'} and content {
  "access_token": "ya29.a0AVvZVsop1MavCcaNz13kasa9udjQ7kMJv4PxuFAg5p_5dAC9kLL5Wq7fDJ7mSOif1VWMGo3sSVqcEDKOvoNXjG8wvOiYVmPZYnPY7mmYHUTiOLEh7FfjBciIvlPqNv3_anqrGxxqm2Ytv_7N4WIjyELSpug_aCgYKAZoSARESFQGbdwaILcbEP-lS5Z3I1L6Xn_-3rQ0163",
  "expires_in": 3599,
  "refresh_token": "1//03FOfqgDKewo8CgYIARAAGAMSNwF-L9IrEogcV2p3R6JEopwlhaRFswo6QXeTr1qByCt-3K7ecRoSI-r_KYSUBb3FyRSYJVI9wjM",
  "scope": "https://www.googleapis.com/auth/drive.metadata.readonly https://www.googleapis.com/auth/drive.appdata",
  "token_type": "Bearer"
}.
2023-03-20 11:44:50 - requests_oauthlib.oauth2_session - DEBUG - Invoking 0 token response hooks.
2023-03-20 11:44:50 - requests_oauthlib.oauth2_session - DEBUG - Obtained token {'access_token': 'ya29.a0AVvZVsop1MavCcaNz13kasa9udjQ7kMJv4PxuFAg5p_5dAC9kLL5Wq7fDJ7mSOif1VWMGo3sSVqcEDKOvoNXjG8wvOiYVmPZYnPY7mmYHUTiOLEh7FfjBciIvlPqNv3_anqrGxxqm2Ytv_7N4WIjyELSpug_aCgYKAZoSARESFQGbdwaILcbEP-lS5Z3I1L6Xn_-3rQ0163', 'expires_in': 3599, 'refresh_token': '1//03FOfqgDKewo8CgYIARAAGAMSNwF-L9IrEogcV2p3R6JEopwlhaRFswo6QXeTr1qByCt-3K7ecRoSI-r_KYSUBb3FyRSYJVI9wjM', 'scope': ['https://www.googleapis.com/auth/drive.metadata.readonly', 'https://www.googleapis.com/auth/drive.appdata'], 'token_type': 'Bearer', 'expires_at': 1679355889.5465744}.
2023-03-20 11:44:50 - googleapiclient.discovery_cache - INFO - file_cache is only supported with oauth2client<4.0.0
2023-03-20 11:44:50 - googleapiclient.discovery - DEBUG - URL being requested: GET https://www.googleapis.com/drive/v3/files?spaces=appDataFolder&fields=nextPageToken%2C+files%28id%2C+name%29&pageSize=10&alt=json
2023-03-20 11:44:51 - googleapiclient.discovery - DEBUG - URL being requested: GET https://www.googleapis.com/drive/v3/files/1A7jERsQWFuthP96y0f9hTHwVzAAVrqBtw7ikNzcWpHJON7XB6w?alt=media
2023-03-20 11:45:22 - PIL.PngImagePlugin - DEBUG - STREAM b'IHDR' 16 13
2023-03-20 11:45:22 - PIL.PngImagePlugin - DEBUG - STREAM b'IDAT' 41 32768
2023-03-20 11:45:23 - App - INFO - (Main menu)
2023-03-20 11:45:23 - App - INFO - (Credits menu)
2023-03-20 11:45:23 - App - INFO - Switched to settings menu
2023-03-20 11:45:23 - App - INFO - Switched to cards menu
2023-03-20 11:45:24 - App - INFO - (Cards description window)
2023-03-20 11:45:30 - App - INFO - End of the program
--------------------------------------------------------------
2023-03-20 11:46:38 - App - INFO - Launching...
2023-03-20 11:46:39 - PIL.PngImagePlugin - DEBUG - STREAM b'IHDR' 16 13
2023-03-20 11:46:39 - PIL.PngImagePlugin - DEBUG - STREAM b'IDAT' 41 32768
2023-03-20 11:46:40 - googleapiclient.discovery_cache - INFO - file_cache is only supported with oauth2client<4.0.0
2023-03-20 11:46:40 - googleapiclient.discovery - DEBUG - URL being requested: GET https://www.googleapis.com/drive/v3/files?spaces=appDataFolder&fields=nextPageToken%2C+files%28id%2C+name%29&pageSize=10&alt=json
2023-03-20 11:46:40 - googleapiclient.discovery - DEBUG - URL being requested: GET https://www.googleapis.com/drive/v3/files/1A7jERsQWFuthP96y0f9hTHwVzAAVrqBtw7ikNzcWpHJON7XB6w?alt=media
2023-03-20 11:46:41 - App - INFO - (Main menu)
2023-03-20 11:46:41 - App - INFO - (Credits menu)
2023-03-20 11:46:41 - App - INFO - Switched to settings menu
2023-03-20 11:46:41 - App - INFO - Switched to cards menu
2023-03-20 11:46:42 - App - INFO - (Cards description window)
2023-03-20 11:46:44 - App - INFO - End of the program
--------------------------------------------------------------
2023-03-20 11:47:08 - App - INFO - Launching...
2023-03-20 11:47:08 - PIL.PngImagePlugin - DEBUG - STREAM b'IHDR' 16 13
2023-03-20 11:47:08 - PIL.PngImagePlugin - DEBUG - STREAM b'IDAT' 41 32768
2023-03-20 11:47:09 - requests_oauthlib.oauth2_session - DEBUG - Generated new state iTLLKLMHuxkJYwtsZJevhcy4FGAXpy.
2023-03-20 11:47:27 - google_auth_oauthlib.flow - INFO - "GET /?state=iTLLKLMHuxkJYwtsZJevhcy4FGAXpy&code=4/0AWtgzh6LINW-d6bji9WM8dbZHdPwHMB_EEJrii_vkvqpkUJrAPs4BUsuVGWzo6PkFkub9A&scope=https://www.googleapis.com/auth/drive.appdata%20https://www.googleapis.com/auth/drive.metadata.readonly HTTP/1.1" 200 65
2023-03-20 11:47:27 - requests_oauthlib.oauth2_session - DEBUG - Encoding `client_id` "936748069792-gmbns0ab4gflsomto2565cpiqj39rk0i.apps.googleusercontent.com" with `client_secret` as Basic auth credentials.
2023-03-20 11:47:27 - requests_oauthlib.oauth2_session - DEBUG - Requesting url https://oauth2.googleapis.com/token using method POST.
2023-03-20 11:47:27 - requests_oauthlib.oauth2_session - DEBUG - Supplying headers {'Accept': 'application/json', 'Content-Type': 'application/x-www-form-urlencoded;charset=UTF-8'} and data {'grant_type': 'authorization_code', 'code': '4/0AWtgzh6LINW-d6bji9WM8dbZHdPwHMB_EEJrii_vkvqpkUJrAPs4BUsuVGWzo6PkFkub9A', 'redirect_uri': 'http://localhost:55605/'}
2023-03-20 11:47:27 - requests_oauthlib.oauth2_session - DEBUG - Passing through key word arguments {'timeout': None, 'auth': <requests.auth.HTTPBasicAuth object at 0x0000012791B52CB0>, 'verify': True, 'proxies': None, 'cert': None}.
2023-03-20 11:47:27 - urllib3.connectionpool - DEBUG - Starting new HTTPS connection (1): oauth2.googleapis.com:443
2023-03-20 11:47:27 - urllib3.connectionpool - DEBUG - https://oauth2.googleapis.com:443 "POST /token HTTP/1.1" 200 None
2023-03-20 11:47:27 - requests_oauthlib.oauth2_session - DEBUG - Request to fetch token completed with status 200.
2023-03-20 11:47:27 - requests_oauthlib.oauth2_session - DEBUG - Request url was https://oauth2.googleapis.com/token
2023-03-20 11:47:27 - requests_oauthlib.oauth2_session - DEBUG - Request headers were {'User-Agent': 'python-requests/2.27.1', 'Accept-Encoding': 'gzip, deflate', 'Accept': 'application/json', 'Connection': 'keep-alive', 'Content-Type': 'application/x-www-form-urlencoded;charset=UTF-8', 'Content-Length': '157', 'Authorization': 'Basic OTM2NzQ4MDY5NzkyLWdtYm5zMGFiNGdmbHNvbXRvMjU2NWNwaXFqMzlyazBpLmFwcHMuZ29vZ2xldXNlcmNvbnRlbnQuY29tOkdPQ1NQWC1Ld2RrNC1EMU53aDNJSW5vRnA0XzBYMkh5azJt'}
2023-03-20 11:47:27 - requests_oauthlib.oauth2_session - DEBUG - Request body was grant_type=authorization_code&code=4%2F0AWtgzh6LINW-d6bji9WM8dbZHdPwHMB_EEJrii_vkvqpkUJrAPs4BUsuVGWzo6PkFkub9A&redirect_uri=http%3A%2F%2Flocalhost%3A55605%2F
2023-03-20 11:47:27 - requests_oauthlib.oauth2_session - DEBUG - Response headers were {'Date': 'Mon, 20 Mar 2023 22:47:27 GMT', 'Cache-Control': 'no-cache, no-store, max-age=0, must-revalidate', 'Pragma': 'no-cache', 'Expires': 'Mon, 01 Jan 1990 00:00:00 GMT', 'Content-Type': 'application/json; charset=utf-8', 'Vary': 'Origin, X-Origin, Referer', 'Content-Encoding': 'gzip', 'Server': 'scaffolding on HTTPServer2', 'X-XSS-Protection': '0', 'X-Frame-Options': 'SAMEORIGIN', 'X-Content-Type-Options': 'nosniff', 'Alt-Svc': 'h3=":443"; ma=2592000,h3-29=":443"; ma=2592000', 'Transfer-Encoding': 'chunked'} and content {
  "access_token": "ya29.a0AVvZVsoq7dP1oJTRRwcIqa9lwYL1QpADv_qQyA9gy-iYial9B9ix298sGTPSEe55ZOO-5yEYkonBzaITVp4W1VmInHyBbr1f8pLsuvruunDUhWzusnW_B7fyD17P1YnvO7gm2kXIp0DQStHQeTizh7WTxOTAaCgYKAZwSARESFQGbdwaICBX-6Q94hLdtj8LLAFeIPw0163",
  "expires_in": 3599,
  "refresh_token": "1//03SbaSdhTaPbwCgYIARAAGAMSNwF-L9IrZ8a3IaprDQKJ35sl8tZWcfrNOPmnuVwbiKh6foTUM8ab6mhy7FX-ERPzCsT6Exx2lFc",
  "scope": "https://www.googleapis.com/auth/drive.metadata.readonly https://www.googleapis.com/auth/drive.appdata",
  "token_type": "Bearer"
}.
2023-03-20 11:47:27 - requests_oauthlib.oauth2_session - DEBUG - Invoking 0 token response hooks.
2023-03-20 11:47:27 - requests_oauthlib.oauth2_session - DEBUG - Obtained token {'access_token': 'ya29.a0AVvZVsoq7dP1oJTRRwcIqa9lwYL1QpADv_qQyA9gy-iYial9B9ix298sGTPSEe55ZOO-5yEYkonBzaITVp4W1VmInHyBbr1f8pLsuvruunDUhWzusnW_B7fyD17P1YnvO7gm2kXIp0DQStHQeTizh7WTxOTAaCgYKAZwSARESFQGbdwaICBX-6Q94hLdtj8LLAFeIPw0163', 'expires_in': 3599, 'refresh_token': '1//03SbaSdhTaPbwCgYIARAAGAMSNwF-L9IrZ8a3IaprDQKJ35sl8tZWcfrNOPmnuVwbiKh6foTUM8ab6mhy7FX-ERPzCsT6Exx2lFc', 'scope': ['https://www.googleapis.com/auth/drive.metadata.readonly', 'https://www.googleapis.com/auth/drive.appdata'], 'token_type': 'Bearer', 'expires_at': 1679356046.5838573}.
2023-03-20 11:47:27 - googleapiclient.discovery_cache - INFO - file_cache is only supported with oauth2client<4.0.0
2023-03-20 11:47:27 - googleapiclient.discovery - DEBUG - URL being requested: GET https://www.googleapis.com/drive/v3/files?spaces=appDataFolder&fields=nextPageToken%2C+files%28id%2C+name%29&pageSize=10&alt=json
2023-03-20 11:47:28 - googleapiclient.discovery - DEBUG - URL being requested: GET https://www.googleapis.com/drive/v3/files/1A7jERsQWFuthP96y0f9hTHwVzAAVrqBtw7ikNzcWpHJON7XB6w?alt=media
2023-03-20 11:47:28 - App - INFO - (Main menu)
2023-03-20 11:47:28 - App - INFO - (Credits menu)
2023-03-20 11:47:28 - App - INFO - Switched to settings menu
2023-03-20 11:47:28 - App - INFO - Switched to cards menu
2023-03-20 11:47:29 - App - INFO - (Cards description window)
2023-03-20 11:47:35 - App - INFO - End of the program
--------------------------------------------------------------
