2023-03-23 12:01:04 - App - INFO - Launching...
2023-03-23 12:01:04 - PIL.PngImagePlugin - DEBUG - STREAM b'IHDR' 16 13
2023-03-23 12:01:04 - PIL.PngImagePlugin - DEBUG - STREAM b'IDAT' 41 32768
2023-03-23 12:01:05 - googleapiclient.discovery_cache - INFO - file_cache is only supported with oauth2client<4.0.0
2023-03-23 12:01:05 - googleapiclient.discovery - DEBUG - URL being requested: GET https://www.googleapis.com/drive/v3/files?spaces=appDataFolder&fields=nextPageToken%2C+files%28id%2C+name%29&pageSize=10&alt=json
2023-03-23 12:01:05 - googleapiclient.discovery - DEBUG - URL being requested: GET https://www.googleapis.com/drive/v3/files/1A7jERsQWFuthP96y0f9hTHwVzAAVrqBtw7ikNzcWpHJON7XB6w?alt=media
2023-03-23 12:01:12 - App - INFO - (Main menu)
2023-03-23 12:01:12 - App - INFO - (Credits menu)
2023-03-23 12:01:12 - App - INFO - Switched to settings menu
2023-03-23 12:01:12 - App - INFO - Switched to cards menu
2023-03-23 12:01:12 - App - INFO - (Cards description window)
2023-03-23 12:01:17 - App - INFO - Card deleted
2023-03-23 12:01:21 - App - INFO - Card deleted
2023-03-23 12:01:54 - googleapiclient.discovery - DEBUG - URL being requested: PATCH https://www.googleapis.com/upload/drive/v3/files/1A7jERsQWFuthP96y0f9hTHwVzAAVrqBtw7ikNzcWpHJON7XB6w?alt=json&uploadType=resumable
2023-03-23 12:01:55 - App - INFO - End of the program
--------------------------------------------------------------
2023-03-23 12:09:36 - App - INFO - Launching...
2023-03-23 12:09:36 - PIL.PngImagePlugin - DEBUG - STREAM b'IHDR' 16 13
2023-03-23 12:09:36 - PIL.PngImagePlugin - DEBUG - STREAM b'IDAT' 41 32768
2023-03-23 12:09:38 - googleapiclient.discovery_cache - INFO - file_cache is only supported with oauth2client<4.0.0
2023-03-23 12:09:38 - googleapiclient.discovery - DEBUG - URL being requested: GET https://www.googleapis.com/drive/v3/files?spaces=appDataFolder&fields=nextPageToken%2C+files%28id%2C+name%29&pageSize=10&alt=json
2023-03-23 12:09:38 - googleapiclient.discovery - DEBUG - URL being requested: GET https://www.googleapis.com/drive/v3/files/1A7jERsQWFuthP96y0f9hTHwVzAAVrqBtw7ikNzcWpHJON7XB6w?alt=media
2023-03-23 12:09:45 - App - INFO - (Main menu)
2023-03-23 12:09:45 - App - INFO - (Credits menu)
2023-03-23 12:09:45 - App - INFO - Switched to settings menu
2023-03-23 12:09:45 - App - INFO - Switched to cards menu
2023-03-23 12:09:50 - googleapiclient.discovery - DEBUG - URL being requested: PATCH https://www.googleapis.com/upload/drive/v3/files/1A7jERsQWFuthP96y0f9hTHwVzAAVrqBtw7ikNzcWpHJON7XB6w?alt=json&uploadType=resumable
2023-03-23 12:09:52 - App - INFO - End of the program
--------------------------------------------------------------
2023-03-23 12:10:09 - App - INFO - Launching...
2023-03-23 12:10:09 - PIL.PngImagePlugin - DEBUG - STREAM b'IHDR' 16 13
2023-03-23 12:10:09 - PIL.PngImagePlugin - DEBUG - STREAM b'IDAT' 41 32768
2023-03-23 12:10:11 - googleapiclient.discovery_cache - INFO - file_cache is only supported with oauth2client<4.0.0
2023-03-23 12:10:11 - googleapiclient.discovery - DEBUG - URL being requested: GET https://www.googleapis.com/drive/v3/files?spaces=appDataFolder&fields=nextPageToken%2C+files%28id%2C+name%29&pageSize=10&alt=json
2023-03-23 12:10:11 - googleapiclient.discovery - DEBUG - URL being requested: GET https://www.googleapis.com/drive/v3/files/1A7jERsQWFuthP96y0f9hTHwVzAAVrqBtw7ikNzcWpHJON7XB6w?alt=media
2023-03-23 12:10:18 - App - INFO - (Main menu)
2023-03-23 12:10:18 - App - INFO - (Credits menu)
2023-03-23 12:10:18 - App - INFO - Switched to settings menu
2023-03-23 12:10:18 - App - INFO - Switched to cards menu
2023-03-23 12:10:18 - App - INFO - (Cards description window)
2023-03-23 12:10:36 - googleapiclient.discovery - DEBUG - URL being requested: PATCH https://www.googleapis.com/upload/drive/v3/files/1A7jERsQWFuthP96y0f9hTHwVzAAVrqBtw7ikNzcWpHJON7XB6w?alt=json&uploadType=resumable
2023-03-23 12:10:37 - App - INFO - End of the program
--------------------------------------------------------------
2023-03-23 12:12:42 - App - INFO - Launching...
2023-03-23 12:12:42 - PIL.PngImagePlugin - DEBUG - STREAM b'IHDR' 16 13
2023-03-23 12:12:42 - PIL.PngImagePlugin - DEBUG - STREAM b'IDAT' 41 32768
2023-03-23 12:12:43 - googleapiclient.discovery_cache - INFO - file_cache is only supported with oauth2client<4.0.0
2023-03-23 12:12:43 - googleapiclient.discovery - DEBUG - URL being requested: GET https://www.googleapis.com/drive/v3/files?spaces=appDataFolder&fields=nextPageToken%2C+files%28id%2C+name%29&pageSize=10&alt=json
2023-03-23 12:12:43 - googleapiclient.discovery - DEBUG - URL being requested: GET https://www.googleapis.com/drive/v3/files/1A7jERsQWFuthP96y0f9hTHwVzAAVrqBtw7ikNzcWpHJON7XB6w?alt=media
2023-03-23 12:12:50 - App - INFO - (Main menu)
2023-03-23 12:12:50 - App - INFO - (Credits menu)
2023-03-23 12:12:50 - App - INFO - Switched to settings menu
2023-03-23 12:12:50 - App - INFO - Switched to cards menu
2023-03-23 12:12:51 - App - INFO - (Cards description window)
2023-03-23 12:13:48 - googleapiclient.discovery - DEBUG - URL being requested: PATCH https://www.googleapis.com/upload/drive/v3/files/1A7jERsQWFuthP96y0f9hTHwVzAAVrqBtw7ikNzcWpHJON7XB6w?alt=json&uploadType=resumable
2023-03-23 12:13:49 - App - INFO - End of the program
--------------------------------------------------------------
2023-03-23 12:42:46 - App - INFO - Launching...
2023-03-23 12:42:46 - PIL.PngImagePlugin - DEBUG - STREAM b'IHDR' 16 13
2023-03-23 12:42:46 - PIL.PngImagePlugin - DEBUG - STREAM b'IDAT' 41 32768
2023-03-23 12:42:47 - googleapiclient.discovery_cache - INFO - file_cache is only supported with oauth2client<4.0.0
2023-03-23 12:42:47 - googleapiclient.discovery - DEBUG - URL being requested: GET https://www.googleapis.com/drive/v3/files?spaces=appDataFolder&fields=nextPageToken%2C+files%28id%2C+name%29&pageSize=10&alt=json
2023-03-23 12:42:48 - googleapiclient.discovery - DEBUG - URL being requested: GET https://www.googleapis.com/drive/v3/files/1A7jERsQWFuthP96y0f9hTHwVzAAVrqBtw7ikNzcWpHJON7XB6w?alt=media
2023-03-23 12:42:55 - App - INFO - (Main menu)
2023-03-23 12:42:55 - App - INFO - (Credits menu)
2023-03-23 12:42:55 - App - INFO - Switched to settings menu
2023-03-23 12:42:55 - App - INFO - Switched to cards menu
2023-03-23 12:42:55 - App - INFO - (Cards description window)
2023-03-23 12:43:26 - googleapiclient.discovery - DEBUG - URL being requested: PATCH https://www.googleapis.com/upload/drive/v3/files/1A7jERsQWFuthP96y0f9hTHwVzAAVrqBtw7ikNzcWpHJON7XB6w?alt=json&uploadType=resumable
2023-03-23 12:43:28 - App - INFO - End of the program
--------------------------------------------------------------
2023-03-23 12:44:12 - App - INFO - Launching...
2023-03-23 12:44:12 - PIL.PngImagePlugin - DEBUG - STREAM b'IHDR' 16 13
2023-03-23 12:44:12 - PIL.PngImagePlugin - DEBUG - STREAM b'IDAT' 41 32768
2023-03-23 12:44:13 - googleapiclient.discovery_cache - INFO - file_cache is only supported with oauth2client<4.0.0
2023-03-23 12:44:13 - googleapiclient.discovery - DEBUG - URL being requested: GET https://www.googleapis.com/drive/v3/files?spaces=appDataFolder&fields=nextPageToken%2C+files%28id%2C+name%29&pageSize=10&alt=json
2023-03-23 12:44:14 - googleapiclient.discovery - DEBUG - URL being requested: GET https://www.googleapis.com/drive/v3/files/1A7jERsQWFuthP96y0f9hTHwVzAAVrqBtw7ikNzcWpHJON7XB6w?alt=media
2023-03-23 12:44:21 - App - INFO - (Main menu)
2023-03-23 12:44:21 - App - INFO - (Credits menu)
2023-03-23 12:44:21 - App - INFO - Switched to settings menu
2023-03-23 12:44:21 - App - INFO - Switched to cards menu
2023-03-23 12:44:21 - App - INFO - (Cards description window)
2023-03-23 12:44:26 - googleapiclient.discovery - DEBUG - URL being requested: PATCH https://www.googleapis.com/upload/drive/v3/files/1A7jERsQWFuthP96y0f9hTHwVzAAVrqBtw7ikNzcWpHJON7XB6w?alt=json&uploadType=resumable
2023-03-23 12:44:28 - App - INFO - End of the program
--------------------------------------------------------------
2023-03-23 12:47:48 - App - INFO - Launching...
2023-03-23 12:47:48 - PIL.PngImagePlugin - DEBUG - STREAM b'IHDR' 16 13
2023-03-23 12:47:48 - PIL.PngImagePlugin - DEBUG - STREAM b'IDAT' 41 32768
2023-03-23 12:47:50 - google.auth.transport.requests - DEBUG - Making request: POST https://oauth2.googleapis.com/token
2023-03-23 12:47:50 - urllib3.connectionpool - DEBUG - Starting new HTTPS connection (1): oauth2.googleapis.com:443
2023-03-23 12:47:50 - urllib3.connectionpool - DEBUG - https://oauth2.googleapis.com:443 "POST /token HTTP/1.1" 200 None
2023-03-23 12:47:50 - googleapiclient.discovery_cache - INFO - file_cache is only supported with oauth2client<4.0.0
2023-03-23 12:47:50 - googleapiclient.discovery - DEBUG - URL being requested: GET https://www.googleapis.com/drive/v3/files?spaces=appDataFolder&fields=nextPageToken%2C+files%28id%2C+name%29&pageSize=10&alt=json
2023-03-23 12:47:51 - googleapiclient.discovery - DEBUG - URL being requested: GET https://www.googleapis.com/drive/v3/files/1A7jERsQWFuthP96y0f9hTHwVzAAVrqBtw7ikNzcWpHJON7XB6w?alt=media
2023-03-23 12:47:57 - App - INFO - (Main menu)
2023-03-23 12:47:57 - App - INFO - (Credits menu)
2023-03-23 12:47:57 - App - INFO - Switched to settings menu
2023-03-23 12:47:57 - App - INFO - Switched to cards menu
2023-03-23 12:48:03 - googleapiclient.discovery - DEBUG - URL being requested: PATCH https://www.googleapis.com/upload/drive/v3/files/1A7jERsQWFuthP96y0f9hTHwVzAAVrqBtw7ikNzcWpHJON7XB6w?alt=json&uploadType=resumable
2023-03-23 12:48:05 - App - INFO - End of the program
--------------------------------------------------------------
2023-03-23 12:49:00 - App - INFO - Launching...
2023-03-23 12:49:01 - PIL.PngImagePlugin - DEBUG - STREAM b'IHDR' 16 13
2023-03-23 12:49:01 - PIL.PngImagePlugin - DEBUG - STREAM b'IDAT' 41 32768
2023-03-23 12:49:02 - googleapiclient.discovery_cache - INFO - file_cache is only supported with oauth2client<4.0.0
2023-03-23 12:49:02 - googleapiclient.discovery - DEBUG - URL being requested: GET https://www.googleapis.com/drive/v3/files?spaces=appDataFolder&fields=nextPageToken%2C+files%28id%2C+name%29&pageSize=10&alt=json
2023-03-23 12:49:02 - googleapiclient.discovery - DEBUG - URL being requested: GET https://www.googleapis.com/drive/v3/files/1A7jERsQWFuthP96y0f9hTHwVzAAVrqBtw7ikNzcWpHJON7XB6w?alt=media
2023-03-23 12:49:09 - App - INFO - (Main menu)
2023-03-23 12:49:09 - App - INFO - (Credits menu)
2023-03-23 12:49:09 - App - INFO - Switched to settings menu
2023-03-23 12:49:09 - App - INFO - Switched to cards menu
2023-03-23 12:49:13 - googleapiclient.discovery - DEBUG - URL being requested: PATCH https://www.googleapis.com/upload/drive/v3/files/1A7jERsQWFuthP96y0f9hTHwVzAAVrqBtw7ikNzcWpHJON7XB6w?alt=json&uploadType=resumable
2023-03-23 12:49:15 - App - INFO - End of the program
--------------------------------------------------------------
2023-03-23 12:55:11 - App - INFO - Launching...
2023-03-23 12:55:11 - PIL.PngImagePlugin - DEBUG - STREAM b'IHDR' 16 13
2023-03-23 12:55:11 - PIL.PngImagePlugin - DEBUG - STREAM b'IDAT' 41 32768
2023-03-23 12:55:12 - googleapiclient.discovery_cache - INFO - file_cache is only supported with oauth2client<4.0.0
2023-03-23 12:55:12 - googleapiclient.discovery - DEBUG - URL being requested: GET https://www.googleapis.com/drive/v3/files?spaces=appDataFolder&fields=nextPageToken%2C+files%28id%2C+name%29&pageSize=10&alt=json
2023-03-23 12:55:13 - googleapiclient.discovery - DEBUG - URL being requested: GET https://www.googleapis.com/drive/v3/files/1A7jERsQWFuthP96y0f9hTHwVzAAVrqBtw7ikNzcWpHJON7XB6w?alt=media
2023-03-23 12:55:19 - App - INFO - (Main menu)
2023-03-23 12:55:20 - App - INFO - (Credits menu)
2023-03-23 12:55:20 - App - INFO - Switched to settings menu
2023-03-23 12:55:20 - App - INFO - Switched to cards menu
2023-03-23 12:55:26 - googleapiclient.discovery - DEBUG - URL being requested: PATCH https://www.googleapis.com/upload/drive/v3/files/1A7jERsQWFuthP96y0f9hTHwVzAAVrqBtw7ikNzcWpHJON7XB6w?alt=json&uploadType=resumable
2023-03-23 12:55:27 - App - INFO - End of the program
--------------------------------------------------------------
2023-03-23 12:56:14 - App - INFO - Launching...
2023-03-23 12:56:14 - PIL.PngImagePlugin - DEBUG - STREAM b'IHDR' 16 13
2023-03-23 12:56:14 - PIL.PngImagePlugin - DEBUG - STREAM b'IDAT' 41 32768
2023-03-23 12:56:15 - googleapiclient.discovery_cache - INFO - file_cache is only supported with oauth2client<4.0.0
2023-03-23 12:56:15 - googleapiclient.discovery - DEBUG - URL being requested: GET https://www.googleapis.com/drive/v3/files?spaces=appDataFolder&fields=nextPageToken%2C+files%28id%2C+name%29&pageSize=10&alt=json
2023-03-23 12:56:15 - googleapiclient.discovery - DEBUG - URL being requested: GET https://www.googleapis.com/drive/v3/files/1A7jERsQWFuthP96y0f9hTHwVzAAVrqBtw7ikNzcWpHJON7XB6w?alt=media
2023-03-23 12:56:22 - App - INFO - (Main menu)
2023-03-23 12:56:22 - App - INFO - (Credits menu)
2023-03-23 12:56:22 - App - INFO - Switched to settings menu
2023-03-23 12:56:22 - App - INFO - Switched to cards menu
2023-03-23 12:56:27 - googleapiclient.discovery - DEBUG - URL being requested: PATCH https://www.googleapis.com/upload/drive/v3/files/1A7jERsQWFuthP96y0f9hTHwVzAAVrqBtw7ikNzcWpHJON7XB6w?alt=json&uploadType=resumable
2023-03-23 12:56:28 - App - INFO - End of the program
--------------------------------------------------------------
2023-03-23 12:59:18 - App - INFO - Launching...
2023-03-23 12:59:18 - PIL.PngImagePlugin - DEBUG - STREAM b'IHDR' 16 13
2023-03-23 12:59:18 - PIL.PngImagePlugin - DEBUG - STREAM b'IDAT' 41 32768
2023-03-23 12:59:19 - googleapiclient.discovery_cache - INFO - file_cache is only supported with oauth2client<4.0.0
2023-03-23 12:59:19 - googleapiclient.discovery - DEBUG - URL being requested: GET https://www.googleapis.com/drive/v3/files?spaces=appDataFolder&fields=nextPageToken%2C+files%28id%2C+name%29&pageSize=10&alt=json
2023-03-23 12:59:20 - googleapiclient.discovery - DEBUG - URL being requested: GET https://www.googleapis.com/drive/v3/files/1A7jERsQWFuthP96y0f9hTHwVzAAVrqBtw7ikNzcWpHJON7XB6w?alt=media
2023-03-23 12:59:27 - App - INFO - (Main menu)
2023-03-23 12:59:27 - App - INFO - (Credits menu)
2023-03-23 12:59:27 - App - INFO - Switched to settings menu
2023-03-23 12:59:27 - App - INFO - Switched to cards menu
2023-03-23 12:59:30 - googleapiclient.discovery - DEBUG - URL being requested: PATCH https://www.googleapis.com/upload/drive/v3/files/1A7jERsQWFuthP96y0f9hTHwVzAAVrqBtw7ikNzcWpHJON7XB6w?alt=json&uploadType=resumable
2023-03-23 12:59:32 - App - INFO - End of the program
--------------------------------------------------------------
2023-03-23 01:02:43 - App - INFO - Launching...
2023-03-23 01:02:43 - PIL.PngImagePlugin - DEBUG - STREAM b'IHDR' 16 13
2023-03-23 01:02:43 - PIL.PngImagePlugin - DEBUG - STREAM b'IDAT' 41 32768
2023-03-23 01:02:44 - googleapiclient.discovery_cache - INFO - file_cache is only supported with oauth2client<4.0.0
2023-03-23 01:02:44 - googleapiclient.discovery - DEBUG - URL being requested: GET https://www.googleapis.com/drive/v3/files?spaces=appDataFolder&fields=nextPageToken%2C+files%28id%2C+name%29&pageSize=10&alt=json
2023-03-23 01:02:45 - googleapiclient.discovery - DEBUG - URL being requested: GET https://www.googleapis.com/drive/v3/files/1A7jERsQWFuthP96y0f9hTHwVzAAVrqBtw7ikNzcWpHJON7XB6w?alt=media
2023-03-23 01:02:52 - App - INFO - (Main menu)
2023-03-23 01:02:52 - App - INFO - (Credits menu)
2023-03-23 01:02:52 - App - INFO - Switched to settings menu
2023-03-23 01:02:52 - App - INFO - Switched to cards menu
2023-03-23 01:02:52 - App - INFO - (Cards description window)
2023-03-23 01:03:07 - googleapiclient.discovery - DEBUG - URL being requested: PATCH https://www.googleapis.com/upload/drive/v3/files/1A7jERsQWFuthP96y0f9hTHwVzAAVrqBtw7ikNzcWpHJON7XB6w?alt=json&uploadType=resumable
2023-03-23 01:03:09 - App - INFO - End of the program
--------------------------------------------------------------
2023-03-23 08:25:27 - App - INFO - Launching...
2023-03-23 08:25:27 - PIL.PngImagePlugin - DEBUG - STREAM b'IHDR' 16 13
2023-03-23 08:25:27 - PIL.PngImagePlugin - DEBUG - STREAM b'IDAT' 41 32768
2023-03-23 08:25:28 - googleapiclient.discovery_cache - INFO - file_cache is only supported with oauth2client<4.0.0
2023-03-23 08:25:28 - googleapiclient.discovery - DEBUG - URL being requested: GET https://www.googleapis.com/drive/v3/files?spaces=appDataFolder&fields=nextPageToken%2C+files%28id%2C+name%29&pageSize=10&alt=json
2023-03-23 08:25:28 - googleapiclient.discovery - DEBUG - URL being requested: GET https://www.googleapis.com/drive/v3/files/1A7jERsQWFuthP96y0f9hTHwVzAAVrqBtw7ikNzcWpHJON7XB6w?alt=media
2023-03-23 08:25:35 - App - INFO - (Main menu)
2023-03-23 08:25:35 - App - INFO - (Credits menu)
2023-03-23 08:25:35 - App - INFO - Switched to settings menu
2023-03-23 08:25:35 - App - INFO - Switched to cards menu
2023-03-23 08:25:35 - App - INFO - (Cards description window)
2023-03-23 08:25:51 - googleapiclient.discovery - DEBUG - URL being requested: PATCH https://www.googleapis.com/upload/drive/v3/files/1A7jERsQWFuthP96y0f9hTHwVzAAVrqBtw7ikNzcWpHJON7XB6w?alt=json&uploadType=resumable
2023-03-23 08:25:52 - App - INFO - End of the program
--------------------------------------------------------------
2023-03-23 08:34:16 - App - INFO - Launching...
2023-03-23 08:34:17 - PIL.PngImagePlugin - DEBUG - STREAM b'IHDR' 16 13
2023-03-23 08:34:17 - PIL.PngImagePlugin - DEBUG - STREAM b'IDAT' 41 32768
2023-03-23 08:34:18 - googleapiclient.discovery_cache - INFO - file_cache is only supported with oauth2client<4.0.0
2023-03-23 08:34:18 - googleapiclient.discovery - DEBUG - URL being requested: GET https://www.googleapis.com/drive/v3/files?spaces=appDataFolder&fields=nextPageToken%2C+files%28id%2C+name%29&pageSize=10&alt=json
2023-03-23 08:34:18 - googleapiclient.discovery - DEBUG - URL being requested: GET https://www.googleapis.com/drive/v3/files/1A7jERsQWFuthP96y0f9hTHwVzAAVrqBtw7ikNzcWpHJON7XB6w?alt=media
2023-03-23 08:34:25 - App - INFO - (Main menu)
2023-03-23 08:34:25 - App - INFO - (Credits menu)
2023-03-23 08:34:25 - App - INFO - Switched to settings menu
2023-03-23 08:34:25 - App - INFO - Switched to cards menu
2023-03-23 08:34:25 - App - INFO - (Cards description window)
2023-03-23 08:34:46 - googleapiclient.discovery - DEBUG - URL being requested: PATCH https://www.googleapis.com/upload/drive/v3/files/1A7jERsQWFuthP96y0f9hTHwVzAAVrqBtw7ikNzcWpHJON7XB6w?alt=json&uploadType=resumable
2023-03-23 08:34:48 - App - INFO - End of the program
--------------------------------------------------------------
2023-03-23 08:43:58 - App - INFO - Launching...
2023-03-23 08:43:58 - PIL.PngImagePlugin - DEBUG - STREAM b'IHDR' 16 13
2023-03-23 08:43:58 - PIL.PngImagePlugin - DEBUG - STREAM b'IDAT' 41 32768
2023-03-23 08:44:00 - googleapiclient.discovery_cache - INFO - file_cache is only supported with oauth2client<4.0.0
2023-03-23 08:44:00 - googleapiclient.discovery - DEBUG - URL being requested: GET https://www.googleapis.com/drive/v3/files?spaces=appDataFolder&fields=nextPageToken%2C+files%28id%2C+name%29&pageSize=10&alt=json
2023-03-23 08:44:00 - googleapiclient.discovery - DEBUG - URL being requested: GET https://www.googleapis.com/drive/v3/files/1A7jERsQWFuthP96y0f9hTHwVzAAVrqBtw7ikNzcWpHJON7XB6w?alt=media
2023-03-23 08:44:07 - App - INFO - (Main menu)
2023-03-23 08:44:07 - App - INFO - (Credits menu)
2023-03-23 08:44:07 - App - INFO - Switched to settings menu
2023-03-23 08:44:07 - App - INFO - Switched to cards menu
2023-03-23 08:44:07 - App - INFO - (Cards description window)
2023-03-23 08:44:22 - App - INFO - Card deleted
2023-03-23 08:44:25 - googleapiclient.discovery - DEBUG - URL being requested: PATCH https://www.googleapis.com/upload/drive/v3/files/1A7jERsQWFuthP96y0f9hTHwVzAAVrqBtw7ikNzcWpHJON7XB6w?alt=json&uploadType=resumable
2023-03-23 08:44:27 - App - INFO - End of the program
--------------------------------------------------------------
2023-03-23 08:46:30 - App - INFO - Launching...
2023-03-23 08:46:30 - PIL.PngImagePlugin - DEBUG - STREAM b'IHDR' 16 13
2023-03-23 08:46:30 - PIL.PngImagePlugin - DEBUG - STREAM b'IDAT' 41 32768
2023-03-23 08:46:31 - googleapiclient.discovery_cache - INFO - file_cache is only supported with oauth2client<4.0.0
2023-03-23 08:46:31 - googleapiclient.discovery - DEBUG - URL being requested: GET https://www.googleapis.com/drive/v3/files?spaces=appDataFolder&fields=nextPageToken%2C+files%28id%2C+name%29&pageSize=10&alt=json
2023-03-23 08:46:31 - googleapiclient.discovery - DEBUG - URL being requested: GET https://www.googleapis.com/drive/v3/files/1A7jERsQWFuthP96y0f9hTHwVzAAVrqBtw7ikNzcWpHJON7XB6w?alt=media
2023-03-23 08:46:39 - App - INFO - (Main menu)
2023-03-23 08:46:39 - App - INFO - (Credits menu)
2023-03-23 08:46:39 - App - INFO - Switched to settings menu
2023-03-23 08:46:39 - App - INFO - Switched to cards menu
2023-03-23 08:46:39 - App - INFO - (Cards description window)
2023-03-23 08:46:45 - App - INFO - Card deleted
2023-03-23 08:46:49 - googleapiclient.discovery - DEBUG - URL being requested: PATCH https://www.googleapis.com/upload/drive/v3/files/1A7jERsQWFuthP96y0f9hTHwVzAAVrqBtw7ikNzcWpHJON7XB6w?alt=json&uploadType=resumable
2023-03-23 08:46:51 - App - INFO - End of the program
--------------------------------------------------------------
2023-03-23 08:47:03 - App - INFO - Launching...
2023-03-23 08:47:03 - PIL.PngImagePlugin - DEBUG - STREAM b'IHDR' 16 13
2023-03-23 08:47:03 - PIL.PngImagePlugin - DEBUG - STREAM b'IDAT' 41 32768
2023-03-23 08:47:04 - googleapiclient.discovery_cache - INFO - file_cache is only supported with oauth2client<4.0.0
2023-03-23 08:47:04 - googleapiclient.discovery - DEBUG - URL being requested: GET https://www.googleapis.com/drive/v3/files?spaces=appDataFolder&fields=nextPageToken%2C+files%28id%2C+name%29&pageSize=10&alt=json
2023-03-23 08:47:05 - googleapiclient.discovery - DEBUG - URL being requested: GET https://www.googleapis.com/drive/v3/files/1A7jERsQWFuthP96y0f9hTHwVzAAVrqBtw7ikNzcWpHJON7XB6w?alt=media
2023-03-23 08:47:11 - App - INFO - (Main menu)
2023-03-23 08:47:11 - App - INFO - (Credits menu)
2023-03-23 08:47:11 - App - INFO - Switched to settings menu
2023-03-23 08:47:11 - App - INFO - Switched to cards menu
2023-03-23 08:47:12 - App - INFO - (Cards description window)
2023-03-23 08:47:22 - App - INFO - Card deleted
2023-03-23 08:47:30 - App - INFO - Card deleted
2023-03-23 08:47:35 - googleapiclient.discovery - DEBUG - URL being requested: PATCH https://www.googleapis.com/upload/drive/v3/files/1A7jERsQWFuthP96y0f9hTHwVzAAVrqBtw7ikNzcWpHJON7XB6w?alt=json&uploadType=resumable
2023-03-23 08:47:37 - App - INFO - End of the program
--------------------------------------------------------------
2023-03-23 08:53:16 - App - INFO - Launching...
2023-03-23 08:53:16 - PIL.PngImagePlugin - DEBUG - STREAM b'IHDR' 16 13
2023-03-23 08:53:16 - PIL.PngImagePlugin - DEBUG - STREAM b'IDAT' 41 32768
2023-03-23 08:53:17 - googleapiclient.discovery_cache - INFO - file_cache is only supported with oauth2client<4.0.0
2023-03-23 08:53:17 - googleapiclient.discovery - DEBUG - URL being requested: GET https://www.googleapis.com/drive/v3/files?spaces=appDataFolder&fields=nextPageToken%2C+files%28id%2C+name%29&pageSize=10&alt=json
2023-03-23 08:53:18 - googleapiclient.discovery - DEBUG - URL being requested: GET https://www.googleapis.com/drive/v3/files/1A7jERsQWFuthP96y0f9hTHwVzAAVrqBtw7ikNzcWpHJON7XB6w?alt=media
2023-03-23 08:53:23 - App - INFO - (Main menu)
2023-03-23 08:53:23 - App - INFO - (Credits menu)
2023-03-23 08:53:23 - App - INFO - Switched to settings menu
2023-03-23 08:53:23 - App - INFO - Switched to cards menu
2023-03-23 08:53:24 - App - INFO - (Cards description window)
2023-03-23 08:53:29 - App - INFO - Card deleted
2023-03-23 08:53:32 - googleapiclient.discovery - DEBUG - URL being requested: PATCH https://www.googleapis.com/upload/drive/v3/files/1A7jERsQWFuthP96y0f9hTHwVzAAVrqBtw7ikNzcWpHJON7XB6w?alt=json&uploadType=resumable
2023-03-23 08:53:33 - App - INFO - End of the program
--------------------------------------------------------------
2023-03-23 08:55:20 - App - INFO - Launching...
2023-03-23 08:55:20 - PIL.PngImagePlugin - DEBUG - STREAM b'IHDR' 16 13
2023-03-23 08:55:20 - PIL.PngImagePlugin - DEBUG - STREAM b'IDAT' 41 32768
2023-03-23 08:55:21 - googleapiclient.discovery_cache - INFO - file_cache is only supported with oauth2client<4.0.0
2023-03-23 08:55:21 - googleapiclient.discovery - DEBUG - URL being requested: GET https://www.googleapis.com/drive/v3/files?spaces=appDataFolder&fields=nextPageToken%2C+files%28id%2C+name%29&pageSize=10&alt=json
2023-03-23 08:55:22 - googleapiclient.discovery - DEBUG - URL being requested: GET https://www.googleapis.com/drive/v3/files/1A7jERsQWFuthP96y0f9hTHwVzAAVrqBtw7ikNzcWpHJON7XB6w?alt=media
2023-03-23 08:55:27 - App - INFO - (Main menu)
2023-03-23 08:55:27 - App - INFO - (Credits menu)
2023-03-23 08:55:27 - App - INFO - Switched to settings menu
2023-03-23 08:55:27 - App - INFO - Switched to cards menu
2023-03-23 08:55:28 - App - INFO - (Cards description window)
2023-03-23 08:55:58 - App - INFO - Card deleted
2023-03-23 08:56:00 - googleapiclient.discovery - DEBUG - URL being requested: PATCH https://www.googleapis.com/upload/drive/v3/files/1A7jERsQWFuthP96y0f9hTHwVzAAVrqBtw7ikNzcWpHJON7XB6w?alt=json&uploadType=resumable
2023-03-23 08:56:02 - App - INFO - End of the program
--------------------------------------------------------------
2023-03-23 08:59:15 - App - INFO - Launching...
2023-03-23 08:59:15 - PIL.PngImagePlugin - DEBUG - STREAM b'IHDR' 16 13
2023-03-23 08:59:15 - PIL.PngImagePlugin - DEBUG - STREAM b'IDAT' 41 32768
2023-03-23 08:59:16 - googleapiclient.discovery_cache - INFO - file_cache is only supported with oauth2client<4.0.0
2023-03-23 08:59:16 - googleapiclient.discovery - DEBUG - URL being requested: GET https://www.googleapis.com/drive/v3/files?spaces=appDataFolder&fields=nextPageToken%2C+files%28id%2C+name%29&pageSize=10&alt=json
2023-03-23 08:59:16 - googleapiclient.discovery - DEBUG - URL being requested: GET https://www.googleapis.com/drive/v3/files/1A7jERsQWFuthP96y0f9hTHwVzAAVrqBtw7ikNzcWpHJON7XB6w?alt=media
2023-03-23 08:59:22 - App - INFO - (Main menu)
2023-03-23 08:59:22 - App - INFO - (Credits menu)
2023-03-23 08:59:22 - App - INFO - Switched to settings menu
2023-03-23 08:59:22 - App - INFO - Switched to cards menu
2023-03-23 08:59:27 - googleapiclient.discovery - DEBUG - URL being requested: PATCH https://www.googleapis.com/upload/drive/v3/files/1A7jERsQWFuthP96y0f9hTHwVzAAVrqBtw7ikNzcWpHJON7XB6w?alt=json&uploadType=resumable
2023-03-23 08:59:28 - App - INFO - End of the program
--------------------------------------------------------------
2023-03-23 08:59:48 - App - INFO - Launching...
2023-03-23 08:59:48 - PIL.PngImagePlugin - DEBUG - STREAM b'IHDR' 16 13
2023-03-23 08:59:48 - PIL.PngImagePlugin - DEBUG - STREAM b'IDAT' 41 32768
2023-03-23 08:59:49 - googleapiclient.discovery_cache - INFO - file_cache is only supported with oauth2client<4.0.0
2023-03-23 08:59:49 - googleapiclient.discovery - DEBUG - URL being requested: GET https://www.googleapis.com/drive/v3/files?spaces=appDataFolder&fields=nextPageToken%2C+files%28id%2C+name%29&pageSize=10&alt=json
2023-03-23 08:59:49 - googleapiclient.discovery - DEBUG - URL being requested: GET https://www.googleapis.com/drive/v3/files/1A7jERsQWFuthP96y0f9hTHwVzAAVrqBtw7ikNzcWpHJON7XB6w?alt=media
2023-03-23 08:59:55 - App - INFO - (Main menu)
2023-03-23 08:59:55 - App - INFO - (Credits menu)
2023-03-23 08:59:55 - App - INFO - Switched to settings menu
2023-03-23 08:59:55 - App - INFO - Switched to cards menu
2023-03-23 08:59:55 - App - INFO - (Cards description window)
2023-03-23 09:00:04 - App - INFO - Card deleted
2023-03-23 09:00:18 - googleapiclient.discovery - DEBUG - URL being requested: PATCH https://www.googleapis.com/upload/drive/v3/files/1A7jERsQWFuthP96y0f9hTHwVzAAVrqBtw7ikNzcWpHJON7XB6w?alt=json&uploadType=resumable
2023-03-23 09:00:19 - App - INFO - End of the program
--------------------------------------------------------------
2023-03-23 09:01:01 - App - INFO - Launching...
2023-03-23 09:01:01 - PIL.PngImagePlugin - DEBUG - STREAM b'IHDR' 16 13
2023-03-23 09:01:01 - PIL.PngImagePlugin - DEBUG - STREAM b'IDAT' 41 32768
2023-03-23 09:01:03 - googleapiclient.discovery_cache - INFO - file_cache is only supported with oauth2client<4.0.0
2023-03-23 09:01:03 - googleapiclient.discovery - DEBUG - URL being requested: GET https://www.googleapis.com/drive/v3/files?spaces=appDataFolder&fields=nextPageToken%2C+files%28id%2C+name%29&pageSize=10&alt=json
2023-03-23 09:01:03 - googleapiclient.discovery - DEBUG - URL being requested: GET https://www.googleapis.com/drive/v3/files/1A7jERsQWFuthP96y0f9hTHwVzAAVrqBtw7ikNzcWpHJON7XB6w?alt=media
2023-03-23 09:01:08 - App - INFO - (Main menu)
2023-03-23 09:01:08 - App - INFO - (Credits menu)
2023-03-23 09:01:08 - App - INFO - Switched to settings menu
2023-03-23 09:01:08 - App - INFO - Switched to cards menu
2023-03-23 09:01:09 - App - INFO - (Cards description window)
2023-03-23 09:01:17 - App - INFO - Card deleted
2023-03-23 09:01:22 - googleapiclient.discovery - DEBUG - URL being requested: PATCH https://www.googleapis.com/upload/drive/v3/files/1A7jERsQWFuthP96y0f9hTHwVzAAVrqBtw7ikNzcWpHJON7XB6w?alt=json&uploadType=resumable
2023-03-23 09:01:23 - App - INFO - End of the program
--------------------------------------------------------------
2023-03-23 09:02:12 - App - INFO - Launching...
2023-03-23 09:02:12 - PIL.PngImagePlugin - DEBUG - STREAM b'IHDR' 16 13
2023-03-23 09:02:12 - PIL.PngImagePlugin - DEBUG - STREAM b'IDAT' 41 32768
2023-03-23 09:02:13 - googleapiclient.discovery_cache - INFO - file_cache is only supported with oauth2client<4.0.0
2023-03-23 09:02:13 - googleapiclient.discovery - DEBUG - URL being requested: GET https://www.googleapis.com/drive/v3/files?spaces=appDataFolder&fields=nextPageToken%2C+files%28id%2C+name%29&pageSize=10&alt=json
2023-03-23 09:02:13 - googleapiclient.discovery - DEBUG - URL being requested: GET https://www.googleapis.com/drive/v3/files/1A7jERsQWFuthP96y0f9hTHwVzAAVrqBtw7ikNzcWpHJON7XB6w?alt=media
2023-03-23 09:02:18 - App - INFO - (Main menu)
2023-03-23 09:02:18 - App - INFO - (Credits menu)
2023-03-23 09:02:18 - App - INFO - Switched to settings menu
2023-03-23 09:02:18 - App - INFO - Switched to cards menu
2023-03-23 09:02:18 - App - INFO - (Cards description window)
2023-03-23 09:02:25 - App - INFO - Card deleted
2023-03-23 09:02:28 - googleapiclient.discovery - DEBUG - URL being requested: PATCH https://www.googleapis.com/upload/drive/v3/files/1A7jERsQWFuthP96y0f9hTHwVzAAVrqBtw7ikNzcWpHJON7XB6w?alt=json&uploadType=resumable
2023-03-23 09:02:29 - App - INFO - End of the program
--------------------------------------------------------------
2023-03-23 09:05:40 - App - INFO - Launching...
2023-03-23 09:05:40 - PIL.PngImagePlugin - DEBUG - STREAM b'IHDR' 16 13
2023-03-23 09:05:40 - PIL.PngImagePlugin - DEBUG - STREAM b'IDAT' 41 32768
2023-03-23 09:05:42 - googleapiclient.discovery_cache - INFO - file_cache is only supported with oauth2client<4.0.0
2023-03-23 09:05:42 - googleapiclient.discovery - DEBUG - URL being requested: GET https://www.googleapis.com/drive/v3/files?spaces=appDataFolder&fields=nextPageToken%2C+files%28id%2C+name%29&pageSize=10&alt=json
2023-03-23 09:05:42 - googleapiclient.discovery - DEBUG - URL being requested: GET https://www.googleapis.com/drive/v3/files/1A7jERsQWFuthP96y0f9hTHwVzAAVrqBtw7ikNzcWpHJON7XB6w?alt=media
2023-03-23 09:05:46 - App - INFO - (Main menu)
2023-03-23 09:05:46 - App - INFO - (Credits menu)
2023-03-23 09:05:46 - App - INFO - Switched to settings menu
2023-03-23 09:05:46 - App - INFO - Switched to cards menu
2023-03-23 09:05:47 - App - INFO - (Cards description window)
2023-03-23 09:05:53 - App - INFO - Card deleted
2023-03-23 09:06:03 - googleapiclient.discovery - DEBUG - URL being requested: PATCH https://www.googleapis.com/upload/drive/v3/files/1A7jERsQWFuthP96y0f9hTHwVzAAVrqBtw7ikNzcWpHJON7XB6w?alt=json&uploadType=resumable
2023-03-23 09:06:05 - App - INFO - End of the program
--------------------------------------------------------------
2023-03-23 09:07:02 - App - INFO - Launching...
2023-03-23 09:07:02 - PIL.PngImagePlugin - DEBUG - STREAM b'IHDR' 16 13
2023-03-23 09:07:02 - PIL.PngImagePlugin - DEBUG - STREAM b'IDAT' 41 32768
2023-03-23 09:07:03 - googleapiclient.discovery_cache - INFO - file_cache is only supported with oauth2client<4.0.0
2023-03-23 09:07:03 - googleapiclient.discovery - DEBUG - URL being requested: GET https://www.googleapis.com/drive/v3/files?spaces=appDataFolder&fields=nextPageToken%2C+files%28id%2C+name%29&pageSize=10&alt=json
2023-03-23 09:07:04 - googleapiclient.discovery - DEBUG - URL being requested: GET https://www.googleapis.com/drive/v3/files/1A7jERsQWFuthP96y0f9hTHwVzAAVrqBtw7ikNzcWpHJON7XB6w?alt=media
2023-03-23 09:07:10 - App - INFO - (Main menu)
2023-03-23 09:07:10 - App - INFO - (Credits menu)
2023-03-23 09:07:10 - App - INFO - Switched to settings menu
2023-03-23 09:07:10 - App - INFO - Switched to cards menu
2023-03-23 09:07:10 - App - INFO - (Cards description window)
2023-03-23 09:08:08 - googleapiclient.discovery - DEBUG - URL being requested: PATCH https://www.googleapis.com/upload/drive/v3/files/1A7jERsQWFuthP96y0f9hTHwVzAAVrqBtw7ikNzcWpHJON7XB6w?alt=json&uploadType=resumable
2023-03-23 09:08:09 - App - INFO - End of the program
--------------------------------------------------------------
2023-03-23 09:10:13 - App - INFO - Launching...
2023-03-23 09:10:13 - PIL.PngImagePlugin - DEBUG - STREAM b'IHDR' 16 13
2023-03-23 09:10:13 - PIL.PngImagePlugin - DEBUG - STREAM b'IDAT' 41 32768
2023-03-23 09:10:15 - googleapiclient.discovery_cache - INFO - file_cache is only supported with oauth2client<4.0.0
2023-03-23 09:10:15 - googleapiclient.discovery - DEBUG - URL being requested: GET https://www.googleapis.com/drive/v3/files?spaces=appDataFolder&fields=nextPageToken%2C+files%28id%2C+name%29&pageSize=10&alt=json
2023-03-23 09:10:15 - googleapiclient.discovery - DEBUG - URL being requested: GET https://www.googleapis.com/drive/v3/files/1A7jERsQWFuthP96y0f9hTHwVzAAVrqBtw7ikNzcWpHJON7XB6w?alt=media
2023-03-23 09:10:21 - App - INFO - (Main menu)
2023-03-23 09:10:21 - App - INFO - (Credits menu)
2023-03-23 09:10:21 - App - INFO - Switched to settings menu
2023-03-23 09:10:21 - App - INFO - Switched to cards menu
2023-03-23 09:10:21 - App - INFO - (Cards description window)
2023-03-23 09:12:31 - googleapiclient.discovery - DEBUG - URL being requested: PATCH https://www.googleapis.com/upload/drive/v3/files/1A7jERsQWFuthP96y0f9hTHwVzAAVrqBtw7ikNzcWpHJON7XB6w?alt=json&uploadType=resumable
2023-03-23 09:12:32 - App - INFO - End of the program
--------------------------------------------------------------
2023-03-23 09:13:41 - App - INFO - Launching...
2023-03-23 09:13:41 - PIL.PngImagePlugin - DEBUG - STREAM b'IHDR' 16 13
2023-03-23 09:13:41 - PIL.PngImagePlugin - DEBUG - STREAM b'IDAT' 41 32768
2023-03-23 09:13:42 - googleapiclient.discovery_cache - INFO - file_cache is only supported with oauth2client<4.0.0
2023-03-23 09:13:42 - googleapiclient.discovery - DEBUG - URL being requested: GET https://www.googleapis.com/drive/v3/files?spaces=appDataFolder&fields=nextPageToken%2C+files%28id%2C+name%29&pageSize=10&alt=json
2023-03-23 09:13:43 - googleapiclient.discovery - DEBUG - URL being requested: GET https://www.googleapis.com/drive/v3/files/1A7jERsQWFuthP96y0f9hTHwVzAAVrqBtw7ikNzcWpHJON7XB6w?alt=media
2023-03-23 09:13:51 - App - INFO - (Main menu)
2023-03-23 09:13:51 - App - INFO - (Credits menu)
2023-03-23 09:13:51 - App - INFO - Switched to settings menu
2023-03-23 09:13:51 - App - INFO - Switched to cards menu
2023-03-23 09:13:51 - App - INFO - (Cards description window)
2023-03-23 09:14:00 - App - INFO - Card deleted
2023-03-23 09:14:05 - googleapiclient.discovery - DEBUG - URL being requested: PATCH https://www.googleapis.com/upload/drive/v3/files/1A7jERsQWFuthP96y0f9hTHwVzAAVrqBtw7ikNzcWpHJON7XB6w?alt=json&uploadType=resumable
2023-03-23 09:14:07 - App - INFO - End of the program
--------------------------------------------------------------
2023-03-23 09:17:12 - App - INFO - Launching...
2023-03-23 09:17:12 - PIL.PngImagePlugin - DEBUG - STREAM b'IHDR' 16 13
2023-03-23 09:17:12 - PIL.PngImagePlugin - DEBUG - STREAM b'IDAT' 41 32768
2023-03-23 09:17:13 - googleapiclient.discovery_cache - INFO - file_cache is only supported with oauth2client<4.0.0
2023-03-23 09:17:13 - googleapiclient.discovery - DEBUG - URL being requested: GET https://www.googleapis.com/drive/v3/files?spaces=appDataFolder&fields=nextPageToken%2C+files%28id%2C+name%29&pageSize=10&alt=json
2023-03-23 09:17:14 - googleapiclient.discovery - DEBUG - URL being requested: GET https://www.googleapis.com/drive/v3/files/1A7jERsQWFuthP96y0f9hTHwVzAAVrqBtw7ikNzcWpHJON7XB6w?alt=media
2023-03-23 09:17:50 - App - INFO - (Main menu)
2023-03-23 09:17:50 - App - INFO - (Credits menu)
2023-03-23 09:17:50 - App - INFO - Switched to settings menu
2023-03-23 09:17:50 - App - INFO - Switched to cards menu
2023-03-23 09:17:50 - App - INFO - (Cards description window)
2023-03-23 09:29:54 - googleapiclient.discovery - DEBUG - URL being requested: PATCH https://www.googleapis.com/upload/drive/v3/files/1A7jERsQWFuthP96y0f9hTHwVzAAVrqBtw7ikNzcWpHJON7XB6w?alt=json&uploadType=resumable
2023-03-23 09:29:54 - google_auth_httplib2 - DEBUG - Making request: POST https://oauth2.googleapis.com/token
2023-03-23 09:29:56 - App - INFO - End of the program
--------------------------------------------------------------
2023-03-23 09:38:49 - App - INFO - Launching...
2023-03-23 09:38:49 - PIL.PngImagePlugin - DEBUG - STREAM b'IHDR' 16 13
2023-03-23 09:38:49 - PIL.PngImagePlugin - DEBUG - STREAM b'IDAT' 41 32768
2023-03-23 09:38:51 - googleapiclient.discovery_cache - INFO - file_cache is only supported with oauth2client<4.0.0
2023-03-23 09:38:51 - googleapiclient.discovery - DEBUG - URL being requested: GET https://www.googleapis.com/drive/v3/files?spaces=appDataFolder&fields=nextPageToken%2C+files%28id%2C+name%29&pageSize=10&alt=json
2023-03-23 09:38:51 - googleapiclient.discovery - DEBUG - URL being requested: GET https://www.googleapis.com/drive/v3/files/1A7jERsQWFuthP96y0f9hTHwVzAAVrqBtw7ikNzcWpHJON7XB6w?alt=media
2023-03-23 09:39:03 - App - INFO - (Main menu)
2023-03-23 09:39:03 - App - INFO - (Credits menu)
2023-03-23 09:39:03 - App - INFO - Switched to settings menu
2023-03-23 09:39:03 - App - INFO - Switched to cards menu
2023-03-23 09:39:08 - googleapiclient.discovery - DEBUG - URL being requested: PATCH https://www.googleapis.com/upload/drive/v3/files/1A7jERsQWFuthP96y0f9hTHwVzAAVrqBtw7ikNzcWpHJON7XB6w?alt=json&uploadType=resumable
2023-03-23 09:39:09 - App - INFO - End of the program
--------------------------------------------------------------
2023-03-23 09:44:20 - App - INFO - Launching...
2023-03-23 09:44:22 - PIL.PngImagePlugin - DEBUG - STREAM b'IHDR' 16 13
2023-03-23 09:44:22 - PIL.PngImagePlugin - DEBUG - STREAM b'IDAT' 41 32768
2023-03-23 09:44:23 - googleapiclient.discovery_cache - INFO - file_cache is only supported with oauth2client<4.0.0
2023-03-23 09:44:23 - googleapiclient.discovery - DEBUG - URL being requested: GET https://www.googleapis.com/drive/v3/files?spaces=appDataFolder&fields=nextPageToken%2C+files%28id%2C+name%29&pageSize=10&alt=json
2023-03-23 09:44:24 - googleapiclient.discovery - DEBUG - URL being requested: GET https://www.googleapis.com/drive/v3/files/1A7jERsQWFuthP96y0f9hTHwVzAAVrqBtw7ikNzcWpHJON7XB6w?alt=media
2023-03-23 09:44:34 - App - INFO - (Main menu)
2023-03-23 09:44:34 - App - INFO - (Credits menu)
2023-03-23 09:44:34 - App - INFO - Switched to settings menu
2023-03-23 09:44:34 - App - INFO - Switched to cards menu
2023-03-23 09:44:34 - App - INFO - (Cards description window)
2023-03-23 09:44:45 - App - INFO - Card deleted
2023-03-23 09:44:50 - App - INFO - Card deleted
2023-03-23 09:45:22 - googleapiclient.discovery - DEBUG - URL being requested: PATCH https://www.googleapis.com/upload/drive/v3/files/1A7jERsQWFuthP96y0f9hTHwVzAAVrqBtw7ikNzcWpHJON7XB6w?alt=json&uploadType=resumable
2023-03-23 09:45:24 - App - INFO - End of the program
--------------------------------------------------------------
2023-03-23 09:52:53 - App - INFO - Launching...
2023-03-23 09:52:53 - PIL.PngImagePlugin - DEBUG - STREAM b'IHDR' 16 13
2023-03-23 09:52:53 - PIL.PngImagePlugin - DEBUG - STREAM b'IDAT' 41 32768
2023-03-23 09:52:55 - googleapiclient.discovery_cache - INFO - file_cache is only supported with oauth2client<4.0.0
2023-03-23 09:52:55 - googleapiclient.discovery - DEBUG - URL being requested: GET https://www.googleapis.com/drive/v3/files?spaces=appDataFolder&fields=nextPageToken%2C+files%28id%2C+name%29&pageSize=10&alt=json
2023-03-23 09:52:55 - googleapiclient.discovery - DEBUG - URL being requested: GET https://www.googleapis.com/drive/v3/files/1A7jERsQWFuthP96y0f9hTHwVzAAVrqBtw7ikNzcWpHJON7XB6w?alt=media
2023-03-23 09:53:05 - App - INFO - (Main menu)
2023-03-23 09:53:05 - App - INFO - (Credits menu)
2023-03-23 09:53:05 - App - INFO - Switched to settings menu
2023-03-23 09:53:05 - App - INFO - Switched to cards menu
2023-03-23 09:53:05 - App - INFO - (Cards description window)
2023-03-23 09:54:30 - googleapiclient.discovery - DEBUG - URL being requested: PATCH https://www.googleapis.com/upload/drive/v3/files/1A7jERsQWFuthP96y0f9hTHwVzAAVrqBtw7ikNzcWpHJON7XB6w?alt=json&uploadType=resumable
2023-03-23 09:54:32 - App - INFO - End of the program
--------------------------------------------------------------
2023-03-23 10:27:48 - App - INFO - Launching...
2023-03-23 10:27:49 - PIL.PngImagePlugin - DEBUG - STREAM b'IHDR' 16 13
2023-03-23 10:27:49 - PIL.PngImagePlugin - DEBUG - STREAM b'IDAT' 41 32768
2023-03-23 10:27:51 - googleapiclient.discovery_cache - INFO - file_cache is only supported with oauth2client<4.0.0
2023-03-23 10:27:51 - googleapiclient.discovery - DEBUG - URL being requested: GET https://www.googleapis.com/drive/v3/files?spaces=appDataFolder&fields=nextPageToken%2C+files%28id%2C+name%29&pageSize=10&alt=json
2023-03-23 10:27:52 - googleapiclient.discovery - DEBUG - URL being requested: GET https://www.googleapis.com/drive/v3/files/1A7jERsQWFuthP96y0f9hTHwVzAAVrqBtw7ikNzcWpHJON7XB6w?alt=media
2023-03-23 10:27:59 - App - INFO - (Main menu)
2023-03-23 10:27:59 - App - INFO - (Credits menu)
2023-03-23 10:27:59 - App - INFO - Switched to settings menu
2023-03-23 10:27:59 - App - INFO - Switched to cards menu
2023-03-23 10:27:59 - App - INFO - (Cards description window)
2023-03-23 10:28:10 - googleapiclient.discovery - DEBUG - URL being requested: PATCH https://www.googleapis.com/upload/drive/v3/files/1A7jERsQWFuthP96y0f9hTHwVzAAVrqBtw7ikNzcWpHJON7XB6w?alt=json&uploadType=resumable
2023-03-23 10:28:11 - App - INFO - End of the program
--------------------------------------------------------------
2023-03-23 10:28:32 - App - INFO - Launching...
2023-03-23 10:28:32 - PIL.PngImagePlugin - DEBUG - STREAM b'IHDR' 16 13
2023-03-23 10:28:32 - PIL.PngImagePlugin - DEBUG - STREAM b'IDAT' 41 32768
2023-03-23 10:28:33 - googleapiclient.discovery_cache - INFO - file_cache is only supported with oauth2client<4.0.0
2023-03-23 10:28:33 - googleapiclient.discovery - DEBUG - URL being requested: GET https://www.googleapis.com/drive/v3/files?spaces=appDataFolder&fields=nextPageToken%2C+files%28id%2C+name%29&pageSize=10&alt=json
2023-03-23 10:28:34 - googleapiclient.discovery - DEBUG - URL being requested: GET https://www.googleapis.com/drive/v3/files/1A7jERsQWFuthP96y0f9hTHwVzAAVrqBtw7ikNzcWpHJON7XB6w?alt=media
2023-03-23 10:28:41 - App - INFO - (Main menu)
2023-03-23 10:28:41 - App - INFO - (Credits menu)
2023-03-23 10:28:41 - App - INFO - Switched to settings menu
2023-03-23 10:28:41 - App - INFO - Switched to cards menu
2023-03-23 10:28:41 - App - INFO - (Cards description window)
2023-03-23 10:29:00 - googleapiclient.discovery - DEBUG - URL being requested: PATCH https://www.googleapis.com/upload/drive/v3/files/1A7jERsQWFuthP96y0f9hTHwVzAAVrqBtw7ikNzcWpHJON7XB6w?alt=json&uploadType=resumable
2023-03-23 10:29:01 - App - INFO - End of the program
--------------------------------------------------------------
2023-03-23 10:29:22 - App - INFO - Launching...
2023-03-23 10:29:22 - PIL.PngImagePlugin - DEBUG - STREAM b'IHDR' 16 13
2023-03-23 10:29:22 - PIL.PngImagePlugin - DEBUG - STREAM b'IDAT' 41 32768
2023-03-23 10:29:23 - googleapiclient.discovery_cache - INFO - file_cache is only supported with oauth2client<4.0.0
2023-03-23 10:29:23 - googleapiclient.discovery - DEBUG - URL being requested: GET https://www.googleapis.com/drive/v3/files?spaces=appDataFolder&fields=nextPageToken%2C+files%28id%2C+name%29&pageSize=10&alt=json
2023-03-23 10:29:24 - googleapiclient.discovery - DEBUG - URL being requested: GET https://www.googleapis.com/drive/v3/files/1A7jERsQWFuthP96y0f9hTHwVzAAVrqBtw7ikNzcWpHJON7XB6w?alt=media
2023-03-23 10:29:30 - App - INFO - (Main menu)
2023-03-23 10:29:30 - App - INFO - (Credits menu)
2023-03-23 10:29:30 - App - INFO - Switched to settings menu
2023-03-23 10:29:30 - App - INFO - Switched to cards menu
2023-03-23 10:29:31 - App - INFO - (Cards description window)
2023-03-23 10:30:09 - googleapiclient.discovery - DEBUG - URL being requested: PATCH https://www.googleapis.com/upload/drive/v3/files/1A7jERsQWFuthP96y0f9hTHwVzAAVrqBtw7ikNzcWpHJON7XB6w?alt=json&uploadType=resumable
2023-03-23 10:30:10 - App - INFO - End of the program
--------------------------------------------------------------
2023-03-23 10:31:12 - App - INFO - Launching...
2023-03-23 10:31:12 - PIL.PngImagePlugin - DEBUG - STREAM b'IHDR' 16 13
2023-03-23 10:31:12 - PIL.PngImagePlugin - DEBUG - STREAM b'IDAT' 41 32768
2023-03-23 10:31:13 - googleapiclient.discovery_cache - INFO - file_cache is only supported with oauth2client<4.0.0
2023-03-23 10:31:13 - googleapiclient.discovery - DEBUG - URL being requested: GET https://www.googleapis.com/drive/v3/files?spaces=appDataFolder&fields=nextPageToken%2C+files%28id%2C+name%29&pageSize=10&alt=json
2023-03-23 10:31:13 - googleapiclient.discovery - DEBUG - URL being requested: GET https://www.googleapis.com/drive/v3/files/1A7jERsQWFuthP96y0f9hTHwVzAAVrqBtw7ikNzcWpHJON7XB6w?alt=media
2023-03-23 10:31:20 - App - INFO - (Main menu)
2023-03-23 10:31:20 - App - INFO - (Credits menu)
2023-03-23 10:31:20 - App - INFO - Switched to settings menu
2023-03-23 10:31:20 - App - INFO - Switched to cards menu
2023-03-23 10:31:20 - App - INFO - (Cards description window)
2023-03-23 10:31:33 - googleapiclient.discovery - DEBUG - URL being requested: PATCH https://www.googleapis.com/upload/drive/v3/files/1A7jERsQWFuthP96y0f9hTHwVzAAVrqBtw7ikNzcWpHJON7XB6w?alt=json&uploadType=resumable
2023-03-23 10:31:35 - App - INFO - End of the program
--------------------------------------------------------------
2023-03-23 10:36:31 - App - INFO - Launching...
2023-03-23 10:36:31 - PIL.PngImagePlugin - DEBUG - STREAM b'IHDR' 16 13
2023-03-23 10:36:31 - PIL.PngImagePlugin - DEBUG - STREAM b'IDAT' 41 32768
2023-03-23 10:36:32 - google.auth.transport.requests - DEBUG - Making request: POST https://oauth2.googleapis.com/token
2023-03-23 10:36:32 - urllib3.connectionpool - DEBUG - Starting new HTTPS connection (1): oauth2.googleapis.com:443
2023-03-23 10:36:32 - urllib3.connectionpool - DEBUG - https://oauth2.googleapis.com:443 "POST /token HTTP/1.1" 200 None
2023-03-23 10:36:32 - googleapiclient.discovery_cache - INFO - file_cache is only supported with oauth2client<4.0.0
2023-03-23 10:36:32 - googleapiclient.discovery - DEBUG - URL being requested: GET https://www.googleapis.com/drive/v3/files?spaces=appDataFolder&fields=nextPageToken%2C+files%28id%2C+name%29&pageSize=10&alt=json
2023-03-23 10:36:33 - googleapiclient.discovery - DEBUG - URL being requested: GET https://www.googleapis.com/drive/v3/files/1A7jERsQWFuthP96y0f9hTHwVzAAVrqBtw7ikNzcWpHJON7XB6w?alt=media
2023-03-23 10:36:40 - App - INFO - (Main menu)
2023-03-23 10:36:40 - App - INFO - (Credits menu)
2023-03-23 10:36:40 - App - INFO - Switched to settings menu
2023-03-23 10:36:40 - App - INFO - Switched to cards menu
2023-03-23 10:36:41 - App - INFO - (Cards description window)
2023-03-23 10:36:52 - googleapiclient.discovery - DEBUG - URL being requested: PATCH https://www.googleapis.com/upload/drive/v3/files/1A7jERsQWFuthP96y0f9hTHwVzAAVrqBtw7ikNzcWpHJON7XB6w?alt=json&uploadType=resumable
2023-03-23 10:36:54 - App - INFO - End of the program
--------------------------------------------------------------
2023-03-23 10:59:07 - App - INFO - Launching...
2023-03-23 10:59:07 - PIL.PngImagePlugin - DEBUG - STREAM b'IHDR' 16 13
2023-03-23 10:59:07 - PIL.PngImagePlugin - DEBUG - STREAM b'IDAT' 41 32768
2023-03-23 10:59:09 - googleapiclient.discovery_cache - INFO - file_cache is only supported with oauth2client<4.0.0
2023-03-23 10:59:09 - googleapiclient.discovery - DEBUG - URL being requested: GET https://www.googleapis.com/drive/v3/files?spaces=appDataFolder&fields=nextPageToken%2C+files%28id%2C+name%29&pageSize=10&alt=json
2023-03-23 10:59:09 - googleapiclient.discovery - DEBUG - URL being requested: GET https://www.googleapis.com/drive/v3/files/1A7jERsQWFuthP96y0f9hTHwVzAAVrqBtw7ikNzcWpHJON7XB6w?alt=media
2023-03-23 10:59:16 - App - INFO - (Main menu)
2023-03-23 10:59:16 - App - INFO - (Credits menu)
2023-03-23 10:59:16 - App - INFO - Switched to settings menu
2023-03-23 10:59:16 - App - INFO - Switched to cards menu
2023-03-23 10:59:21 - googleapiclient.discovery - DEBUG - URL being requested: PATCH https://www.googleapis.com/upload/drive/v3/files/1A7jERsQWFuthP96y0f9hTHwVzAAVrqBtw7ikNzcWpHJON7XB6w?alt=json&uploadType=resumable
2023-03-23 10:59:22 - App - INFO - End of the program
--------------------------------------------------------------
2023-03-23 11:24:14 - App - INFO - Launching...
2023-03-23 11:24:14 - PIL.PngImagePlugin - DEBUG - STREAM b'IHDR' 16 13
2023-03-23 11:24:14 - PIL.PngImagePlugin - DEBUG - STREAM b'IDAT' 41 32768
2023-03-23 11:24:15 - googleapiclient.discovery_cache - INFO - file_cache is only supported with oauth2client<4.0.0
2023-03-23 11:24:15 - googleapiclient.discovery - DEBUG - URL being requested: GET https://www.googleapis.com/drive/v3/files?spaces=appDataFolder&fields=nextPageToken%2C+files%28id%2C+name%29&pageSize=10&alt=json
2023-03-23 11:24:15 - googleapiclient.discovery - DEBUG - URL being requested: GET https://www.googleapis.com/drive/v3/files/1A7jERsQWFuthP96y0f9hTHwVzAAVrqBtw7ikNzcWpHJON7XB6w?alt=media
2023-03-23 11:24:22 - App - INFO - (Main menu)
2023-03-23 11:24:22 - App - INFO - (Credits menu)
2023-03-23 11:24:22 - App - INFO - Switched to settings menu
2023-03-23 11:24:22 - App - INFO - Switched to cards menu
2023-03-23 11:24:23 - App - INFO - (Cards description window)
2023-03-23 11:24:30 - googleapiclient.discovery - DEBUG - URL being requested: PATCH https://www.googleapis.com/upload/drive/v3/files/1A7jERsQWFuthP96y0f9hTHwVzAAVrqBtw7ikNzcWpHJON7XB6w?alt=json&uploadType=resumable
2023-03-23 11:24:32 - App - INFO - End of the program
--------------------------------------------------------------
2023-03-23 11:24:57 - App - INFO - Launching...
2023-03-23 11:24:57 - PIL.PngImagePlugin - DEBUG - STREAM b'IHDR' 16 13
2023-03-23 11:24:57 - PIL.PngImagePlugin - DEBUG - STREAM b'IDAT' 41 32768
2023-03-23 11:24:59 - googleapiclient.discovery_cache - INFO - file_cache is only supported with oauth2client<4.0.0
2023-03-23 11:24:59 - googleapiclient.discovery - DEBUG - URL being requested: GET https://www.googleapis.com/drive/v3/files?spaces=appDataFolder&fields=nextPageToken%2C+files%28id%2C+name%29&pageSize=10&alt=json
2023-03-23 11:24:59 - googleapiclient.discovery - DEBUG - URL being requested: GET https://www.googleapis.com/drive/v3/files/1A7jERsQWFuthP96y0f9hTHwVzAAVrqBtw7ikNzcWpHJON7XB6w?alt=media
2023-03-23 11:25:06 - App - INFO - (Main menu)
2023-03-23 11:25:06 - App - INFO - (Credits menu)
2023-03-23 11:25:06 - App - INFO - Switched to settings menu
2023-03-23 11:25:06 - App - INFO - Switched to cards menu
2023-03-23 11:25:06 - App - INFO - (Cards description window)
2023-03-23 11:25:11 - googleapiclient.discovery - DEBUG - URL being requested: PATCH https://www.googleapis.com/upload/drive/v3/files/1A7jERsQWFuthP96y0f9hTHwVzAAVrqBtw7ikNzcWpHJON7XB6w?alt=json&uploadType=resumable
2023-03-23 11:25:12 - App - INFO - End of the program
--------------------------------------------------------------
2023-03-23 11:25:43 - App - INFO - Launching...
2023-03-23 11:25:43 - PIL.PngImagePlugin - DEBUG - STREAM b'IHDR' 16 13
2023-03-23 11:25:43 - PIL.PngImagePlugin - DEBUG - STREAM b'IDAT' 41 32768
2023-03-23 11:25:45 - googleapiclient.discovery_cache - INFO - file_cache is only supported with oauth2client<4.0.0
2023-03-23 11:25:45 - googleapiclient.discovery - DEBUG - URL being requested: GET https://www.googleapis.com/drive/v3/files?spaces=appDataFolder&fields=nextPageToken%2C+files%28id%2C+name%29&pageSize=10&alt=json
2023-03-23 11:25:45 - googleapiclient.discovery - DEBUG - URL being requested: GET https://www.googleapis.com/drive/v3/files/1A7jERsQWFuthP96y0f9hTHwVzAAVrqBtw7ikNzcWpHJON7XB6w?alt=media
2023-03-23 11:25:52 - App - INFO - (Main menu)
2023-03-23 11:25:52 - App - INFO - (Credits menu)
2023-03-23 11:25:52 - App - INFO - Switched to settings menu
2023-03-23 11:25:52 - App - INFO - Switched to cards menu
2023-03-23 11:25:52 - App - INFO - (Cards description window)
2023-03-23 11:26:18 - googleapiclient.discovery - DEBUG - URL being requested: PATCH https://www.googleapis.com/upload/drive/v3/files/1A7jERsQWFuthP96y0f9hTHwVzAAVrqBtw7ikNzcWpHJON7XB6w?alt=json&uploadType=resumable
2023-03-23 11:26:20 - App - INFO - End of the program
--------------------------------------------------------------
2023-03-23 11:27:54 - App - INFO - Launching...
2023-03-23 11:27:55 - PIL.PngImagePlugin - DEBUG - STREAM b'IHDR' 16 13
2023-03-23 11:27:55 - PIL.PngImagePlugin - DEBUG - STREAM b'IDAT' 41 32768
2023-03-23 11:27:56 - googleapiclient.discovery_cache - INFO - file_cache is only supported with oauth2client<4.0.0
2023-03-23 11:27:56 - googleapiclient.discovery - DEBUG - URL being requested: GET https://www.googleapis.com/drive/v3/files?spaces=appDataFolder&fields=nextPageToken%2C+files%28id%2C+name%29&pageSize=10&alt=json
2023-03-23 11:27:56 - googleapiclient.discovery - DEBUG - URL being requested: GET https://www.googleapis.com/drive/v3/files/1A7jERsQWFuthP96y0f9hTHwVzAAVrqBtw7ikNzcWpHJON7XB6w?alt=media
2023-03-23 11:28:03 - App - INFO - (Main menu)
2023-03-23 11:28:03 - App - INFO - (Credits menu)
2023-03-23 11:28:03 - App - INFO - Switched to settings menu
2023-03-23 11:28:03 - App - INFO - Switched to cards menu
2023-03-23 11:28:03 - App - INFO - (Cards description window)
2023-03-23 11:28:17 - googleapiclient.discovery - DEBUG - URL being requested: PATCH https://www.googleapis.com/upload/drive/v3/files/1A7jERsQWFuthP96y0f9hTHwVzAAVrqBtw7ikNzcWpHJON7XB6w?alt=json&uploadType=resumable
2023-03-23 11:28:18 - App - INFO - End of the program
--------------------------------------------------------------
2023-03-23 11:29:41 - App - INFO - Launching...
2023-03-23 11:29:41 - PIL.PngImagePlugin - DEBUG - STREAM b'IHDR' 16 13
2023-03-23 11:29:41 - PIL.PngImagePlugin - DEBUG - STREAM b'IDAT' 41 32768
2023-03-23 11:29:42 - googleapiclient.discovery_cache - INFO - file_cache is only supported with oauth2client<4.0.0
2023-03-23 11:29:42 - googleapiclient.discovery - DEBUG - URL being requested: GET https://www.googleapis.com/drive/v3/files?spaces=appDataFolder&fields=nextPageToken%2C+files%28id%2C+name%29&pageSize=10&alt=json
2023-03-23 11:29:43 - googleapiclient.discovery - DEBUG - URL being requested: GET https://www.googleapis.com/drive/v3/files/1A7jERsQWFuthP96y0f9hTHwVzAAVrqBtw7ikNzcWpHJON7XB6w?alt=media
2023-03-23 11:29:50 - App - INFO - (Main menu)
2023-03-23 11:29:50 - App - INFO - (Credits menu)
2023-03-23 11:29:50 - App - INFO - Switched to settings menu
2023-03-23 11:29:50 - App - INFO - Switched to cards menu
2023-03-23 11:29:50 - App - INFO - (Cards description window)
2023-03-23 11:30:06 - googleapiclient.discovery - DEBUG - URL being requested: PATCH https://www.googleapis.com/upload/drive/v3/files/1A7jERsQWFuthP96y0f9hTHwVzAAVrqBtw7ikNzcWpHJON7XB6w?alt=json&uploadType=resumable
2023-03-23 11:30:07 - App - INFO - End of the program
--------------------------------------------------------------
2023-03-23 11:33:10 - App - INFO - Launching...
2023-03-23 11:33:10 - PIL.PngImagePlugin - DEBUG - STREAM b'IHDR' 16 13
2023-03-23 11:33:10 - PIL.PngImagePlugin - DEBUG - STREAM b'IDAT' 41 32768
2023-03-23 11:33:11 - googleapiclient.discovery_cache - INFO - file_cache is only supported with oauth2client<4.0.0
2023-03-23 11:33:11 - googleapiclient.discovery - DEBUG - URL being requested: GET https://www.googleapis.com/drive/v3/files?spaces=appDataFolder&fields=nextPageToken%2C+files%28id%2C+name%29&pageSize=10&alt=json
2023-03-23 11:33:12 - googleapiclient.discovery - DEBUG - URL being requested: GET https://www.googleapis.com/drive/v3/files/1A7jERsQWFuthP96y0f9hTHwVzAAVrqBtw7ikNzcWpHJON7XB6w?alt=media
2023-03-23 11:33:19 - App - INFO - (Main menu)
2023-03-23 11:33:19 - App - INFO - (Credits menu)
2023-03-23 11:33:19 - App - INFO - Switched to settings menu
2023-03-23 11:33:19 - App - INFO - Switched to cards menu
2023-03-23 11:33:19 - App - INFO - (Cards description window)
2023-03-23 11:33:33 - googleapiclient.discovery - DEBUG - URL being requested: PATCH https://www.googleapis.com/upload/drive/v3/files/1A7jERsQWFuthP96y0f9hTHwVzAAVrqBtw7ikNzcWpHJON7XB6w?alt=json&uploadType=resumable
2023-03-23 11:33:35 - App - INFO - End of the program
--------------------------------------------------------------
2023-03-23 11:36:18 - App - INFO - Launching...
2023-03-23 11:36:18 - PIL.PngImagePlugin - DEBUG - STREAM b'IHDR' 16 13
2023-03-23 11:36:18 - PIL.PngImagePlugin - DEBUG - STREAM b'IDAT' 41 32768
2023-03-23 11:36:20 - google.auth.transport.requests - DEBUG - Making request: POST https://oauth2.googleapis.com/token
2023-03-23 11:36:20 - urllib3.connectionpool - DEBUG - Starting new HTTPS connection (1): oauth2.googleapis.com:443
2023-03-23 11:36:20 - urllib3.connectionpool - DEBUG - https://oauth2.googleapis.com:443 "POST /token HTTP/1.1" 200 None
2023-03-23 11:36:20 - googleapiclient.discovery_cache - INFO - file_cache is only supported with oauth2client<4.0.0
2023-03-23 11:36:20 - googleapiclient.discovery - DEBUG - URL being requested: GET https://www.googleapis.com/drive/v3/files?spaces=appDataFolder&fields=nextPageToken%2C+files%28id%2C+name%29&pageSize=10&alt=json
2023-03-23 11:36:20 - googleapiclient.discovery - DEBUG - URL being requested: GET https://www.googleapis.com/drive/v3/files/1A7jERsQWFuthP96y0f9hTHwVzAAVrqBtw7ikNzcWpHJON7XB6w?alt=media
2023-03-23 11:36:27 - App - INFO - (Main menu)
2023-03-23 11:36:27 - App - INFO - (Credits menu)
2023-03-23 11:36:27 - App - INFO - Switched to settings menu
2023-03-23 11:36:27 - App - INFO - Switched to cards menu
2023-03-23 11:36:27 - App - INFO - (Cards description window)
2023-03-23 11:36:37 - googleapiclient.discovery - DEBUG - URL being requested: PATCH https://www.googleapis.com/upload/drive/v3/files/1A7jERsQWFuthP96y0f9hTHwVzAAVrqBtw7ikNzcWpHJON7XB6w?alt=json&uploadType=resumable
2023-03-23 11:36:38 - App - INFO - End of the program
--------------------------------------------------------------
2023-03-23 11:48:09 - App - INFO - Launching...
2023-03-23 11:48:10 - PIL.PngImagePlugin - DEBUG - STREAM b'IHDR' 16 13
2023-03-23 11:48:10 - PIL.PngImagePlugin - DEBUG - STREAM b'IDAT' 41 32768
2023-03-23 11:48:11 - googleapiclient.discovery_cache - INFO - file_cache is only supported with oauth2client<4.0.0
2023-03-23 11:48:11 - googleapiclient.discovery - DEBUG - URL being requested: GET https://www.googleapis.com/drive/v3/files?spaces=appDataFolder&fields=nextPageToken%2C+files%28id%2C+name%29&pageSize=10&alt=json
2023-03-23 11:48:11 - googleapiclient.discovery - DEBUG - URL being requested: GET https://www.googleapis.com/drive/v3/files/1A7jERsQWFuthP96y0f9hTHwVzAAVrqBtw7ikNzcWpHJON7XB6w?alt=media
2023-03-23 11:48:18 - App - INFO - (Main menu)
2023-03-23 11:48:19 - App - INFO - (Credits menu)
2023-03-23 11:48:19 - App - INFO - Switched to settings menu
2023-03-23 11:48:19 - App - INFO - Switched to cards menu
2023-03-23 11:48:24 - googleapiclient.discovery - DEBUG - URL being requested: PATCH https://www.googleapis.com/upload/drive/v3/files/1A7jERsQWFuthP96y0f9hTHwVzAAVrqBtw7ikNzcWpHJON7XB6w?alt=json&uploadType=resumable
2023-03-23 11:48:25 - App - INFO - End of the program
--------------------------------------------------------------
2023-03-23 11:48:53 - App - INFO - Launching...
2023-03-23 11:48:53 - PIL.PngImagePlugin - DEBUG - STREAM b'IHDR' 16 13
2023-03-23 11:48:53 - PIL.PngImagePlugin - DEBUG - STREAM b'IDAT' 41 32768
2023-03-23 11:48:54 - googleapiclient.discovery_cache - INFO - file_cache is only supported with oauth2client<4.0.0
2023-03-23 11:48:54 - googleapiclient.discovery - DEBUG - URL being requested: GET https://www.googleapis.com/drive/v3/files?spaces=appDataFolder&fields=nextPageToken%2C+files%28id%2C+name%29&pageSize=10&alt=json
2023-03-23 11:48:55 - googleapiclient.discovery - DEBUG - URL being requested: GET https://www.googleapis.com/drive/v3/files/1A7jERsQWFuthP96y0f9hTHwVzAAVrqBtw7ikNzcWpHJON7XB6w?alt=media
2023-03-23 11:49:02 - App - INFO - (Main menu)
2023-03-23 11:49:02 - App - INFO - (Credits menu)
2023-03-23 11:49:02 - App - INFO - Switched to settings menu
2023-03-23 11:49:02 - App - INFO - Switched to cards menu
2023-03-23 11:49:06 - googleapiclient.discovery - DEBUG - URL being requested: PATCH https://www.googleapis.com/upload/drive/v3/files/1A7jERsQWFuthP96y0f9hTHwVzAAVrqBtw7ikNzcWpHJON7XB6w?alt=json&uploadType=resumable
2023-03-23 11:49:07 - App - INFO - End of the program
--------------------------------------------------------------
2023-03-23 11:51:20 - App - INFO - Launching...
2023-03-23 11:51:21 - PIL.PngImagePlugin - DEBUG - STREAM b'IHDR' 16 13
2023-03-23 11:51:21 - PIL.PngImagePlugin - DEBUG - STREAM b'IDAT' 41 32768
2023-03-23 11:51:22 - googleapiclient.discovery_cache - INFO - file_cache is only supported with oauth2client<4.0.0
2023-03-23 11:51:22 - googleapiclient.discovery - DEBUG - URL being requested: GET https://www.googleapis.com/drive/v3/files?spaces=appDataFolder&fields=nextPageToken%2C+files%28id%2C+name%29&pageSize=10&alt=json
2023-03-23 11:51:22 - googleapiclient.discovery - DEBUG - URL being requested: GET https://www.googleapis.com/drive/v3/files/1A7jERsQWFuthP96y0f9hTHwVzAAVrqBtw7ikNzcWpHJON7XB6w?alt=media
2023-03-23 11:51:29 - App - INFO - (Main menu)
2023-03-23 11:51:29 - App - INFO - (Credits menu)
2023-03-23 11:51:29 - App - INFO - Switched to settings menu
2023-03-23 11:51:29 - App - INFO - Switched to cards menu
2023-03-23 11:51:29 - App - INFO - (Cards description window)
2023-03-23 11:51:45 - App - INFO - Card deleted
2023-03-23 11:51:52 - googleapiclient.discovery - DEBUG - URL being requested: PATCH https://www.googleapis.com/upload/drive/v3/files/1A7jERsQWFuthP96y0f9hTHwVzAAVrqBtw7ikNzcWpHJON7XB6w?alt=json&uploadType=resumable
2023-03-23 11:51:53 - App - INFO - End of the program
--------------------------------------------------------------
