2023-03-25 09:29:32 - App - INFO - Launching...
2023-03-25 09:29:33 - PIL.PngImagePlugin - DEBUG - STREAM b'IHDR' 16 13
2023-03-25 09:29:33 - PIL.PngImagePlugin - DEBUG - STREAM b'IDAT' 41 32768
2023-03-25 09:29:34 - google.auth.transport.requests - DEBUG - Making request: POST https://oauth2.googleapis.com/token
2023-03-25 09:29:34 - urllib3.connectionpool - DEBUG - Starting new HTTPS connection (1): oauth2.googleapis.com:443
2023-03-25 09:29:34 - urllib3.connectionpool - DEBUG - https://oauth2.googleapis.com:443 "POST /token HTTP/1.1" 200 None
2023-03-25 09:29:34 - googleapiclient.discovery_cache - INFO - file_cache is only supported with oauth2client<4.0.0
2023-03-25 09:29:34 - googleapiclient.discovery - DEBUG - URL being requested: GET https://www.googleapis.com/drive/v3/files?spaces=appDataFolder&fields=nextPageToken%2C+files%28id%2C+name%29&pageSize=10&alt=json
2023-03-25 09:29:35 - googleapiclient.discovery - DEBUG - URL being requested: GET https://www.googleapis.com/drive/v3/files/1A7jERsQWFuthP96y0f9hTHwVzAAVrqBtw7ikNzcWpHJON7XB6w?alt=media
2023-03-25 09:29:39 - App - INFO - (Main menu)
2023-03-25 09:29:39 - App - INFO - (Credits menu)
2023-03-25 09:29:39 - App - INFO - Switched to settings menu
2023-03-25 09:29:39 - App - INFO - Switched to cards menu
2023-03-25 09:29:39 - App - INFO - (Cards description window)
2023-03-25 09:30:15 - googleapiclient.discovery - DEBUG - URL being requested: PATCH https://www.googleapis.com/upload/drive/v3/files/1A7jERsQWFuthP96y0f9hTHwVzAAVrqBtw7ikNzcWpHJON7XB6w?alt=json&uploadType=resumable
2023-03-25 09:30:16 - App - INFO - End of the program
--------------------------------------------------------------
2023-03-25 11:06:24 - App - INFO - Launching...
2023-03-25 11:06:24 - PIL.PngImagePlugin - DEBUG - STREAM b'IHDR' 16 13
2023-03-25 11:06:24 - PIL.PngImagePlugin - DEBUG - STREAM b'IDAT' 41 32768
2023-03-25 11:06:25 - google.auth.transport.requests - DEBUG - Making request: POST https://oauth2.googleapis.com/token
2023-03-25 11:06:25 - urllib3.connectionpool - DEBUG - Starting new HTTPS connection (1): oauth2.googleapis.com:443
2023-03-25 11:06:26 - urllib3.connectionpool - DEBUG - https://oauth2.googleapis.com:443 "POST /token HTTP/1.1" 200 None
2023-03-25 11:06:26 - googleapiclient.discovery_cache - INFO - file_cache is only supported with oauth2client<4.0.0
2023-03-25 11:06:26 - googleapiclient.discovery - DEBUG - URL being requested: GET https://www.googleapis.com/drive/v3/files?spaces=appDataFolder&fields=nextPageToken%2C+files%28id%2C+name%29&pageSize=10&alt=json
2023-03-25 11:06:27 - googleapiclient.discovery - DEBUG - URL being requested: GET https://www.googleapis.com/drive/v3/files/1A7jERsQWFuthP96y0f9hTHwVzAAVrqBtw7ikNzcWpHJON7XB6w?alt=media
2023-03-25 11:06:34 - App - INFO - (Main menu)
2023-03-25 11:06:34 - App - INFO - (Credits menu)
2023-03-25 11:06:34 - App - INFO - Switched to settings menu
2023-03-25 11:06:34 - App - INFO - Switched to cards menu
2023-03-25 11:06:34 - App - INFO - (Cards description window)
2023-03-25 11:07:09 - googleapiclient.discovery - DEBUG - URL being requested: PATCH https://www.googleapis.com/upload/drive/v3/files/1A7jERsQWFuthP96y0f9hTHwVzAAVrqBtw7ikNzcWpHJON7XB6w?alt=json&uploadType=resumable
2023-03-25 11:07:11 - App - INFO - End of the program
--------------------------------------------------------------
2023-03-25 11:11:52 - App - INFO - Launching...
2023-03-25 11:11:52 - PIL.PngImagePlugin - DEBUG - STREAM b'IHDR' 16 13
2023-03-25 11:11:52 - PIL.PngImagePlugin - DEBUG - STREAM b'IDAT' 41 32768
2023-03-25 11:11:53 - googleapiclient.discovery_cache - INFO - file_cache is only supported with oauth2client<4.0.0
2023-03-25 11:11:53 - googleapiclient.discovery - DEBUG - URL being requested: GET https://www.googleapis.com/drive/v3/files?spaces=appDataFolder&fields=nextPageToken%2C+files%28id%2C+name%29&pageSize=10&alt=json
2023-03-25 11:11:54 - googleapiclient.discovery - DEBUG - URL being requested: GET https://www.googleapis.com/drive/v3/files/1A7jERsQWFuthP96y0f9hTHwVzAAVrqBtw7ikNzcWpHJON7XB6w?alt=media
2023-03-25 11:12:01 - App - INFO - (Main menu)
2023-03-25 11:12:01 - App - INFO - (Credits menu)
2023-03-25 11:12:01 - App - INFO - Switched to settings menu
2023-03-25 11:12:01 - App - INFO - Switched to cards menu
2023-03-25 11:12:02 - App - INFO - (Cards description window)
2023-03-25 11:12:22 - googleapiclient.discovery - DEBUG - URL being requested: PATCH https://www.googleapis.com/upload/drive/v3/files/1A7jERsQWFuthP96y0f9hTHwVzAAVrqBtw7ikNzcWpHJON7XB6w?alt=json&uploadType=resumable
2023-03-25 11:12:24 - App - INFO - End of the program
--------------------------------------------------------------
2023-03-25 11:13:58 - App - INFO - Launching...
2023-03-25 11:13:58 - PIL.PngImagePlugin - DEBUG - STREAM b'IHDR' 16 13
2023-03-25 11:13:58 - PIL.PngImagePlugin - DEBUG - STREAM b'IDAT' 41 32768
2023-03-25 11:14:00 - googleapiclient.discovery_cache - INFO - file_cache is only supported with oauth2client<4.0.0
2023-03-25 11:14:00 - googleapiclient.discovery - DEBUG - URL being requested: GET https://www.googleapis.com/drive/v3/files?spaces=appDataFolder&fields=nextPageToken%2C+files%28id%2C+name%29&pageSize=10&alt=json
2023-03-25 11:14:00 - googleapiclient.discovery - DEBUG - URL being requested: GET https://www.googleapis.com/drive/v3/files/1A7jERsQWFuthP96y0f9hTHwVzAAVrqBtw7ikNzcWpHJON7XB6w?alt=media
2023-03-25 11:14:08 - App - INFO - (Main menu)
2023-03-25 11:14:08 - App - INFO - (Credits menu)
2023-03-25 11:14:08 - App - INFO - Switched to settings menu
2023-03-25 11:14:08 - App - INFO - Switched to cards menu
2023-03-25 11:14:08 - App - INFO - (Cards description window)
2023-03-25 11:14:48 - googleapiclient.discovery - DEBUG - URL being requested: PATCH https://www.googleapis.com/upload/drive/v3/files/1A7jERsQWFuthP96y0f9hTHwVzAAVrqBtw7ikNzcWpHJON7XB6w?alt=json&uploadType=resumable
2023-03-25 11:14:50 - App - INFO - End of the program
--------------------------------------------------------------
2023-03-25 11:17:11 - App - INFO - Launching...
2023-03-25 11:17:11 - PIL.PngImagePlugin - DEBUG - STREAM b'IHDR' 16 13
2023-03-25 11:17:11 - PIL.PngImagePlugin - DEBUG - STREAM b'IDAT' 41 32768
2023-03-25 11:17:12 - googleapiclient.discovery_cache - INFO - file_cache is only supported with oauth2client<4.0.0
2023-03-25 11:17:12 - googleapiclient.discovery - DEBUG - URL being requested: GET https://www.googleapis.com/drive/v3/files?spaces=appDataFolder&fields=nextPageToken%2C+files%28id%2C+name%29&pageSize=10&alt=json
2023-03-25 11:17:13 - googleapiclient.discovery - DEBUG - URL being requested: GET https://www.googleapis.com/drive/v3/files/1A7jERsQWFuthP96y0f9hTHwVzAAVrqBtw7ikNzcWpHJON7XB6w?alt=media
2023-03-25 11:17:20 - App - INFO - (Main menu)
2023-03-25 11:17:20 - App - INFO - (Credits menu)
2023-03-25 11:17:20 - App - INFO - Switched to settings menu
2023-03-25 11:17:20 - App - INFO - Switched to cards menu
2023-03-25 11:17:20 - App - INFO - (Cards description window)
2023-03-25 11:17:30 - googleapiclient.discovery - DEBUG - URL being requested: PATCH https://www.googleapis.com/upload/drive/v3/files/1A7jERsQWFuthP96y0f9hTHwVzAAVrqBtw7ikNzcWpHJON7XB6w?alt=json&uploadType=resumable
2023-03-25 11:17:32 - App - INFO - End of the program
--------------------------------------------------------------
2023-03-25 11:22:43 - App - INFO - Launching...
2023-03-25 11:22:43 - PIL.PngImagePlugin - DEBUG - STREAM b'IHDR' 16 13
2023-03-25 11:22:43 - PIL.PngImagePlugin - DEBUG - STREAM b'IDAT' 41 32768
2023-03-25 11:22:44 - googleapiclient.discovery_cache - INFO - file_cache is only supported with oauth2client<4.0.0
2023-03-25 11:22:44 - googleapiclient.discovery - DEBUG - URL being requested: GET https://www.googleapis.com/drive/v3/files?spaces=appDataFolder&fields=nextPageToken%2C+files%28id%2C+name%29&pageSize=10&alt=json
2023-03-25 11:22:46 - googleapiclient.discovery - DEBUG - URL being requested: GET https://www.googleapis.com/drive/v3/files/1A7jERsQWFuthP96y0f9hTHwVzAAVrqBtw7ikNzcWpHJON7XB6w?alt=media
2023-03-25 11:22:53 - App - INFO - (Main menu)
2023-03-25 11:22:53 - App - INFO - (Credits menu)
2023-03-25 11:22:53 - App - INFO - Switched to settings menu
2023-03-25 11:22:53 - App - INFO - Switched to cards menu
2023-03-25 11:22:53 - App - INFO - (Cards description window)
2023-03-25 11:25:27 - googleapiclient.discovery - DEBUG - URL being requested: PATCH https://www.googleapis.com/upload/drive/v3/files/1A7jERsQWFuthP96y0f9hTHwVzAAVrqBtw7ikNzcWpHJON7XB6w?alt=json&uploadType=resumable
2023-03-25 11:25:29 - App - INFO - End of the program
--------------------------------------------------------------
2023-03-25 11:26:21 - App - INFO - Launching...
2023-03-25 11:26:21 - PIL.PngImagePlugin - DEBUG - STREAM b'IHDR' 16 13
2023-03-25 11:26:21 - PIL.PngImagePlugin - DEBUG - STREAM b'IDAT' 41 32768
2023-03-25 11:26:22 - googleapiclient.discovery_cache - INFO - file_cache is only supported with oauth2client<4.0.0
2023-03-25 11:26:22 - googleapiclient.discovery - DEBUG - URL being requested: GET https://www.googleapis.com/drive/v3/files?spaces=appDataFolder&fields=nextPageToken%2C+files%28id%2C+name%29&pageSize=10&alt=json
2023-03-25 11:26:23 - googleapiclient.discovery - DEBUG - URL being requested: GET https://www.googleapis.com/drive/v3/files/1A7jERsQWFuthP96y0f9hTHwVzAAVrqBtw7ikNzcWpHJON7XB6w?alt=media
2023-03-25 11:26:30 - App - INFO - (Main menu)
2023-03-25 11:26:30 - App - INFO - (Credits menu)
2023-03-25 11:26:30 - App - INFO - Switched to settings menu
2023-03-25 11:26:30 - App - INFO - Switched to cards menu
2023-03-25 11:26:31 - App - INFO - (Cards description window)
2023-03-25 11:27:22 - googleapiclient.discovery - DEBUG - URL being requested: PATCH https://www.googleapis.com/upload/drive/v3/files/1A7jERsQWFuthP96y0f9hTHwVzAAVrqBtw7ikNzcWpHJON7XB6w?alt=json&uploadType=resumable
2023-03-25 11:27:23 - App - INFO - End of the program
--------------------------------------------------------------
2023-03-25 11:35:13 - App - INFO - Launching...
2023-03-25 11:35:13 - PIL.PngImagePlugin - DEBUG - STREAM b'IHDR' 16 13
2023-03-25 11:35:13 - PIL.PngImagePlugin - DEBUG - STREAM b'IDAT' 41 32768
2023-03-25 11:35:14 - googleapiclient.discovery_cache - INFO - file_cache is only supported with oauth2client<4.0.0
2023-03-25 11:35:14 - googleapiclient.discovery - DEBUG - URL being requested: GET https://www.googleapis.com/drive/v3/files?spaces=appDataFolder&fields=nextPageToken%2C+files%28id%2C+name%29&pageSize=10&alt=json
2023-03-25 11:35:15 - googleapiclient.discovery - DEBUG - URL being requested: GET https://www.googleapis.com/drive/v3/files/1A7jERsQWFuthP96y0f9hTHwVzAAVrqBtw7ikNzcWpHJON7XB6w?alt=media
2023-03-25 11:35:22 - App - INFO - (Main menu)
2023-03-25 11:35:22 - App - INFO - (Credits menu)
2023-03-25 11:35:22 - App - INFO - Switched to settings menu
2023-03-25 11:35:22 - App - INFO - Switched to cards menu
2023-03-25 11:35:23 - App - INFO - (Cards description window)
2023-03-25 11:35:30 - googleapiclient.discovery - DEBUG - URL being requested: PATCH https://www.googleapis.com/upload/drive/v3/files/1A7jERsQWFuthP96y0f9hTHwVzAAVrqBtw7ikNzcWpHJON7XB6w?alt=json&uploadType=resumable
2023-03-25 11:35:32 - App - INFO - End of the program
--------------------------------------------------------------
2023-03-25 11:36:10 - App - INFO - Launching...
2023-03-25 11:36:10 - PIL.PngImagePlugin - DEBUG - STREAM b'IHDR' 16 13
2023-03-25 11:36:10 - PIL.PngImagePlugin - DEBUG - STREAM b'IDAT' 41 32768
2023-03-25 11:36:11 - googleapiclient.discovery_cache - INFO - file_cache is only supported with oauth2client<4.0.0
2023-03-25 11:36:11 - googleapiclient.discovery - DEBUG - URL being requested: GET https://www.googleapis.com/drive/v3/files?spaces=appDataFolder&fields=nextPageToken%2C+files%28id%2C+name%29&pageSize=10&alt=json
2023-03-25 11:36:12 - googleapiclient.discovery - DEBUG - URL being requested: GET https://www.googleapis.com/drive/v3/files/1A7jERsQWFuthP96y0f9hTHwVzAAVrqBtw7ikNzcWpHJON7XB6w?alt=media
2023-03-25 11:36:19 - App - INFO - (Main menu)
2023-03-25 11:36:19 - App - INFO - (Credits menu)
2023-03-25 11:36:19 - App - INFO - Switched to settings menu
2023-03-25 11:36:19 - App - INFO - Switched to cards menu
2023-03-25 11:36:19 - App - INFO - (Cards description window)
2023-03-25 11:36:30 - googleapiclient.discovery - DEBUG - URL being requested: PATCH https://www.googleapis.com/upload/drive/v3/files/1A7jERsQWFuthP96y0f9hTHwVzAAVrqBtw7ikNzcWpHJON7XB6w?alt=json&uploadType=resumable
2023-03-25 11:36:31 - App - INFO - End of the program
--------------------------------------------------------------
2023-03-25 12:17:54 - App - INFO - Launching...
2023-03-25 12:17:54 - PIL.PngImagePlugin - DEBUG - STREAM b'IHDR' 16 13
2023-03-25 12:17:54 - PIL.PngImagePlugin - DEBUG - STREAM b'IDAT' 41 32768
2023-03-25 12:17:55 - google.auth.transport.requests - DEBUG - Making request: POST https://oauth2.googleapis.com/token
2023-03-25 12:17:55 - urllib3.connectionpool - DEBUG - Starting new HTTPS connection (1): oauth2.googleapis.com:443
2023-03-25 12:17:55 - urllib3.connectionpool - DEBUG - https://oauth2.googleapis.com:443 "POST /token HTTP/1.1" 200 None
2023-03-25 12:17:55 - googleapiclient.discovery_cache - INFO - file_cache is only supported with oauth2client<4.0.0
2023-03-25 12:17:55 - googleapiclient.discovery - DEBUG - URL being requested: GET https://www.googleapis.com/drive/v3/files?spaces=appDataFolder&fields=nextPageToken%2C+files%28id%2C+name%29&pageSize=10&alt=json
2023-03-25 12:17:56 - googleapiclient.discovery - DEBUG - URL being requested: GET https://www.googleapis.com/drive/v3/files/1A7jERsQWFuthP96y0f9hTHwVzAAVrqBtw7ikNzcWpHJON7XB6w?alt=media
2023-03-25 12:18:03 - App - INFO - (Main menu)
2023-03-25 12:18:03 - App - INFO - (Credits menu)
2023-03-25 12:18:03 - App - INFO - Switched to settings menu
2023-03-25 12:18:03 - App - INFO - Switched to cards menu
2023-03-25 12:18:03 - App - INFO - (Cards description window)
2023-03-25 12:18:12 - googleapiclient.discovery - DEBUG - URL being requested: PATCH https://www.googleapis.com/upload/drive/v3/files/1A7jERsQWFuthP96y0f9hTHwVzAAVrqBtw7ikNzcWpHJON7XB6w?alt=json&uploadType=resumable
2023-03-25 12:18:14 - App - INFO - End of the program
--------------------------------------------------------------
2023-03-25 12:20:15 - App - INFO - Launching...
2023-03-25 12:20:15 - PIL.PngImagePlugin - DEBUG - STREAM b'IHDR' 16 13
2023-03-25 12:20:15 - PIL.PngImagePlugin - DEBUG - STREAM b'IDAT' 41 32768
2023-03-25 12:20:17 - googleapiclient.discovery_cache - INFO - file_cache is only supported with oauth2client<4.0.0
2023-03-25 12:20:17 - googleapiclient.discovery - DEBUG - URL being requested: GET https://www.googleapis.com/drive/v3/files?spaces=appDataFolder&fields=nextPageToken%2C+files%28id%2C+name%29&pageSize=10&alt=json
2023-03-25 12:20:17 - googleapiclient.discovery - DEBUG - URL being requested: GET https://www.googleapis.com/drive/v3/files/1A7jERsQWFuthP96y0f9hTHwVzAAVrqBtw7ikNzcWpHJON7XB6w?alt=media
2023-03-25 12:20:24 - App - INFO - (Main menu)
2023-03-25 12:20:25 - App - INFO - (Credits menu)
2023-03-25 12:20:25 - App - INFO - Switched to settings menu
2023-03-25 12:20:25 - App - INFO - Switched to cards menu
2023-03-25 12:20:25 - App - INFO - (Cards description window)
2023-03-25 12:20:42 - googleapiclient.discovery - DEBUG - URL being requested: PATCH https://www.googleapis.com/upload/drive/v3/files/1A7jERsQWFuthP96y0f9hTHwVzAAVrqBtw7ikNzcWpHJON7XB6w?alt=json&uploadType=resumable
2023-03-25 12:20:44 - App - INFO - End of the program
--------------------------------------------------------------
2023-03-25 12:22:02 - App - INFO - Launching...
2023-03-25 12:22:02 - PIL.PngImagePlugin - DEBUG - STREAM b'IHDR' 16 13
2023-03-25 12:22:02 - PIL.PngImagePlugin - DEBUG - STREAM b'IDAT' 41 32768
2023-03-25 12:22:03 - googleapiclient.discovery_cache - INFO - file_cache is only supported with oauth2client<4.0.0
2023-03-25 12:22:03 - googleapiclient.discovery - DEBUG - URL being requested: GET https://www.googleapis.com/drive/v3/files?spaces=appDataFolder&fields=nextPageToken%2C+files%28id%2C+name%29&pageSize=10&alt=json
2023-03-25 12:22:04 - googleapiclient.discovery - DEBUG - URL being requested: GET https://www.googleapis.com/drive/v3/files/1A7jERsQWFuthP96y0f9hTHwVzAAVrqBtw7ikNzcWpHJON7XB6w?alt=media
2023-03-25 12:22:11 - App - INFO - (Main menu)
2023-03-25 12:22:11 - App - INFO - (Credits menu)
2023-03-25 12:22:11 - App - INFO - Switched to settings menu
2023-03-25 12:22:11 - App - INFO - Switched to cards menu
2023-03-25 12:22:11 - App - INFO - (Cards description window)
2023-03-25 12:22:41 - googleapiclient.discovery - DEBUG - URL being requested: PATCH https://www.googleapis.com/upload/drive/v3/files/1A7jERsQWFuthP96y0f9hTHwVzAAVrqBtw7ikNzcWpHJON7XB6w?alt=json&uploadType=resumable
2023-03-25 12:22:42 - App - INFO - End of the program
--------------------------------------------------------------
2023-03-25 12:23:03 - App - INFO - Launching...
2023-03-25 12:23:03 - PIL.PngImagePlugin - DEBUG - STREAM b'IHDR' 16 13
2023-03-25 12:23:03 - PIL.PngImagePlugin - DEBUG - STREAM b'IDAT' 41 32768
2023-03-25 12:23:04 - googleapiclient.discovery_cache - INFO - file_cache is only supported with oauth2client<4.0.0
2023-03-25 12:23:04 - googleapiclient.discovery - DEBUG - URL being requested: GET https://www.googleapis.com/drive/v3/files?spaces=appDataFolder&fields=nextPageToken%2C+files%28id%2C+name%29&pageSize=10&alt=json
2023-03-25 12:23:05 - googleapiclient.discovery - DEBUG - URL being requested: GET https://www.googleapis.com/drive/v3/files/1A7jERsQWFuthP96y0f9hTHwVzAAVrqBtw7ikNzcWpHJON7XB6w?alt=media
2023-03-25 12:23:12 - App - INFO - (Main menu)
2023-03-25 12:23:12 - App - INFO - (Credits menu)
2023-03-25 12:23:12 - App - INFO - Switched to settings menu
2023-03-25 12:23:12 - App - INFO - Switched to cards menu
2023-03-25 12:23:12 - App - INFO - (Cards description window)
2023-03-25 12:23:23 - googleapiclient.discovery - DEBUG - URL being requested: PATCH https://www.googleapis.com/upload/drive/v3/files/1A7jERsQWFuthP96y0f9hTHwVzAAVrqBtw7ikNzcWpHJON7XB6w?alt=json&uploadType=resumable
2023-03-25 12:23:24 - App - INFO - End of the program
--------------------------------------------------------------
2023-03-25 12:24:49 - App - INFO - Launching...
2023-03-25 12:24:49 - PIL.PngImagePlugin - DEBUG - STREAM b'IHDR' 16 13
2023-03-25 12:24:49 - PIL.PngImagePlugin - DEBUG - STREAM b'IDAT' 41 32768
2023-03-25 12:24:50 - googleapiclient.discovery_cache - INFO - file_cache is only supported with oauth2client<4.0.0
2023-03-25 12:24:50 - googleapiclient.discovery - DEBUG - URL being requested: GET https://www.googleapis.com/drive/v3/files?spaces=appDataFolder&fields=nextPageToken%2C+files%28id%2C+name%29&pageSize=10&alt=json
2023-03-25 12:24:51 - googleapiclient.discovery - DEBUG - URL being requested: GET https://www.googleapis.com/drive/v3/files/1A7jERsQWFuthP96y0f9hTHwVzAAVrqBtw7ikNzcWpHJON7XB6w?alt=media
2023-03-25 12:24:58 - App - INFO - (Main menu)
2023-03-25 12:24:58 - App - INFO - (Credits menu)
2023-03-25 12:24:58 - App - INFO - Switched to settings menu
2023-03-25 12:24:58 - App - INFO - Switched to cards menu
2023-03-25 12:24:59 - App - INFO - (Cards description window)
2023-03-25 12:25:13 - googleapiclient.discovery - DEBUG - URL being requested: PATCH https://www.googleapis.com/upload/drive/v3/files/1A7jERsQWFuthP96y0f9hTHwVzAAVrqBtw7ikNzcWpHJON7XB6w?alt=json&uploadType=resumable
2023-03-25 12:25:15 - App - INFO - End of the program
--------------------------------------------------------------
2023-03-25 12:25:39 - App - INFO - Launching...
2023-03-25 12:25:39 - PIL.PngImagePlugin - DEBUG - STREAM b'IHDR' 16 13
2023-03-25 12:25:39 - PIL.PngImagePlugin - DEBUG - STREAM b'IDAT' 41 32768
2023-03-25 12:25:41 - googleapiclient.discovery_cache - INFO - file_cache is only supported with oauth2client<4.0.0
2023-03-25 12:25:41 - googleapiclient.discovery - DEBUG - URL being requested: GET https://www.googleapis.com/drive/v3/files?spaces=appDataFolder&fields=nextPageToken%2C+files%28id%2C+name%29&pageSize=10&alt=json
2023-03-25 12:25:41 - googleapiclient.discovery - DEBUG - URL being requested: GET https://www.googleapis.com/drive/v3/files/1A7jERsQWFuthP96y0f9hTHwVzAAVrqBtw7ikNzcWpHJON7XB6w?alt=media
2023-03-25 12:25:48 - App - INFO - (Main menu)
2023-03-25 12:25:48 - App - INFO - (Credits menu)
2023-03-25 12:25:48 - App - INFO - Switched to settings menu
2023-03-25 12:25:48 - App - INFO - Switched to cards menu
2023-03-25 12:25:49 - App - INFO - (Cards description window)
2023-03-25 12:26:28 - googleapiclient.discovery - DEBUG - URL being requested: PATCH https://www.googleapis.com/upload/drive/v3/files/1A7jERsQWFuthP96y0f9hTHwVzAAVrqBtw7ikNzcWpHJON7XB6w?alt=json&uploadType=resumable
2023-03-25 12:26:29 - App - INFO - End of the program
--------------------------------------------------------------
2023-03-25 12:32:19 - App - INFO - Launching...
2023-03-25 12:32:20 - PIL.PngImagePlugin - DEBUG - STREAM b'IHDR' 16 13
2023-03-25 12:32:20 - PIL.PngImagePlugin - DEBUG - STREAM b'IDAT' 41 32768
2023-03-25 12:32:21 - googleapiclient.discovery_cache - INFO - file_cache is only supported with oauth2client<4.0.0
2023-03-25 12:32:21 - googleapiclient.discovery - DEBUG - URL being requested: GET https://www.googleapis.com/drive/v3/files?spaces=appDataFolder&fields=nextPageToken%2C+files%28id%2C+name%29&pageSize=10&alt=json
2023-03-25 12:32:21 - googleapiclient.discovery - DEBUG - URL being requested: GET https://www.googleapis.com/drive/v3/files/1A7jERsQWFuthP96y0f9hTHwVzAAVrqBtw7ikNzcWpHJON7XB6w?alt=media
2023-03-25 12:32:28 - App - INFO - (Main menu)
2023-03-25 12:32:28 - App - INFO - (Credits menu)
2023-03-25 12:32:28 - App - INFO - Switched to settings menu
2023-03-25 12:32:28 - App - INFO - Switched to cards menu
2023-03-25 12:32:29 - App - INFO - (Cards description window)
2023-03-25 12:32:51 - googleapiclient.discovery - DEBUG - URL being requested: PATCH https://www.googleapis.com/upload/drive/v3/files/1A7jERsQWFuthP96y0f9hTHwVzAAVrqBtw7ikNzcWpHJON7XB6w?alt=json&uploadType=resumable
2023-03-25 12:32:53 - App - INFO - End of the program
--------------------------------------------------------------
2023-03-25 12:32:57 - App - INFO - Launching...
2023-03-25 12:32:57 - PIL.PngImagePlugin - DEBUG - STREAM b'IHDR' 16 13
2023-03-25 12:32:57 - PIL.PngImagePlugin - DEBUG - STREAM b'IDAT' 41 32768
2023-03-25 12:32:58 - googleapiclient.discovery_cache - INFO - file_cache is only supported with oauth2client<4.0.0
2023-03-25 12:32:58 - googleapiclient.discovery - DEBUG - URL being requested: GET https://www.googleapis.com/drive/v3/files?spaces=appDataFolder&fields=nextPageToken%2C+files%28id%2C+name%29&pageSize=10&alt=json
2023-03-25 12:32:59 - googleapiclient.discovery - DEBUG - URL being requested: GET https://www.googleapis.com/drive/v3/files/1A7jERsQWFuthP96y0f9hTHwVzAAVrqBtw7ikNzcWpHJON7XB6w?alt=media
2023-03-25 12:33:06 - App - INFO - (Main menu)
2023-03-25 12:33:06 - App - INFO - (Credits menu)
2023-03-25 12:33:06 - App - INFO - Switched to settings menu
2023-03-25 12:33:06 - App - INFO - Switched to cards menu
2023-03-25 12:33:07 - App - INFO - (Cards description window)
2023-03-25 12:33:08 - googleapiclient.discovery - DEBUG - URL being requested: PATCH https://www.googleapis.com/upload/drive/v3/files/1A7jERsQWFuthP96y0f9hTHwVzAAVrqBtw7ikNzcWpHJON7XB6w?alt=json&uploadType=resumable
2023-03-25 12:33:10 - App - INFO - End of the program
--------------------------------------------------------------
2023-03-25 12:34:14 - App - INFO - Launching...
2023-03-25 12:34:14 - PIL.PngImagePlugin - DEBUG - STREAM b'IHDR' 16 13
2023-03-25 12:34:14 - PIL.PngImagePlugin - DEBUG - STREAM b'IDAT' 41 32768
2023-03-25 12:34:15 - googleapiclient.discovery_cache - INFO - file_cache is only supported with oauth2client<4.0.0
2023-03-25 12:34:15 - googleapiclient.discovery - DEBUG - URL being requested: GET https://www.googleapis.com/drive/v3/files?spaces=appDataFolder&fields=nextPageToken%2C+files%28id%2C+name%29&pageSize=10&alt=json
2023-03-25 12:34:16 - googleapiclient.discovery - DEBUG - URL being requested: GET https://www.googleapis.com/drive/v3/files/1A7jERsQWFuthP96y0f9hTHwVzAAVrqBtw7ikNzcWpHJON7XB6w?alt=media
2023-03-25 12:34:23 - App - INFO - (Main menu)
2023-03-25 12:34:23 - App - INFO - (Credits menu)
2023-03-25 12:34:23 - App - INFO - Switched to settings menu
2023-03-25 12:34:23 - App - INFO - Switched to cards menu
2023-03-25 12:34:23 - App - INFO - (Cards description window)
2023-03-25 12:35:03 - googleapiclient.discovery - DEBUG - URL being requested: PATCH https://www.googleapis.com/upload/drive/v3/files/1A7jERsQWFuthP96y0f9hTHwVzAAVrqBtw7ikNzcWpHJON7XB6w?alt=json&uploadType=resumable
2023-03-25 12:35:05 - App - INFO - End of the program
--------------------------------------------------------------
2023-03-25 12:37:41 - App - INFO - Launching...
2023-03-25 12:37:41 - PIL.PngImagePlugin - DEBUG - STREAM b'IHDR' 16 13
2023-03-25 12:37:41 - PIL.PngImagePlugin - DEBUG - STREAM b'IDAT' 41 32768
2023-03-25 12:37:42 - googleapiclient.discovery_cache - INFO - file_cache is only supported with oauth2client<4.0.0
2023-03-25 12:37:42 - googleapiclient.discovery - DEBUG - URL being requested: GET https://www.googleapis.com/drive/v3/files?spaces=appDataFolder&fields=nextPageToken%2C+files%28id%2C+name%29&pageSize=10&alt=json
2023-03-25 12:37:43 - googleapiclient.discovery - DEBUG - URL being requested: GET https://www.googleapis.com/drive/v3/files/1A7jERsQWFuthP96y0f9hTHwVzAAVrqBtw7ikNzcWpHJON7XB6w?alt=media
2023-03-25 12:37:50 - App - INFO - (Main menu)
2023-03-25 12:37:50 - App - INFO - (Credits menu)
2023-03-25 12:37:50 - App - INFO - Switched to settings menu
2023-03-25 12:37:50 - App - INFO - Switched to cards menu
2023-03-25 12:37:50 - App - INFO - (Cards description window)
2023-03-25 12:38:04 - googleapiclient.discovery - DEBUG - URL being requested: PATCH https://www.googleapis.com/upload/drive/v3/files/1A7jERsQWFuthP96y0f9hTHwVzAAVrqBtw7ikNzcWpHJON7XB6w?alt=json&uploadType=resumable
2023-03-25 12:38:05 - App - INFO - End of the program
--------------------------------------------------------------
2023-03-25 12:38:33 - App - INFO - Launching...
2023-03-25 12:38:33 - PIL.PngImagePlugin - DEBUG - STREAM b'IHDR' 16 13
2023-03-25 12:38:33 - PIL.PngImagePlugin - DEBUG - STREAM b'IDAT' 41 32768
2023-03-25 12:38:35 - googleapiclient.discovery_cache - INFO - file_cache is only supported with oauth2client<4.0.0
2023-03-25 12:38:35 - googleapiclient.discovery - DEBUG - URL being requested: GET https://www.googleapis.com/drive/v3/files?spaces=appDataFolder&fields=nextPageToken%2C+files%28id%2C+name%29&pageSize=10&alt=json
2023-03-25 12:38:35 - googleapiclient.discovery - DEBUG - URL being requested: GET https://www.googleapis.com/drive/v3/files/1A7jERsQWFuthP96y0f9hTHwVzAAVrqBtw7ikNzcWpHJON7XB6w?alt=media
2023-03-25 12:38:43 - App - INFO - (Main menu)
2023-03-25 12:38:43 - App - INFO - (Credits menu)
2023-03-25 12:38:43 - App - INFO - Switched to settings menu
2023-03-25 12:38:43 - App - INFO - Switched to cards menu
2023-03-25 12:38:43 - App - INFO - (Cards description window)
2023-03-25 12:38:58 - googleapiclient.discovery - DEBUG - URL being requested: PATCH https://www.googleapis.com/upload/drive/v3/files/1A7jERsQWFuthP96y0f9hTHwVzAAVrqBtw7ikNzcWpHJON7XB6w?alt=json&uploadType=resumable
2023-03-25 12:38:59 - App - INFO - End of the program
--------------------------------------------------------------
2023-03-25 12:56:10 - App - INFO - Launching...
2023-03-25 12:56:10 - PIL.PngImagePlugin - DEBUG - STREAM b'IHDR' 16 13
2023-03-25 12:56:10 - PIL.PngImagePlugin - DEBUG - STREAM b'IDAT' 41 32768
2023-03-25 12:56:11 - googleapiclient.discovery_cache - INFO - file_cache is only supported with oauth2client<4.0.0
2023-03-25 12:56:11 - googleapiclient.discovery - DEBUG - URL being requested: GET https://www.googleapis.com/drive/v3/files?spaces=appDataFolder&fields=nextPageToken%2C+files%28id%2C+name%29&pageSize=10&alt=json
2023-03-25 12:56:12 - googleapiclient.discovery - DEBUG - URL being requested: GET https://www.googleapis.com/drive/v3/files/1A7jERsQWFuthP96y0f9hTHwVzAAVrqBtw7ikNzcWpHJON7XB6w?alt=media
2023-03-25 12:56:19 - App - INFO - (Main menu)
2023-03-25 12:56:20 - PIL.PngImagePlugin - DEBUG - STREAM b'IHDR' 16 13
2023-03-25 12:56:20 - PIL.PngImagePlugin - DEBUG - STREAM b'iCCP' 41 389
2023-03-25 12:56:20 - PIL.PngImagePlugin - DEBUG - iCCP profile name b'ICC profile'
2023-03-25 12:56:20 - PIL.PngImagePlugin - DEBUG - Compression method 0
2023-03-25 12:56:20 - PIL.PngImagePlugin - DEBUG - STREAM b'bKGD' 442 6
2023-03-25 12:56:20 - PIL.PngImagePlugin - DEBUG - b'bKGD' 442 6 (unknown)
2023-03-25 12:56:20 - PIL.PngImagePlugin - DEBUG - STREAM b'pHYs' 460 9
2023-03-25 12:56:20 - PIL.PngImagePlugin - DEBUG - STREAM b'tIME' 481 7
2023-03-25 12:56:20 - PIL.PngImagePlugin - DEBUG - b'tIME' 481 7 (unknown)
2023-03-25 12:56:20 - PIL.PngImagePlugin - DEBUG - STREAM b'IDAT' 500 5379
2023-03-25 12:56:20 - App - INFO - (Credits menu)
2023-03-25 12:56:20 - App - INFO - Switched to settings menu
2023-03-25 12:56:20 - App - INFO - Switched to cards menu
2023-03-25 12:56:20 - App - INFO - (Cards description window)
2023-03-25 12:56:35 - googleapiclient.discovery - DEBUG - URL being requested: PATCH https://www.googleapis.com/upload/drive/v3/files/1A7jERsQWFuthP96y0f9hTHwVzAAVrqBtw7ikNzcWpHJON7XB6w?alt=json&uploadType=resumable
2023-03-25 12:56:36 - App - INFO - End of the program
--------------------------------------------------------------
2023-03-25 12:58:11 - App - INFO - Launching...
2023-03-25 12:58:12 - PIL.PngImagePlugin - DEBUG - STREAM b'IHDR' 16 13
2023-03-25 12:58:12 - PIL.PngImagePlugin - DEBUG - STREAM b'IDAT' 41 32768
2023-03-25 12:58:13 - googleapiclient.discovery_cache - INFO - file_cache is only supported with oauth2client<4.0.0
2023-03-25 12:58:13 - googleapiclient.discovery - DEBUG - URL being requested: GET https://www.googleapis.com/drive/v3/files?spaces=appDataFolder&fields=nextPageToken%2C+files%28id%2C+name%29&pageSize=10&alt=json
2023-03-25 12:58:13 - googleapiclient.discovery - DEBUG - URL being requested: GET https://www.googleapis.com/drive/v3/files/1A7jERsQWFuthP96y0f9hTHwVzAAVrqBtw7ikNzcWpHJON7XB6w?alt=media
2023-03-25 12:58:21 - App - INFO - (Main menu)
2023-03-25 12:58:21 - PIL.PngImagePlugin - DEBUG - STREAM b'IHDR' 16 13
2023-03-25 12:58:21 - PIL.PngImagePlugin - DEBUG - STREAM b'iCCP' 41 389
2023-03-25 12:58:21 - PIL.PngImagePlugin - DEBUG - iCCP profile name b'ICC profile'
2023-03-25 12:58:21 - PIL.PngImagePlugin - DEBUG - Compression method 0
2023-03-25 12:58:21 - PIL.PngImagePlugin - DEBUG - STREAM b'bKGD' 442 6
2023-03-25 12:58:21 - PIL.PngImagePlugin - DEBUG - b'bKGD' 442 6 (unknown)
2023-03-25 12:58:21 - PIL.PngImagePlugin - DEBUG - STREAM b'pHYs' 460 9
2023-03-25 12:58:21 - PIL.PngImagePlugin - DEBUG - STREAM b'tIME' 481 7
2023-03-25 12:58:21 - PIL.PngImagePlugin - DEBUG - b'tIME' 481 7 (unknown)
2023-03-25 12:58:21 - PIL.PngImagePlugin - DEBUG - STREAM b'IDAT' 500 5379
2023-03-25 12:58:21 - App - INFO - (Credits menu)
2023-03-25 12:58:21 - App - INFO - Switched to settings menu
2023-03-25 12:58:21 - App - INFO - Switched to cards menu
2023-03-25 12:58:21 - App - INFO - (Cards description window)
2023-03-25 12:58:28 - googleapiclient.discovery - DEBUG - URL being requested: PATCH https://www.googleapis.com/upload/drive/v3/files/1A7jERsQWFuthP96y0f9hTHwVzAAVrqBtw7ikNzcWpHJON7XB6w?alt=json&uploadType=resumable
2023-03-25 12:58:30 - App - INFO - End of the program
--------------------------------------------------------------
2023-03-25 12:59:06 - App - INFO - Launching...
2023-03-25 12:59:06 - PIL.PngImagePlugin - DEBUG - STREAM b'IHDR' 16 13
2023-03-25 12:59:06 - PIL.PngImagePlugin - DEBUG - STREAM b'IDAT' 41 32768
2023-03-25 12:59:07 - googleapiclient.discovery_cache - INFO - file_cache is only supported with oauth2client<4.0.0
2023-03-25 12:59:07 - googleapiclient.discovery - DEBUG - URL being requested: GET https://www.googleapis.com/drive/v3/files?spaces=appDataFolder&fields=nextPageToken%2C+files%28id%2C+name%29&pageSize=10&alt=json
2023-03-25 12:59:08 - googleapiclient.discovery - DEBUG - URL being requested: GET https://www.googleapis.com/drive/v3/files/1A7jERsQWFuthP96y0f9hTHwVzAAVrqBtw7ikNzcWpHJON7XB6w?alt=media
2023-03-25 12:59:15 - App - INFO - (Main menu)
2023-03-25 12:59:15 - PIL.PngImagePlugin - DEBUG - STREAM b'IHDR' 16 13
2023-03-25 12:59:15 - PIL.PngImagePlugin - DEBUG - STREAM b'iCCP' 41 389
2023-03-25 12:59:15 - PIL.PngImagePlugin - DEBUG - iCCP profile name b'ICC profile'
2023-03-25 12:59:15 - PIL.PngImagePlugin - DEBUG - Compression method 0
2023-03-25 12:59:15 - PIL.PngImagePlugin - DEBUG - STREAM b'bKGD' 442 6
2023-03-25 12:59:15 - PIL.PngImagePlugin - DEBUG - b'bKGD' 442 6 (unknown)
2023-03-25 12:59:15 - PIL.PngImagePlugin - DEBUG - STREAM b'pHYs' 460 9
2023-03-25 12:59:15 - PIL.PngImagePlugin - DEBUG - STREAM b'tIME' 481 7
2023-03-25 12:59:15 - PIL.PngImagePlugin - DEBUG - b'tIME' 481 7 (unknown)
2023-03-25 12:59:15 - PIL.PngImagePlugin - DEBUG - STREAM b'IDAT' 500 5379
2023-03-25 12:59:15 - App - INFO - (Credits menu)
2023-03-25 12:59:15 - App - INFO - Switched to settings menu
2023-03-25 12:59:15 - App - INFO - Switched to cards menu
2023-03-25 12:59:15 - App - INFO - (Cards description window)
2023-03-25 12:59:32 - googleapiclient.discovery - DEBUG - URL being requested: PATCH https://www.googleapis.com/upload/drive/v3/files/1A7jERsQWFuthP96y0f9hTHwVzAAVrqBtw7ikNzcWpHJON7XB6w?alt=json&uploadType=resumable
2023-03-25 12:59:33 - App - INFO - End of the program
--------------------------------------------------------------
2023-03-25 01:00:23 - App - INFO - Launching...
2023-03-25 01:00:23 - PIL.PngImagePlugin - DEBUG - STREAM b'IHDR' 16 13
2023-03-25 01:00:23 - PIL.PngImagePlugin - DEBUG - STREAM b'IDAT' 41 32768
2023-03-25 01:00:25 - googleapiclient.discovery_cache - INFO - file_cache is only supported with oauth2client<4.0.0
2023-03-25 01:00:25 - googleapiclient.discovery - DEBUG - URL being requested: GET https://www.googleapis.com/drive/v3/files?spaces=appDataFolder&fields=nextPageToken%2C+files%28id%2C+name%29&pageSize=10&alt=json
2023-03-25 01:00:25 - googleapiclient.discovery - DEBUG - URL being requested: GET https://www.googleapis.com/drive/v3/files/1A7jERsQWFuthP96y0f9hTHwVzAAVrqBtw7ikNzcWpHJON7XB6w?alt=media
2023-03-25 01:00:33 - App - INFO - (Main menu)
2023-03-25 01:00:33 - PIL.PngImagePlugin - DEBUG - STREAM b'IHDR' 16 13
2023-03-25 01:00:33 - PIL.PngImagePlugin - DEBUG - STREAM b'iCCP' 41 389
2023-03-25 01:00:33 - PIL.PngImagePlugin - DEBUG - iCCP profile name b'ICC profile'
2023-03-25 01:00:33 - PIL.PngImagePlugin - DEBUG - Compression method 0
2023-03-25 01:00:33 - PIL.PngImagePlugin - DEBUG - STREAM b'bKGD' 442 6
2023-03-25 01:00:33 - PIL.PngImagePlugin - DEBUG - b'bKGD' 442 6 (unknown)
2023-03-25 01:00:33 - PIL.PngImagePlugin - DEBUG - STREAM b'pHYs' 460 9
2023-03-25 01:00:33 - PIL.PngImagePlugin - DEBUG - STREAM b'tIME' 481 7
2023-03-25 01:00:33 - PIL.PngImagePlugin - DEBUG - b'tIME' 481 7 (unknown)
2023-03-25 01:00:33 - PIL.PngImagePlugin - DEBUG - STREAM b'IDAT' 500 5379
2023-03-25 01:00:33 - App - INFO - (Credits menu)
2023-03-25 01:00:33 - App - INFO - Switched to settings menu
2023-03-25 01:00:33 - App - INFO - Switched to cards menu
2023-03-25 01:00:33 - App - INFO - (Cards description window)
2023-03-25 01:00:41 - googleapiclient.discovery - DEBUG - URL being requested: PATCH https://www.googleapis.com/upload/drive/v3/files/1A7jERsQWFuthP96y0f9hTHwVzAAVrqBtw7ikNzcWpHJON7XB6w?alt=json&uploadType=resumable
2023-03-25 01:00:42 - App - INFO - End of the program
--------------------------------------------------------------
