2023-03-30 02:55:49 - App - INFO - Launching...
2023-03-30 02:55:49 - PIL.PngImagePlugin - DEBUG - STREAM b'IHDR' 16 13
2023-03-30 02:55:49 - PIL.PngImagePlugin - DEBUG - STREAM b'IDAT' 41 32768
2023-03-30 02:55:51 - googleapiclient.discovery_cache - INFO - file_cache is only supported with oauth2client<4.0.0
2023-03-30 02:55:51 - googleapiclient.discovery - DEBUG - URL being requested: GET https://www.googleapis.com/drive/v3/files?spaces=appDataFolder&fields=nextPageToken%2C+files%28id%2C+name%29&pageSize=10&alt=json
2023-03-30 02:55:51 - googleapiclient.discovery - DEBUG - URL being requested: GET https://www.googleapis.com/drive/v3/files/1A7jERsQWFuthP96y0f9hTHwVzAAVrqBtw7ikNzcWpHJON7XB6w?alt=media
2023-03-30 02:56:04 - App - INFO - (Main menu)
2023-03-30 02:56:04 - PIL.PngImagePlugin - DEBUG - STREAM b'IHDR' 16 13
2023-03-30 02:56:04 - PIL.PngImagePlugin - DEBUG - STREAM b'gAMA' 41 4
2023-03-30 02:56:04 - PIL.PngImagePlugin - DEBUG - STREAM b'cHRM' 57 32
2023-03-30 02:56:04 - PIL.PngImagePlugin - DEBUG - STREAM b'bKGD' 101 6
2023-03-30 02:56:04 - PIL.PngImagePlugin - DEBUG - b'bKGD' 101 6 (unknown)
2023-03-30 02:56:04 - PIL.PngImagePlugin - DEBUG - STREAM b'pHYs' 119 9
2023-03-30 02:56:04 - PIL.PngImagePlugin - DEBUG - STREAM b'tIME' 140 7
2023-03-30 02:56:04 - PIL.PngImagePlugin - DEBUG - b'tIME' 140 7 (unknown)
2023-03-30 02:56:04 - PIL.PngImagePlugin - DEBUG - STREAM b'IDAT' 159 32768
2023-03-30 02:56:04 - PIL.PngImagePlugin - DEBUG - STREAM b'zTXt' 198547 46
2023-03-30 02:56:04 - PIL.PngImagePlugin - DEBUG - STREAM b'zTXt' 198605 44
2023-03-30 02:56:04 - PIL.PngImagePlugin - DEBUG - STREAM b'zTXt' 198661 34
2023-03-30 02:56:04 - PIL.PngImagePlugin - DEBUG - STREAM b'IHDR' 16 13
2023-03-30 02:56:04 - PIL.PngImagePlugin - DEBUG - STREAM b'zTXt' 41 6704
2023-03-30 02:56:04 - PIL.PngImagePlugin - DEBUG - STREAM b'iCCP' 6757 387
2023-03-30 02:56:04 - PIL.PngImagePlugin - DEBUG - iCCP profile name b'ICC profile'
2023-03-30 02:56:04 - PIL.PngImagePlugin - DEBUG - Compression method 0
2023-03-30 02:56:04 - PIL.PngImagePlugin - DEBUG - STREAM b'iTXt' 7156 3575
2023-03-30 02:56:04 - PIL.PngImagePlugin - DEBUG - STREAM b'gAMA' 10743 4
2023-03-30 02:56:04 - PIL.PngImagePlugin - DEBUG - STREAM b'PLTE' 10759 321
2023-03-30 02:56:04 - PIL.PngImagePlugin - DEBUG - STREAM b'tRNS' 11092 1
2023-03-30 02:56:04 - PIL.PngImagePlugin - DEBUG - STREAM b'pHYs' 11105 9
2023-03-30 02:56:04 - PIL.PngImagePlugin - DEBUG - STREAM b'tIME' 11126 7
2023-03-30 02:56:04 - PIL.PngImagePlugin - DEBUG - b'tIME' 11126 7 (unknown)
2023-03-30 02:56:04 - PIL.PngImagePlugin - DEBUG - STREAM b'IDAT' 11145 8192
2023-03-30 02:56:04 - App - INFO - (Credits menu)
2023-03-30 02:56:04 - App - INFO - Switched to settings menu
2023-03-30 02:56:04 - App - INFO - Switched to cards menu
2023-03-30 02:56:04 - App - INFO - (Cards description window)
2023-03-30 02:58:49 - googleapiclient.discovery - DEBUG - URL being requested: PATCH https://www.googleapis.com/upload/drive/v3/files/1A7jERsQWFuthP96y0f9hTHwVzAAVrqBtw7ikNzcWpHJON7XB6w?alt=json&uploadType=resumable
2023-03-30 02:58:51 - App - INFO - End of the program
